{ time: [34m12-03-2022 18:45:26[39m level: [31merror[39m message: uncaughtException: Unexpected token ','
C:\MOSH\NODEJS\project\middleware\error.js:4
  res.status(500).json({ "Something went wrong",status:false});
                                               ^

SyntaxError: Unexpected token ','
    at wrapSafe (internal/modules/cjs/loader.js:979:16)
    at Module._compile (internal/modules/cjs/loader.js:1027:27)
    at Object.Module._extensions..js (internal/modules/cjs/loader.js:1092:10)
    at Module.load (internal/modules/cjs/loader.js:928:32)
    at Function.Module._load (internal/modules/cjs/loader.js:769:14)
    at Module.require (internal/modules/cjs/loader.js:952:19)
    at require (internal/modules/cjs/helpers.js:88:18)
    at Object.<anonymous> (C:\MOSH\NODEJS\project\util\middleware&route.js:6:15)
    at Module._compile (internal/modules/cjs/loader.js:1063:30)
    at Object.Module._extensions..js (internal/modules/cjs/loader.js:1092:10) stack: C:\MOSH\NODEJS\project\middleware\error.js:4
  res.status(500).json({ "Something went wrong",status:false});
                                               ^

SyntaxError: Unexpected token ','
    at wrapSafe (internal/modules/cjs/loader.js:979:16)
    at Module._compile (internal/modules/cjs/loader.js:1027:27)
    at Object.Module._extensions..js (internal/modules/cjs/loader.js:1092:10)
    at Module.load (internal/modules/cjs/loader.js:928:32)
    at Function.Module._load (internal/modules/cjs/loader.js:769:14)
    at Module.require (internal/modules/cjs/loader.js:952:19)
    at require (internal/modules/cjs/helpers.js:88:18)
    at Object.<anonymous> (C:\MOSH\NODEJS\project\util\middleware&route.js:6:15)
    at Module._compile (internal/modules/cjs/loader.js:1063:30)
    at Object.Module._extensions..js (internal/modules/cjs/loader.js:1092:10) }
{ time: [34m12-03-2022 21:57:38[39m level: [31merror[39m message: uncaughtException: Unexpected end of input
C:\MOSH\NODEJS\project\controllers\admin.controller.js:9



SyntaxError: Unexpected end of input
    at wrapSafe (internal/modules/cjs/loader.js:979:16)
    at Module._compile (internal/modules/cjs/loader.js:1027:27)
    at Object.Module._extensions..js (internal/modules/cjs/loader.js:1092:10)
    at Module.load (internal/modules/cjs/loader.js:928:32)
    at Function.Module._load (internal/modules/cjs/loader.js:769:14)
    at Module.require (internal/modules/cjs/loader.js:952:19)
    at require (internal/modules/cjs/helpers.js:88:18)
    at Object.<anonymous> (C:\MOSH\NODEJS\project\routes\admin.route.js:3:18)
    at Module._compile (internal/modules/cjs/loader.js:1063:30)
    at Object.Module._extensions..js (internal/modules/cjs/loader.js:1092:10) stack: C:\MOSH\NODEJS\project\controllers\admin.controller.js:9



SyntaxError: Unexpected end of input
    at wrapSafe (internal/modules/cjs/loader.js:979:16)
    at Module._compile (internal/modules/cjs/loader.js:1027:27)
    at Object.Module._extensions..js (internal/modules/cjs/loader.js:1092:10)
    at Module.load (internal/modules/cjs/loader.js:928:32)
    at Function.Module._load (internal/modules/cjs/loader.js:769:14)
    at Module.require (internal/modules/cjs/loader.js:952:19)
    at require (internal/modules/cjs/helpers.js:88:18)
    at Object.<anonymous> (C:\MOSH\NODEJS\project\routes\admin.route.js:3:18)
    at Module._compile (internal/modules/cjs/loader.js:1063:30)
    at Object.Module._extensions..js (internal/modules/cjs/loader.js:1092:10) }
{ time: [34m12-03-2022 22:00:25[39m level: [31merror[39m message: uncaughtException: Unexpected token '.'
C:\MOSH\NODEJS\project\controllers\admin.controller.js:10
      .then((result) => {
      ^

SyntaxError: Unexpected token '.'
    at wrapSafe (internal/modules/cjs/loader.js:979:16)
    at Module._compile (internal/modules/cjs/loader.js:1027:27)
    at Object.Module._extensions..js (internal/modules/cjs/loader.js:1092:10)
    at Module.load (internal/modules/cjs/loader.js:928:32)
    at Function.Module._load (internal/modules/cjs/loader.js:769:14)
    at Module.require (internal/modules/cjs/loader.js:952:19)
    at require (internal/modules/cjs/helpers.js:88:18)
    at Object.<anonymous> (C:\MOSH\NODEJS\project\routes\admin.route.js:3:18)
    at Module._compile (internal/modules/cjs/loader.js:1063:30)
    at Object.Module._extensions..js (internal/modules/cjs/loader.js:1092:10) stack: C:\MOSH\NODEJS\project\controllers\admin.controller.js:10
      .then((result) => {
      ^

SyntaxError: Unexpected token '.'
    at wrapSafe (internal/modules/cjs/loader.js:979:16)
    at Module._compile (internal/modules/cjs/loader.js:1027:27)
    at Object.Module._extensions..js (internal/modules/cjs/loader.js:1092:10)
    at Module.load (internal/modules/cjs/loader.js:928:32)
    at Function.Module._load (internal/modules/cjs/loader.js:769:14)
    at Module.require (internal/modules/cjs/loader.js:952:19)
    at require (internal/modules/cjs/helpers.js:88:18)
    at Object.<anonymous> (C:\MOSH\NODEJS\project\routes\admin.route.js:3:18)
    at Module._compile (internal/modules/cjs/loader.js:1063:30)
    at Object.Module._extensions..js (internal/modules/cjs/loader.js:1092:10) }
{ time: [34m12-03-2022 22:19:03[39m level: [31merror[39m message: uncaughtException: db is not defined
ReferenceError: db is not defined
    at Object.<anonymous> (C:\MOSH\NODEJS\project\controllers\admin.controller.js:24:1)
    at Module._compile (internal/modules/cjs/loader.js:1063:30)
    at Object.Module._extensions..js (internal/modules/cjs/loader.js:1092:10)
    at Module.load (internal/modules/cjs/loader.js:928:32)
    at Function.Module._load (internal/modules/cjs/loader.js:769:14)
    at Module.require (internal/modules/cjs/loader.js:952:19)
    at require (internal/modules/cjs/helpers.js:88:18)
    at Object.<anonymous> (C:\MOSH\NODEJS\project\routes\admin.route.js:3:18)
    at Module._compile (internal/modules/cjs/loader.js:1063:30)
    at Object.Module._extensions..js (internal/modules/cjs/loader.js:1092:10) stack: ReferenceError: db is not defined
    at Object.<anonymous> (C:\MOSH\NODEJS\project\controllers\admin.controller.js:24:1)
    at Module._compile (internal/modules/cjs/loader.js:1063:30)
    at Object.Module._extensions..js (internal/modules/cjs/loader.js:1092:10)
    at Module.load (internal/modules/cjs/loader.js:928:32)
    at Function.Module._load (internal/modules/cjs/loader.js:769:14)
    at Module.require (internal/modules/cjs/loader.js:952:19)
    at require (internal/modules/cjs/helpers.js:88:18)
    at Object.<anonymous> (C:\MOSH\NODEJS\project\routes\admin.route.js:3:18)
    at Module._compile (internal/modules/cjs/loader.js:1063:30)
    at Object.Module._extensions..js (internal/modules/cjs/loader.js:1092:10) }
{ time: [34m13-03-2022 02:57:45[39m level: [31merror[39m message: uncaughtException: Unexpected end of input
C:\MOSH\NODEJS\project\controllers\admin.controller.js:126
  },
    

SyntaxError: Unexpected end of input
    at wrapSafe (internal/modules/cjs/loader.js:979:16)
    at Module._compile (internal/modules/cjs/loader.js:1027:27)
    at Object.Module._extensions..js (internal/modules/cjs/loader.js:1092:10)
    at Module.load (internal/modules/cjs/loader.js:928:32)
    at Function.Module._load (internal/modules/cjs/loader.js:769:14)
    at Module.require (internal/modules/cjs/loader.js:952:19)
    at require (internal/modules/cjs/helpers.js:88:18)
    at Object.<anonymous> (C:\MOSH\NODEJS\project\routes\admin.route.js:3:18)
    at Module._compile (internal/modules/cjs/loader.js:1063:30)
    at Object.Module._extensions..js (internal/modules/cjs/loader.js:1092:10) stack: C:\MOSH\NODEJS\project\controllers\admin.controller.js:126
  },
    

SyntaxError: Unexpected end of input
    at wrapSafe (internal/modules/cjs/loader.js:979:16)
    at Module._compile (internal/modules/cjs/loader.js:1027:27)
    at Object.Module._extensions..js (internal/modules/cjs/loader.js:1092:10)
    at Module.load (internal/modules/cjs/loader.js:928:32)
    at Function.Module._load (internal/modules/cjs/loader.js:769:14)
    at Module.require (internal/modules/cjs/loader.js:952:19)
    at require (internal/modules/cjs/helpers.js:88:18)
    at Object.<anonymous> (C:\MOSH\NODEJS\project\routes\admin.route.js:3:18)
    at Module._compile (internal/modules/cjs/loader.js:1063:30)
    at Object.Module._extensions..js (internal/modules/cjs/loader.js:1092:10) }
{ time: [34m13-03-2022 02:59:29[39m level: [31merror[39m message: uncaughtException: Schema is not defined
ReferenceError: Schema is not defined
    at Object.<anonymous> (C:\MOSH\NODEJS\project\models\loan.model.js:12:19)
    at Module._compile (internal/modules/cjs/loader.js:1063:30)
    at Object.Module._extensions..js (internal/modules/cjs/loader.js:1092:10)
    at Module.load (internal/modules/cjs/loader.js:928:32)
    at Function.Module._load (internal/modules/cjs/loader.js:769:14)
    at Module.require (internal/modules/cjs/loader.js:952:19)
    at require (internal/modules/cjs/helpers.js:88:18)
    at Object.<anonymous> (C:\MOSH\NODEJS\project\controllers\admin.controller.js:2:14)
    at Module._compile (internal/modules/cjs/loader.js:1063:30)
    at Object.Module._extensions..js (internal/modules/cjs/loader.js:1092:10) stack: ReferenceError: Schema is not defined
    at Object.<anonymous> (C:\MOSH\NODEJS\project\models\loan.model.js:12:19)
    at Module._compile (internal/modules/cjs/loader.js:1063:30)
    at Object.Module._extensions..js (internal/modules/cjs/loader.js:1092:10)
    at Module.load (internal/modules/cjs/loader.js:928:32)
    at Function.Module._load (internal/modules/cjs/loader.js:769:14)
    at Module.require (internal/modules/cjs/loader.js:952:19)
    at require (internal/modules/cjs/helpers.js:88:18)
    at Object.<anonymous> (C:\MOSH\NODEJS\project\controllers\admin.controller.js:2:14)
    at Module._compile (internal/modules/cjs/loader.js:1063:30)
    at Object.Module._extensions..js (internal/modules/cjs/loader.js:1092:10) }
{ time: [34m13-03-2022 03:00:56[39m level: [31merror[39m message: uncaughtException: Schema is not defined
ReferenceError: Schema is not defined
    at Object.<anonymous> (C:\MOSH\NODEJS\project\models\loan.model.js:12:19)
    at Module._compile (internal/modules/cjs/loader.js:1063:30)
    at Object.Module._extensions..js (internal/modules/cjs/loader.js:1092:10)
    at Module.load (internal/modules/cjs/loader.js:928:32)
    at Function.Module._load (internal/modules/cjs/loader.js:769:14)
    at Module.require (internal/modules/cjs/loader.js:952:19)
    at require (internal/modules/cjs/helpers.js:88:18)
    at Object.<anonymous> (C:\MOSH\NODEJS\project\controllers\admin.controller.js:2:14)
    at Module._compile (internal/modules/cjs/loader.js:1063:30)
    at Object.Module._extensions..js (internal/modules/cjs/loader.js:1092:10) stack: ReferenceError: Schema is not defined
    at Object.<anonymous> (C:\MOSH\NODEJS\project\models\loan.model.js:12:19)
    at Module._compile (internal/modules/cjs/loader.js:1063:30)
    at Object.Module._extensions..js (internal/modules/cjs/loader.js:1092:10)
    at Module.load (internal/modules/cjs/loader.js:928:32)
    at Function.Module._load (internal/modules/cjs/loader.js:769:14)
    at Module.require (internal/modules/cjs/loader.js:952:19)
    at require (internal/modules/cjs/helpers.js:88:18)
    at Object.<anonymous> (C:\MOSH\NODEJS\project\controllers\admin.controller.js:2:14)
    at Module._compile (internal/modules/cjs/loader.js:1063:30)
    at Object.Module._extensions..js (internal/modules/cjs/loader.js:1092:10) }
{ time: [34m13-03-2022 03:02:47[39m level: [31merror[39m message: uncaughtException: Schema is not defined
ReferenceError: Schema is not defined
    at Object.<anonymous> (C:\MOSH\NODEJS\project\models\loan.model.js:12:19)
    at Module._compile (internal/modules/cjs/loader.js:1063:30)
    at Object.Module._extensions..js (internal/modules/cjs/loader.js:1092:10)
    at Module.load (internal/modules/cjs/loader.js:928:32)
    at Function.Module._load (internal/modules/cjs/loader.js:769:14)
    at Module.require (internal/modules/cjs/loader.js:952:19)
    at require (internal/modules/cjs/helpers.js:88:18)
    at Object.<anonymous> (C:\MOSH\NODEJS\project\controllers\admin.controller.js:2:14)
    at Module._compile (internal/modules/cjs/loader.js:1063:30)
    at Object.Module._extensions..js (internal/modules/cjs/loader.js:1092:10) stack: ReferenceError: Schema is not defined
    at Object.<anonymous> (C:\MOSH\NODEJS\project\models\loan.model.js:12:19)
    at Module._compile (internal/modules/cjs/loader.js:1063:30)
    at Object.Module._extensions..js (internal/modules/cjs/loader.js:1092:10)
    at Module.load (internal/modules/cjs/loader.js:928:32)
    at Function.Module._load (internal/modules/cjs/loader.js:769:14)
    at Module.require (internal/modules/cjs/loader.js:952:19)
    at require (internal/modules/cjs/helpers.js:88:18)
    at Object.<anonymous> (C:\MOSH\NODEJS\project\controllers\admin.controller.js:2:14)
    at Module._compile (internal/modules/cjs/loader.js:1063:30)
    at Object.Module._extensions..js (internal/modules/cjs/loader.js:1092:10) }
{ time: [34m13-03-2022 03:03:43[39m level: [31merror[39m message: uncaughtException: Schema is not defined
ReferenceError: Schema is not defined
    at Object.<anonymous> (C:\MOSH\NODEJS\project\models\loan.model.js:12:19)
    at Module._compile (internal/modules/cjs/loader.js:1063:30)
    at Object.Module._extensions..js (internal/modules/cjs/loader.js:1092:10)
    at Module.load (internal/modules/cjs/loader.js:928:32)
    at Function.Module._load (internal/modules/cjs/loader.js:769:14)
    at Module.require (internal/modules/cjs/loader.js:952:19)
    at require (internal/modules/cjs/helpers.js:88:18)
    at Object.<anonymous> (C:\MOSH\NODEJS\project\controllers\admin.controller.js:2:14)
    at Module._compile (internal/modules/cjs/loader.js:1063:30)
    at Object.Module._extensions..js (internal/modules/cjs/loader.js:1092:10) stack: ReferenceError: Schema is not defined
    at Object.<anonymous> (C:\MOSH\NODEJS\project\models\loan.model.js:12:19)
    at Module._compile (internal/modules/cjs/loader.js:1063:30)
    at Object.Module._extensions..js (internal/modules/cjs/loader.js:1092:10)
    at Module.load (internal/modules/cjs/loader.js:928:32)
    at Function.Module._load (internal/modules/cjs/loader.js:769:14)
    at Module.require (internal/modules/cjs/loader.js:952:19)
    at require (internal/modules/cjs/helpers.js:88:18)
    at Object.<anonymous> (C:\MOSH\NODEJS\project\controllers\admin.controller.js:2:14)
    at Module._compile (internal/modules/cjs/loader.js:1063:30)
    at Object.Module._extensions..js (internal/modules/cjs/loader.js:1092:10) }
{ time: [34m13-03-2022 03:20:20[39m level: [31merror[39m message: uncaughtException: Schema is not defined
ReferenceError: Schema is not defined
    at Object.<anonymous> (C:\MOSH\NODEJS\project\models\loan.model.js:12:19)
    at Module._compile (internal/modules/cjs/loader.js:1063:30)
    at Object.Module._extensions..js (internal/modules/cjs/loader.js:1092:10)
    at Module.load (internal/modules/cjs/loader.js:928:32)
    at Function.Module._load (internal/modules/cjs/loader.js:769:14)
    at Module.require (internal/modules/cjs/loader.js:952:19)
    at require (internal/modules/cjs/helpers.js:88:18)
    at Object.<anonymous> (C:\MOSH\NODEJS\project\controllers\admin.controller.js:2:14)
    at Module._compile (internal/modules/cjs/loader.js:1063:30)
    at Object.Module._extensions..js (internal/modules/cjs/loader.js:1092:10) stack: ReferenceError: Schema is not defined
    at Object.<anonymous> (C:\MOSH\NODEJS\project\models\loan.model.js:12:19)
    at Module._compile (internal/modules/cjs/loader.js:1063:30)
    at Object.Module._extensions..js (internal/modules/cjs/loader.js:1092:10)
    at Module.load (internal/modules/cjs/loader.js:928:32)
    at Function.Module._load (internal/modules/cjs/loader.js:769:14)
    at Module.require (internal/modules/cjs/loader.js:952:19)
    at require (internal/modules/cjs/helpers.js:88:18)
    at Object.<anonymous> (C:\MOSH\NODEJS\project\controllers\admin.controller.js:2:14)
    at Module._compile (internal/modules/cjs/loader.js:1063:30)
    at Object.Module._extensions..js (internal/modules/cjs/loader.js:1092:10) }
{ time: [34m13-03-2022 09:39:33[39m level: [31merror[39m message: uncaughtException: Schema is not defined
ReferenceError: Schema is not defined
    at Object.<anonymous> (C:\MOSH\NODEJS\project\models\loan.model.js:12:19)
    at Module._compile (internal/modules/cjs/loader.js:1063:30)
    at Object.Module._extensions..js (internal/modules/cjs/loader.js:1092:10)
    at Module.load (internal/modules/cjs/loader.js:928:32)
    at Function.Module._load (internal/modules/cjs/loader.js:769:14)
    at Module.require (internal/modules/cjs/loader.js:952:19)
    at require (internal/modules/cjs/helpers.js:88:18)
    at Object.<anonymous> (C:\MOSH\NODEJS\project\controllers\admin.controller.js:2:14)
    at Module._compile (internal/modules/cjs/loader.js:1063:30)
    at Object.Module._extensions..js (internal/modules/cjs/loader.js:1092:10) stack: ReferenceError: Schema is not defined
    at Object.<anonymous> (C:\MOSH\NODEJS\project\models\loan.model.js:12:19)
    at Module._compile (internal/modules/cjs/loader.js:1063:30)
    at Object.Module._extensions..js (internal/modules/cjs/loader.js:1092:10)
    at Module.load (internal/modules/cjs/loader.js:928:32)
    at Function.Module._load (internal/modules/cjs/loader.js:769:14)
    at Module.require (internal/modules/cjs/loader.js:952:19)
    at require (internal/modules/cjs/helpers.js:88:18)
    at Object.<anonymous> (C:\MOSH\NODEJS\project\controllers\admin.controller.js:2:14)
    at Module._compile (internal/modules/cjs/loader.js:1063:30)
    at Object.Module._extensions..js (internal/modules/cjs/loader.js:1092:10) }
{ time: [34m13-03-2022 09:39:52[39m level: [31merror[39m message: uncaughtException: Schema is not defined
ReferenceError: Schema is not defined
    at Object.<anonymous> (C:\MOSH\NODEJS\project\models\loan.model.js:12:19)
    at Module._compile (internal/modules/cjs/loader.js:1063:30)
    at Object.Module._extensions..js (internal/modules/cjs/loader.js:1092:10)
    at Module.load (internal/modules/cjs/loader.js:928:32)
    at Function.Module._load (internal/modules/cjs/loader.js:769:14)
    at Module.require (internal/modules/cjs/loader.js:952:19)
    at require (internal/modules/cjs/helpers.js:88:18)
    at Object.<anonymous> (C:\MOSH\NODEJS\project\controllers\admin.controller.js:2:14)
    at Module._compile (internal/modules/cjs/loader.js:1063:30)
    at Object.Module._extensions..js (internal/modules/cjs/loader.js:1092:10) stack: ReferenceError: Schema is not defined
    at Object.<anonymous> (C:\MOSH\NODEJS\project\models\loan.model.js:12:19)
    at Module._compile (internal/modules/cjs/loader.js:1063:30)
    at Object.Module._extensions..js (internal/modules/cjs/loader.js:1092:10)
    at Module.load (internal/modules/cjs/loader.js:928:32)
    at Function.Module._load (internal/modules/cjs/loader.js:769:14)
    at Module.require (internal/modules/cjs/loader.js:952:19)
    at require (internal/modules/cjs/helpers.js:88:18)
    at Object.<anonymous> (C:\MOSH\NODEJS\project\controllers\admin.controller.js:2:14)
    at Module._compile (internal/modules/cjs/loader.js:1063:30)
    at Object.Module._extensions..js (internal/modules/cjs/loader.js:1092:10) }
{ time: [34m13-03-2022 09:40:03[39m level: [31merror[39m message: uncaughtException: Schema is not defined
ReferenceError: Schema is not defined
    at Object.<anonymous> (C:\MOSH\NODEJS\project\models\loan.model.js:12:19)
    at Module._compile (internal/modules/cjs/loader.js:1063:30)
    at Object.Module._extensions..js (internal/modules/cjs/loader.js:1092:10)
    at Module.load (internal/modules/cjs/loader.js:928:32)
    at Function.Module._load (internal/modules/cjs/loader.js:769:14)
    at Module.require (internal/modules/cjs/loader.js:952:19)
    at require (internal/modules/cjs/helpers.js:88:18)
    at Object.<anonymous> (C:\MOSH\NODEJS\project\controllers\admin.controller.js:2:14)
    at Module._compile (internal/modules/cjs/loader.js:1063:30)
    at Object.Module._extensions..js (internal/modules/cjs/loader.js:1092:10) stack: ReferenceError: Schema is not defined
    at Object.<anonymous> (C:\MOSH\NODEJS\project\models\loan.model.js:12:19)
    at Module._compile (internal/modules/cjs/loader.js:1063:30)
    at Object.Module._extensions..js (internal/modules/cjs/loader.js:1092:10)
    at Module.load (internal/modules/cjs/loader.js:928:32)
    at Function.Module._load (internal/modules/cjs/loader.js:769:14)
    at Module.require (internal/modules/cjs/loader.js:952:19)
    at require (internal/modules/cjs/helpers.js:88:18)
    at Object.<anonymous> (C:\MOSH\NODEJS\project\controllers\admin.controller.js:2:14)
    at Module._compile (internal/modules/cjs/loader.js:1063:30)
    at Object.Module._extensions..js (internal/modules/cjs/loader.js:1092:10) }
{ time: [34m13-03-2022 09:40:19[39m level: [31merror[39m message: uncaughtException: Schema is not defined
ReferenceError: Schema is not defined
    at Object.<anonymous> (C:\MOSH\NODEJS\project\models\loan.model.js:12:19)
    at Module._compile (internal/modules/cjs/loader.js:1063:30)
    at Object.Module._extensions..js (internal/modules/cjs/loader.js:1092:10)
    at Module.load (internal/modules/cjs/loader.js:928:32)
    at Function.Module._load (internal/modules/cjs/loader.js:769:14)
    at Module.require (internal/modules/cjs/loader.js:952:19)
    at require (internal/modules/cjs/helpers.js:88:18)
    at Object.<anonymous> (C:\MOSH\NODEJS\project\controllers\admin.controller.js:2:14)
    at Module._compile (internal/modules/cjs/loader.js:1063:30)
    at Object.Module._extensions..js (internal/modules/cjs/loader.js:1092:10) stack: ReferenceError: Schema is not defined
    at Object.<anonymous> (C:\MOSH\NODEJS\project\models\loan.model.js:12:19)
    at Module._compile (internal/modules/cjs/loader.js:1063:30)
    at Object.Module._extensions..js (internal/modules/cjs/loader.js:1092:10)
    at Module.load (internal/modules/cjs/loader.js:928:32)
    at Function.Module._load (internal/modules/cjs/loader.js:769:14)
    at Module.require (internal/modules/cjs/loader.js:952:19)
    at require (internal/modules/cjs/helpers.js:88:18)
    at Object.<anonymous> (C:\MOSH\NODEJS\project\controllers\admin.controller.js:2:14)
    at Module._compile (internal/modules/cjs/loader.js:1063:30)
    at Object.Module._extensions..js (internal/modules/cjs/loader.js:1092:10) }
{ time: [34m13-03-2022 09:42:46[39m level: [31merror[39m message: uncaughtException: Schema is not defined
ReferenceError: Schema is not defined
    at Object.<anonymous> (C:\MOSH\NODEJS\project\models\loan.model.js:12:19)
    at Module._compile (internal/modules/cjs/loader.js:1063:30)
    at Object.Module._extensions..js (internal/modules/cjs/loader.js:1092:10)
    at Module.load (internal/modules/cjs/loader.js:928:32)
    at Function.Module._load (internal/modules/cjs/loader.js:769:14)
    at Module.require (internal/modules/cjs/loader.js:952:19)
    at require (internal/modules/cjs/helpers.js:88:18)
    at Object.<anonymous> (C:\MOSH\NODEJS\project\controllers\admin.controller.js:2:14)
    at Module._compile (internal/modules/cjs/loader.js:1063:30)
    at Object.Module._extensions..js (internal/modules/cjs/loader.js:1092:10) stack: ReferenceError: Schema is not defined
    at Object.<anonymous> (C:\MOSH\NODEJS\project\models\loan.model.js:12:19)
    at Module._compile (internal/modules/cjs/loader.js:1063:30)
    at Object.Module._extensions..js (internal/modules/cjs/loader.js:1092:10)
    at Module.load (internal/modules/cjs/loader.js:928:32)
    at Function.Module._load (internal/modules/cjs/loader.js:769:14)
    at Module.require (internal/modules/cjs/loader.js:952:19)
    at require (internal/modules/cjs/helpers.js:88:18)
    at Object.<anonymous> (C:\MOSH\NODEJS\project\controllers\admin.controller.js:2:14)
    at Module._compile (internal/modules/cjs/loader.js:1063:30)
    at Object.Module._extensions..js (internal/modules/cjs/loader.js:1092:10) }
{ time: [34m13-03-2022 09:42:57[39m level: [31merror[39m message: uncaughtException: Unexpected token '{'
C:\MOSH\NODEJS\project\controllers\admin.controller.js:37
      }){
        ^

SyntaxError: Unexpected token '{'
    at wrapSafe (internal/modules/cjs/loader.js:979:16)
    at Module._compile (internal/modules/cjs/loader.js:1027:27)
    at Object.Module._extensions..js (internal/modules/cjs/loader.js:1092:10)
    at Module.load (internal/modules/cjs/loader.js:928:32)
    at Function.Module._load (internal/modules/cjs/loader.js:769:14)
    at Module.require (internal/modules/cjs/loader.js:952:19)
    at require (internal/modules/cjs/helpers.js:88:18)
    at Object.<anonymous> (C:\MOSH\NODEJS\project\routes\admin.route.js:3:18)
    at Module._compile (internal/modules/cjs/loader.js:1063:30)
    at Object.Module._extensions..js (internal/modules/cjs/loader.js:1092:10) stack: C:\MOSH\NODEJS\project\controllers\admin.controller.js:37
      }){
        ^

SyntaxError: Unexpected token '{'
    at wrapSafe (internal/modules/cjs/loader.js:979:16)
    at Module._compile (internal/modules/cjs/loader.js:1027:27)
    at Object.Module._extensions..js (internal/modules/cjs/loader.js:1092:10)
    at Module.load (internal/modules/cjs/loader.js:928:32)
    at Function.Module._load (internal/modules/cjs/loader.js:769:14)
    at Module.require (internal/modules/cjs/loader.js:952:19)
    at require (internal/modules/cjs/helpers.js:88:18)
    at Object.<anonymous> (C:\MOSH\NODEJS\project\routes\admin.route.js:3:18)
    at Module._compile (internal/modules/cjs/loader.js:1063:30)
    at Object.Module._extensions..js (internal/modules/cjs/loader.js:1092:10) }
{ time: [34m13-03-2022 09:53:31[39m level: [31merror[39m message: uncaughtException: Schema is not defined
ReferenceError: Schema is not defined
    at Object.<anonymous> (C:\MOSH\NODEJS\project\models\loan.model.js:12:19)
    at Module._compile (internal/modules/cjs/loader.js:1063:30)
    at Object.Module._extensions..js (internal/modules/cjs/loader.js:1092:10)
    at Module.load (internal/modules/cjs/loader.js:928:32)
    at Function.Module._load (internal/modules/cjs/loader.js:769:14)
    at Module.require (internal/modules/cjs/loader.js:952:19)
    at require (internal/modules/cjs/helpers.js:88:18)
    at Object.<anonymous> (C:\MOSH\NODEJS\project\controllers\admin.controller.js:2:14)
    at Module._compile (internal/modules/cjs/loader.js:1063:30)
    at Object.Module._extensions..js (internal/modules/cjs/loader.js:1092:10) stack: ReferenceError: Schema is not defined
    at Object.<anonymous> (C:\MOSH\NODEJS\project\models\loan.model.js:12:19)
    at Module._compile (internal/modules/cjs/loader.js:1063:30)
    at Object.Module._extensions..js (internal/modules/cjs/loader.js:1092:10)
    at Module.load (internal/modules/cjs/loader.js:928:32)
    at Function.Module._load (internal/modules/cjs/loader.js:769:14)
    at Module.require (internal/modules/cjs/loader.js:952:19)
    at require (internal/modules/cjs/helpers.js:88:18)
    at Object.<anonymous> (C:\MOSH\NODEJS\project\controllers\admin.controller.js:2:14)
    at Module._compile (internal/modules/cjs/loader.js:1063:30)
    at Object.Module._extensions..js (internal/modules/cjs/loader.js:1092:10) }
{ time: [34m13-03-2022 09:53:51[39m level: [31merror[39m message: uncaughtException: Schema is not defined
ReferenceError: Schema is not defined
    at Object.<anonymous> (C:\MOSH\NODEJS\project\models\loan.model.js:12:19)
    at Module._compile (internal/modules/cjs/loader.js:1063:30)
    at Object.Module._extensions..js (internal/modules/cjs/loader.js:1092:10)
    at Module.load (internal/modules/cjs/loader.js:928:32)
    at Function.Module._load (internal/modules/cjs/loader.js:769:14)
    at Module.require (internal/modules/cjs/loader.js:952:19)
    at require (internal/modules/cjs/helpers.js:88:18)
    at Object.<anonymous> (C:\MOSH\NODEJS\project\controllers\admin.controller.js:2:14)
    at Module._compile (internal/modules/cjs/loader.js:1063:30)
    at Object.Module._extensions..js (internal/modules/cjs/loader.js:1092:10) stack: ReferenceError: Schema is not defined
    at Object.<anonymous> (C:\MOSH\NODEJS\project\models\loan.model.js:12:19)
    at Module._compile (internal/modules/cjs/loader.js:1063:30)
    at Object.Module._extensions..js (internal/modules/cjs/loader.js:1092:10)
    at Module.load (internal/modules/cjs/loader.js:928:32)
    at Function.Module._load (internal/modules/cjs/loader.js:769:14)
    at Module.require (internal/modules/cjs/loader.js:952:19)
    at require (internal/modules/cjs/helpers.js:88:18)
    at Object.<anonymous> (C:\MOSH\NODEJS\project\controllers\admin.controller.js:2:14)
    at Module._compile (internal/modules/cjs/loader.js:1063:30)
    at Object.Module._extensions..js (internal/modules/cjs/loader.js:1092:10) }
{ time: [34m13-03-2022 09:53:56[39m level: [31merror[39m message: uncaughtException: Schema is not defined
ReferenceError: Schema is not defined
    at Object.<anonymous> (C:\MOSH\NODEJS\project\models\loan.model.js:12:19)
    at Module._compile (internal/modules/cjs/loader.js:1063:30)
    at Object.Module._extensions..js (internal/modules/cjs/loader.js:1092:10)
    at Module.load (internal/modules/cjs/loader.js:928:32)
    at Function.Module._load (internal/modules/cjs/loader.js:769:14)
    at Module.require (internal/modules/cjs/loader.js:952:19)
    at require (internal/modules/cjs/helpers.js:88:18)
    at Object.<anonymous> (C:\MOSH\NODEJS\project\controllers\admin.controller.js:2:14)
    at Module._compile (internal/modules/cjs/loader.js:1063:30)
    at Object.Module._extensions..js (internal/modules/cjs/loader.js:1092:10) stack: ReferenceError: Schema is not defined
    at Object.<anonymous> (C:\MOSH\NODEJS\project\models\loan.model.js:12:19)
    at Module._compile (internal/modules/cjs/loader.js:1063:30)
    at Object.Module._extensions..js (internal/modules/cjs/loader.js:1092:10)
    at Module.load (internal/modules/cjs/loader.js:928:32)
    at Function.Module._load (internal/modules/cjs/loader.js:769:14)
    at Module.require (internal/modules/cjs/loader.js:952:19)
    at require (internal/modules/cjs/helpers.js:88:18)
    at Object.<anonymous> (C:\MOSH\NODEJS\project\controllers\admin.controller.js:2:14)
    at Module._compile (internal/modules/cjs/loader.js:1063:30)
    at Object.Module._extensions..js (internal/modules/cjs/loader.js:1092:10) }
{ time: [34m13-03-2022 09:57:05[39m level: [31merror[39m message: uncaughtException: Schema is not defined
ReferenceError: Schema is not defined
    at Object.<anonymous> (C:\MOSH\NODEJS\project\models\loan.model.js:12:19)
    at Module._compile (internal/modules/cjs/loader.js:1063:30)
    at Object.Module._extensions..js (internal/modules/cjs/loader.js:1092:10)
    at Module.load (internal/modules/cjs/loader.js:928:32)
    at Function.Module._load (internal/modules/cjs/loader.js:769:14)
    at Module.require (internal/modules/cjs/loader.js:952:19)
    at require (internal/modules/cjs/helpers.js:88:18)
    at Object.<anonymous> (C:\MOSH\NODEJS\project\controllers\admin.controller.js:2:14)
    at Module._compile (internal/modules/cjs/loader.js:1063:30)
    at Object.Module._extensions..js (internal/modules/cjs/loader.js:1092:10) stack: ReferenceError: Schema is not defined
    at Object.<anonymous> (C:\MOSH\NODEJS\project\models\loan.model.js:12:19)
    at Module._compile (internal/modules/cjs/loader.js:1063:30)
    at Object.Module._extensions..js (internal/modules/cjs/loader.js:1092:10)
    at Module.load (internal/modules/cjs/loader.js:928:32)
    at Function.Module._load (internal/modules/cjs/loader.js:769:14)
    at Module.require (internal/modules/cjs/loader.js:952:19)
    at require (internal/modules/cjs/helpers.js:88:18)
    at Object.<anonymous> (C:\MOSH\NODEJS\project\controllers\admin.controller.js:2:14)
    at Module._compile (internal/modules/cjs/loader.js:1063:30)
    at Object.Module._extensions..js (internal/modules/cjs/loader.js:1092:10) }
{ time: [34m13-03-2022 09:57:11[39m level: [31merror[39m message: uncaughtException: Schema is not defined
ReferenceError: Schema is not defined
    at Object.<anonymous> (C:\MOSH\NODEJS\project\models\loan.model.js:12:19)
    at Module._compile (internal/modules/cjs/loader.js:1063:30)
    at Object.Module._extensions..js (internal/modules/cjs/loader.js:1092:10)
    at Module.load (internal/modules/cjs/loader.js:928:32)
    at Function.Module._load (internal/modules/cjs/loader.js:769:14)
    at Module.require (internal/modules/cjs/loader.js:952:19)
    at require (internal/modules/cjs/helpers.js:88:18)
    at Object.<anonymous> (C:\MOSH\NODEJS\project\controllers\admin.controller.js:2:14)
    at Module._compile (internal/modules/cjs/loader.js:1063:30)
    at Object.Module._extensions..js (internal/modules/cjs/loader.js:1092:10) stack: ReferenceError: Schema is not defined
    at Object.<anonymous> (C:\MOSH\NODEJS\project\models\loan.model.js:12:19)
    at Module._compile (internal/modules/cjs/loader.js:1063:30)
    at Object.Module._extensions..js (internal/modules/cjs/loader.js:1092:10)
    at Module.load (internal/modules/cjs/loader.js:928:32)
    at Function.Module._load (internal/modules/cjs/loader.js:769:14)
    at Module.require (internal/modules/cjs/loader.js:952:19)
    at require (internal/modules/cjs/helpers.js:88:18)
    at Object.<anonymous> (C:\MOSH\NODEJS\project\controllers\admin.controller.js:2:14)
    at Module._compile (internal/modules/cjs/loader.js:1063:30)
    at Object.Module._extensions..js (internal/modules/cjs/loader.js:1092:10) }
{ time: [34m13-03-2022 09:59:29[39m level: [31merror[39m message: uncaughtException: Schema is not defined
ReferenceError: Schema is not defined
    at Object.<anonymous> (C:\MOSH\NODEJS\project\models\loan.model.js:12:19)
    at Module._compile (internal/modules/cjs/loader.js:1063:30)
    at Object.Module._extensions..js (internal/modules/cjs/loader.js:1092:10)
    at Module.load (internal/modules/cjs/loader.js:928:32)
    at Function.Module._load (internal/modules/cjs/loader.js:769:14)
    at Module.require (internal/modules/cjs/loader.js:952:19)
    at require (internal/modules/cjs/helpers.js:88:18)
    at Object.<anonymous> (C:\MOSH\NODEJS\project\controllers\admin.controller.js:2:14)
    at Module._compile (internal/modules/cjs/loader.js:1063:30)
    at Object.Module._extensions..js (internal/modules/cjs/loader.js:1092:10) stack: ReferenceError: Schema is not defined
    at Object.<anonymous> (C:\MOSH\NODEJS\project\models\loan.model.js:12:19)
    at Module._compile (internal/modules/cjs/loader.js:1063:30)
    at Object.Module._extensions..js (internal/modules/cjs/loader.js:1092:10)
    at Module.load (internal/modules/cjs/loader.js:928:32)
    at Function.Module._load (internal/modules/cjs/loader.js:769:14)
    at Module.require (internal/modules/cjs/loader.js:952:19)
    at require (internal/modules/cjs/helpers.js:88:18)
    at Object.<anonymous> (C:\MOSH\NODEJS\project\controllers\admin.controller.js:2:14)
    at Module._compile (internal/modules/cjs/loader.js:1063:30)
    at Object.Module._extensions..js (internal/modules/cjs/loader.js:1092:10) }
{ time: [34m13-03-2022 09:59:40[39m level: [31merror[39m message: uncaughtException: Schema is not defined
ReferenceError: Schema is not defined
    at Object.<anonymous> (C:\MOSH\NODEJS\project\models\loan.model.js:12:19)
    at Module._compile (internal/modules/cjs/loader.js:1063:30)
    at Object.Module._extensions..js (internal/modules/cjs/loader.js:1092:10)
    at Module.load (internal/modules/cjs/loader.js:928:32)
    at Function.Module._load (internal/modules/cjs/loader.js:769:14)
    at Module.require (internal/modules/cjs/loader.js:952:19)
    at require (internal/modules/cjs/helpers.js:88:18)
    at Object.<anonymous> (C:\MOSH\NODEJS\project\controllers\admin.controller.js:2:14)
    at Module._compile (internal/modules/cjs/loader.js:1063:30)
    at Object.Module._extensions..js (internal/modules/cjs/loader.js:1092:10) stack: ReferenceError: Schema is not defined
    at Object.<anonymous> (C:\MOSH\NODEJS\project\models\loan.model.js:12:19)
    at Module._compile (internal/modules/cjs/loader.js:1063:30)
    at Object.Module._extensions..js (internal/modules/cjs/loader.js:1092:10)
    at Module.load (internal/modules/cjs/loader.js:928:32)
    at Function.Module._load (internal/modules/cjs/loader.js:769:14)
    at Module.require (internal/modules/cjs/loader.js:952:19)
    at require (internal/modules/cjs/helpers.js:88:18)
    at Object.<anonymous> (C:\MOSH\NODEJS\project\controllers\admin.controller.js:2:14)
    at Module._compile (internal/modules/cjs/loader.js:1063:30)
    at Object.Module._extensions..js (internal/modules/cjs/loader.js:1092:10) }
{ time: [34m13-03-2022 10:00:23[39m level: [31merror[39m message: uncaughtException: Schema is not defined
ReferenceError: Schema is not defined
    at Object.<anonymous> (C:\MOSH\NODEJS\project\models\loan.model.js:12:19)
    at Module._compile (internal/modules/cjs/loader.js:1063:30)
    at Object.Module._extensions..js (internal/modules/cjs/loader.js:1092:10)
    at Module.load (internal/modules/cjs/loader.js:928:32)
    at Function.Module._load (internal/modules/cjs/loader.js:769:14)
    at Module.require (internal/modules/cjs/loader.js:952:19)
    at require (internal/modules/cjs/helpers.js:88:18)
    at Object.<anonymous> (C:\MOSH\NODEJS\project\controllers\admin.controller.js:2:14)
    at Module._compile (internal/modules/cjs/loader.js:1063:30)
    at Object.Module._extensions..js (internal/modules/cjs/loader.js:1092:10) stack: ReferenceError: Schema is not defined
    at Object.<anonymous> (C:\MOSH\NODEJS\project\models\loan.model.js:12:19)
    at Module._compile (internal/modules/cjs/loader.js:1063:30)
    at Object.Module._extensions..js (internal/modules/cjs/loader.js:1092:10)
    at Module.load (internal/modules/cjs/loader.js:928:32)
    at Function.Module._load (internal/modules/cjs/loader.js:769:14)
    at Module.require (internal/modules/cjs/loader.js:952:19)
    at require (internal/modules/cjs/helpers.js:88:18)
    at Object.<anonymous> (C:\MOSH\NODEJS\project\controllers\admin.controller.js:2:14)
    at Module._compile (internal/modules/cjs/loader.js:1063:30)
    at Object.Module._extensions..js (internal/modules/cjs/loader.js:1092:10) }
{ time: [34m13-03-2022 10:00:39[39m level: [31merror[39m message: uncaughtException: Schema is not defined
ReferenceError: Schema is not defined
    at Object.<anonymous> (C:\MOSH\NODEJS\project\models\loan.model.js:12:19)
    at Module._compile (internal/modules/cjs/loader.js:1063:30)
    at Object.Module._extensions..js (internal/modules/cjs/loader.js:1092:10)
    at Module.load (internal/modules/cjs/loader.js:928:32)
    at Function.Module._load (internal/modules/cjs/loader.js:769:14)
    at Module.require (internal/modules/cjs/loader.js:952:19)
    at require (internal/modules/cjs/helpers.js:88:18)
    at Object.<anonymous> (C:\MOSH\NODEJS\project\controllers\admin.controller.js:2:14)
    at Module._compile (internal/modules/cjs/loader.js:1063:30)
    at Object.Module._extensions..js (internal/modules/cjs/loader.js:1092:10) stack: ReferenceError: Schema is not defined
    at Object.<anonymous> (C:\MOSH\NODEJS\project\models\loan.model.js:12:19)
    at Module._compile (internal/modules/cjs/loader.js:1063:30)
    at Object.Module._extensions..js (internal/modules/cjs/loader.js:1092:10)
    at Module.load (internal/modules/cjs/loader.js:928:32)
    at Function.Module._load (internal/modules/cjs/loader.js:769:14)
    at Module.require (internal/modules/cjs/loader.js:952:19)
    at require (internal/modules/cjs/helpers.js:88:18)
    at Object.<anonymous> (C:\MOSH\NODEJS\project\controllers\admin.controller.js:2:14)
    at Module._compile (internal/modules/cjs/loader.js:1063:30)
    at Object.Module._extensions..js (internal/modules/cjs/loader.js:1092:10) }
{ time: [34m13-03-2022 10:00:41[39m level: [31merror[39m message: uncaughtException: Schema is not defined
ReferenceError: Schema is not defined
    at Object.<anonymous> (C:\MOSH\NODEJS\project\models\loan.model.js:12:19)
    at Module._compile (internal/modules/cjs/loader.js:1063:30)
    at Object.Module._extensions..js (internal/modules/cjs/loader.js:1092:10)
    at Module.load (internal/modules/cjs/loader.js:928:32)
    at Function.Module._load (internal/modules/cjs/loader.js:769:14)
    at Module.require (internal/modules/cjs/loader.js:952:19)
    at require (internal/modules/cjs/helpers.js:88:18)
    at Object.<anonymous> (C:\MOSH\NODEJS\project\controllers\admin.controller.js:2:14)
    at Module._compile (internal/modules/cjs/loader.js:1063:30)
    at Object.Module._extensions..js (internal/modules/cjs/loader.js:1092:10) stack: ReferenceError: Schema is not defined
    at Object.<anonymous> (C:\MOSH\NODEJS\project\models\loan.model.js:12:19)
    at Module._compile (internal/modules/cjs/loader.js:1063:30)
    at Object.Module._extensions..js (internal/modules/cjs/loader.js:1092:10)
    at Module.load (internal/modules/cjs/loader.js:928:32)
    at Function.Module._load (internal/modules/cjs/loader.js:769:14)
    at Module.require (internal/modules/cjs/loader.js:952:19)
    at require (internal/modules/cjs/helpers.js:88:18)
    at Object.<anonymous> (C:\MOSH\NODEJS\project\controllers\admin.controller.js:2:14)
    at Module._compile (internal/modules/cjs/loader.js:1063:30)
    at Object.Module._extensions..js (internal/modules/cjs/loader.js:1092:10) }
{ time: [34m13-03-2022 10:01:28[39m level: [31merror[39m message: uncaughtException: Schema is not defined
ReferenceError: Schema is not defined
    at Object.<anonymous> (C:\MOSH\NODEJS\project\models\loan.model.js:12:19)
    at Module._compile (internal/modules/cjs/loader.js:1063:30)
    at Object.Module._extensions..js (internal/modules/cjs/loader.js:1092:10)
    at Module.load (internal/modules/cjs/loader.js:928:32)
    at Function.Module._load (internal/modules/cjs/loader.js:769:14)
    at Module.require (internal/modules/cjs/loader.js:952:19)
    at require (internal/modules/cjs/helpers.js:88:18)
    at Object.<anonymous> (C:\MOSH\NODEJS\project\controllers\admin.controller.js:2:14)
    at Module._compile (internal/modules/cjs/loader.js:1063:30)
    at Object.Module._extensions..js (internal/modules/cjs/loader.js:1092:10) stack: ReferenceError: Schema is not defined
    at Object.<anonymous> (C:\MOSH\NODEJS\project\models\loan.model.js:12:19)
    at Module._compile (internal/modules/cjs/loader.js:1063:30)
    at Object.Module._extensions..js (internal/modules/cjs/loader.js:1092:10)
    at Module.load (internal/modules/cjs/loader.js:928:32)
    at Function.Module._load (internal/modules/cjs/loader.js:769:14)
    at Module.require (internal/modules/cjs/loader.js:952:19)
    at require (internal/modules/cjs/helpers.js:88:18)
    at Object.<anonymous> (C:\MOSH\NODEJS\project\controllers\admin.controller.js:2:14)
    at Module._compile (internal/modules/cjs/loader.js:1063:30)
    at Object.Module._extensions..js (internal/modules/cjs/loader.js:1092:10) }
{ time: [34m13-03-2022 10:02:48[39m level: [31merror[39m message: uncaughtException: Schema is not defined
ReferenceError: Schema is not defined
    at Object.<anonymous> (C:\MOSH\NODEJS\project\models\loan.model.js:12:19)
    at Module._compile (internal/modules/cjs/loader.js:1063:30)
    at Object.Module._extensions..js (internal/modules/cjs/loader.js:1092:10)
    at Module.load (internal/modules/cjs/loader.js:928:32)
    at Function.Module._load (internal/modules/cjs/loader.js:769:14)
    at Module.require (internal/modules/cjs/loader.js:952:19)
    at require (internal/modules/cjs/helpers.js:88:18)
    at Object.<anonymous> (C:\MOSH\NODEJS\project\controllers\admin.controller.js:2:14)
    at Module._compile (internal/modules/cjs/loader.js:1063:30)
    at Object.Module._extensions..js (internal/modules/cjs/loader.js:1092:10) stack: ReferenceError: Schema is not defined
    at Object.<anonymous> (C:\MOSH\NODEJS\project\models\loan.model.js:12:19)
    at Module._compile (internal/modules/cjs/loader.js:1063:30)
    at Object.Module._extensions..js (internal/modules/cjs/loader.js:1092:10)
    at Module.load (internal/modules/cjs/loader.js:928:32)
    at Function.Module._load (internal/modules/cjs/loader.js:769:14)
    at Module.require (internal/modules/cjs/loader.js:952:19)
    at require (internal/modules/cjs/helpers.js:88:18)
    at Object.<anonymous> (C:\MOSH\NODEJS\project\controllers\admin.controller.js:2:14)
    at Module._compile (internal/modules/cjs/loader.js:1063:30)
    at Object.Module._extensions..js (internal/modules/cjs/loader.js:1092:10) }
{ time: [34m13-03-2022 10:03:04[39m level: [31merror[39m message: uncaughtException: Schema is not defined
ReferenceError: Schema is not defined
    at Object.<anonymous> (C:\MOSH\NODEJS\project\models\loan.model.js:12:19)
    at Module._compile (internal/modules/cjs/loader.js:1063:30)
    at Object.Module._extensions..js (internal/modules/cjs/loader.js:1092:10)
    at Module.load (internal/modules/cjs/loader.js:928:32)
    at Function.Module._load (internal/modules/cjs/loader.js:769:14)
    at Module.require (internal/modules/cjs/loader.js:952:19)
    at require (internal/modules/cjs/helpers.js:88:18)
    at Object.<anonymous> (C:\MOSH\NODEJS\project\controllers\admin.controller.js:2:14)
    at Module._compile (internal/modules/cjs/loader.js:1063:30)
    at Object.Module._extensions..js (internal/modules/cjs/loader.js:1092:10) stack: ReferenceError: Schema is not defined
    at Object.<anonymous> (C:\MOSH\NODEJS\project\models\loan.model.js:12:19)
    at Module._compile (internal/modules/cjs/loader.js:1063:30)
    at Object.Module._extensions..js (internal/modules/cjs/loader.js:1092:10)
    at Module.load (internal/modules/cjs/loader.js:928:32)
    at Function.Module._load (internal/modules/cjs/loader.js:769:14)
    at Module.require (internal/modules/cjs/loader.js:952:19)
    at require (internal/modules/cjs/helpers.js:88:18)
    at Object.<anonymous> (C:\MOSH\NODEJS\project\controllers\admin.controller.js:2:14)
    at Module._compile (internal/modules/cjs/loader.js:1063:30)
    at Object.Module._extensions..js (internal/modules/cjs/loader.js:1092:10) }
{ time: [34m13-03-2022 10:07:50[39m level: [31merror[39m message: uncaughtException: Schema is not defined
ReferenceError: Schema is not defined
    at Object.<anonymous> (C:\MOSH\NODEJS\project\models\loan.model.js:12:19)
    at Module._compile (internal/modules/cjs/loader.js:1063:30)
    at Object.Module._extensions..js (internal/modules/cjs/loader.js:1092:10)
    at Module.load (internal/modules/cjs/loader.js:928:32)
    at Function.Module._load (internal/modules/cjs/loader.js:769:14)
    at Module.require (internal/modules/cjs/loader.js:952:19)
    at require (internal/modules/cjs/helpers.js:88:18)
    at Object.<anonymous> (C:\MOSH\NODEJS\project\controllers\admin.controller.js:2:14)
    at Module._compile (internal/modules/cjs/loader.js:1063:30)
    at Object.Module._extensions..js (internal/modules/cjs/loader.js:1092:10) stack: ReferenceError: Schema is not defined
    at Object.<anonymous> (C:\MOSH\NODEJS\project\models\loan.model.js:12:19)
    at Module._compile (internal/modules/cjs/loader.js:1063:30)
    at Object.Module._extensions..js (internal/modules/cjs/loader.js:1092:10)
    at Module.load (internal/modules/cjs/loader.js:928:32)
    at Function.Module._load (internal/modules/cjs/loader.js:769:14)
    at Module.require (internal/modules/cjs/loader.js:952:19)
    at require (internal/modules/cjs/helpers.js:88:18)
    at Object.<anonymous> (C:\MOSH\NODEJS\project\controllers\admin.controller.js:2:14)
    at Module._compile (internal/modules/cjs/loader.js:1063:30)
    at Object.Module._extensions..js (internal/modules/cjs/loader.js:1092:10) }
{ time: [34m13-03-2022 10:10:43[39m level: [31merror[39m message: uncaughtException: Schema is not defined
ReferenceError: Schema is not defined
    at Object.<anonymous> (C:\MOSH\NODEJS\project\models\loan.model.js:12:19)
    at Module._compile (internal/modules/cjs/loader.js:1063:30)
    at Object.Module._extensions..js (internal/modules/cjs/loader.js:1092:10)
    at Module.load (internal/modules/cjs/loader.js:928:32)
    at Function.Module._load (internal/modules/cjs/loader.js:769:14)
    at Module.require (internal/modules/cjs/loader.js:952:19)
    at require (internal/modules/cjs/helpers.js:88:18)
    at Object.<anonymous> (C:\MOSH\NODEJS\project\controllers\admin.controller.js:2:14)
    at Module._compile (internal/modules/cjs/loader.js:1063:30)
    at Object.Module._extensions..js (internal/modules/cjs/loader.js:1092:10) stack: ReferenceError: Schema is not defined
    at Object.<anonymous> (C:\MOSH\NODEJS\project\models\loan.model.js:12:19)
    at Module._compile (internal/modules/cjs/loader.js:1063:30)
    at Object.Module._extensions..js (internal/modules/cjs/loader.js:1092:10)
    at Module.load (internal/modules/cjs/loader.js:928:32)
    at Function.Module._load (internal/modules/cjs/loader.js:769:14)
    at Module.require (internal/modules/cjs/loader.js:952:19)
    at require (internal/modules/cjs/helpers.js:88:18)
    at Object.<anonymous> (C:\MOSH\NODEJS\project\controllers\admin.controller.js:2:14)
    at Module._compile (internal/modules/cjs/loader.js:1063:30)
    at Object.Module._extensions..js (internal/modules/cjs/loader.js:1092:10) }
{ time: [34m13-03-2022 10:12:54[39m level: [31merror[39m message: uncaughtException: Schema is not defined
ReferenceError: Schema is not defined
    at Object.<anonymous> (C:\MOSH\NODEJS\project\models\loan.model.js:12:19)
    at Module._compile (internal/modules/cjs/loader.js:1063:30)
    at Object.Module._extensions..js (internal/modules/cjs/loader.js:1092:10)
    at Module.load (internal/modules/cjs/loader.js:928:32)
    at Function.Module._load (internal/modules/cjs/loader.js:769:14)
    at Module.require (internal/modules/cjs/loader.js:952:19)
    at require (internal/modules/cjs/helpers.js:88:18)
    at Object.<anonymous> (C:\MOSH\NODEJS\project\controllers\admin.controller.js:2:14)
    at Module._compile (internal/modules/cjs/loader.js:1063:30)
    at Object.Module._extensions..js (internal/modules/cjs/loader.js:1092:10) stack: ReferenceError: Schema is not defined
    at Object.<anonymous> (C:\MOSH\NODEJS\project\models\loan.model.js:12:19)
    at Module._compile (internal/modules/cjs/loader.js:1063:30)
    at Object.Module._extensions..js (internal/modules/cjs/loader.js:1092:10)
    at Module.load (internal/modules/cjs/loader.js:928:32)
    at Function.Module._load (internal/modules/cjs/loader.js:769:14)
    at Module.require (internal/modules/cjs/loader.js:952:19)
    at require (internal/modules/cjs/helpers.js:88:18)
    at Object.<anonymous> (C:\MOSH\NODEJS\project\controllers\admin.controller.js:2:14)
    at Module._compile (internal/modules/cjs/loader.js:1063:30)
    at Object.Module._extensions..js (internal/modules/cjs/loader.js:1092:10) }
{ time: [34m13-03-2022 10:13:11[39m level: [31merror[39m message: uncaughtException: Schema is not defined
ReferenceError: Schema is not defined
    at Object.<anonymous> (C:\MOSH\NODEJS\project\models\loan.model.js:12:19)
    at Module._compile (internal/modules/cjs/loader.js:1063:30)
    at Object.Module._extensions..js (internal/modules/cjs/loader.js:1092:10)
    at Module.load (internal/modules/cjs/loader.js:928:32)
    at Function.Module._load (internal/modules/cjs/loader.js:769:14)
    at Module.require (internal/modules/cjs/loader.js:952:19)
    at require (internal/modules/cjs/helpers.js:88:18)
    at Object.<anonymous> (C:\MOSH\NODEJS\project\controllers\admin.controller.js:2:14)
    at Module._compile (internal/modules/cjs/loader.js:1063:30)
    at Object.Module._extensions..js (internal/modules/cjs/loader.js:1092:10) stack: ReferenceError: Schema is not defined
    at Object.<anonymous> (C:\MOSH\NODEJS\project\models\loan.model.js:12:19)
    at Module._compile (internal/modules/cjs/loader.js:1063:30)
    at Object.Module._extensions..js (internal/modules/cjs/loader.js:1092:10)
    at Module.load (internal/modules/cjs/loader.js:928:32)
    at Function.Module._load (internal/modules/cjs/loader.js:769:14)
    at Module.require (internal/modules/cjs/loader.js:952:19)
    at require (internal/modules/cjs/helpers.js:88:18)
    at Object.<anonymous> (C:\MOSH\NODEJS\project\controllers\admin.controller.js:2:14)
    at Module._compile (internal/modules/cjs/loader.js:1063:30)
    at Object.Module._extensions..js (internal/modules/cjs/loader.js:1092:10) }
{ time: [34m13-03-2022 10:26:04[39m level: [31merror[39m message: uncaughtException: Schema is not defined
ReferenceError: Schema is not defined
    at Object.<anonymous> (C:\MOSH\NODEJS\project\models\loan.model.js:12:19)
    at Module._compile (internal/modules/cjs/loader.js:1063:30)
    at Object.Module._extensions..js (internal/modules/cjs/loader.js:1092:10)
    at Module.load (internal/modules/cjs/loader.js:928:32)
    at Function.Module._load (internal/modules/cjs/loader.js:769:14)
    at Module.require (internal/modules/cjs/loader.js:952:19)
    at require (internal/modules/cjs/helpers.js:88:18)
    at Object.<anonymous> (C:\MOSH\NODEJS\project\controllers\admin.controller.js:2:14)
    at Module._compile (internal/modules/cjs/loader.js:1063:30)
    at Object.Module._extensions..js (internal/modules/cjs/loader.js:1092:10) stack: ReferenceError: Schema is not defined
    at Object.<anonymous> (C:\MOSH\NODEJS\project\models\loan.model.js:12:19)
    at Module._compile (internal/modules/cjs/loader.js:1063:30)
    at Object.Module._extensions..js (internal/modules/cjs/loader.js:1092:10)
    at Module.load (internal/modules/cjs/loader.js:928:32)
    at Function.Module._load (internal/modules/cjs/loader.js:769:14)
    at Module.require (internal/modules/cjs/loader.js:952:19)
    at require (internal/modules/cjs/helpers.js:88:18)
    at Object.<anonymous> (C:\MOSH\NODEJS\project\controllers\admin.controller.js:2:14)
    at Module._compile (internal/modules/cjs/loader.js:1063:30)
    at Object.Module._extensions..js (internal/modules/cjs/loader.js:1092:10) }
{ time: [34m13-03-2022 10:26:26[39m level: [31merror[39m message: uncaughtException: Schema is not defined
ReferenceError: Schema is not defined
    at Object.<anonymous> (C:\MOSH\NODEJS\project\models\loan.model.js:12:19)
    at Module._compile (internal/modules/cjs/loader.js:1063:30)
    at Object.Module._extensions..js (internal/modules/cjs/loader.js:1092:10)
    at Module.load (internal/modules/cjs/loader.js:928:32)
    at Function.Module._load (internal/modules/cjs/loader.js:769:14)
    at Module.require (internal/modules/cjs/loader.js:952:19)
    at require (internal/modules/cjs/helpers.js:88:18)
    at Object.<anonymous> (C:\MOSH\NODEJS\project\controllers\admin.controller.js:2:14)
    at Module._compile (internal/modules/cjs/loader.js:1063:30)
    at Object.Module._extensions..js (internal/modules/cjs/loader.js:1092:10) stack: ReferenceError: Schema is not defined
    at Object.<anonymous> (C:\MOSH\NODEJS\project\models\loan.model.js:12:19)
    at Module._compile (internal/modules/cjs/loader.js:1063:30)
    at Object.Module._extensions..js (internal/modules/cjs/loader.js:1092:10)
    at Module.load (internal/modules/cjs/loader.js:928:32)
    at Function.Module._load (internal/modules/cjs/loader.js:769:14)
    at Module.require (internal/modules/cjs/loader.js:952:19)
    at require (internal/modules/cjs/helpers.js:88:18)
    at Object.<anonymous> (C:\MOSH\NODEJS\project\controllers\admin.controller.js:2:14)
    at Module._compile (internal/modules/cjs/loader.js:1063:30)
    at Object.Module._extensions..js (internal/modules/cjs/loader.js:1092:10) }
{ time: [34m13-03-2022 10:26:42[39m level: [31merror[39m message: uncaughtException: Schema is not defined
ReferenceError: Schema is not defined
    at Object.<anonymous> (C:\MOSH\NODEJS\project\models\loan.model.js:12:19)
    at Module._compile (internal/modules/cjs/loader.js:1063:30)
    at Object.Module._extensions..js (internal/modules/cjs/loader.js:1092:10)
    at Module.load (internal/modules/cjs/loader.js:928:32)
    at Function.Module._load (internal/modules/cjs/loader.js:769:14)
    at Module.require (internal/modules/cjs/loader.js:952:19)
    at require (internal/modules/cjs/helpers.js:88:18)
    at Object.<anonymous> (C:\MOSH\NODEJS\project\controllers\admin.controller.js:2:14)
    at Module._compile (internal/modules/cjs/loader.js:1063:30)
    at Object.Module._extensions..js (internal/modules/cjs/loader.js:1092:10) stack: ReferenceError: Schema is not defined
    at Object.<anonymous> (C:\MOSH\NODEJS\project\models\loan.model.js:12:19)
    at Module._compile (internal/modules/cjs/loader.js:1063:30)
    at Object.Module._extensions..js (internal/modules/cjs/loader.js:1092:10)
    at Module.load (internal/modules/cjs/loader.js:928:32)
    at Function.Module._load (internal/modules/cjs/loader.js:769:14)
    at Module.require (internal/modules/cjs/loader.js:952:19)
    at require (internal/modules/cjs/helpers.js:88:18)
    at Object.<anonymous> (C:\MOSH\NODEJS\project\controllers\admin.controller.js:2:14)
    at Module._compile (internal/modules/cjs/loader.js:1063:30)
    at Object.Module._extensions..js (internal/modules/cjs/loader.js:1092:10) }
{ time: [34m13-03-2022 10:26:58[39m level: [31merror[39m message: uncaughtException: Schema is not defined
ReferenceError: Schema is not defined
    at Object.<anonymous> (C:\MOSH\NODEJS\project\models\loan.model.js:12:19)
    at Module._compile (internal/modules/cjs/loader.js:1063:30)
    at Object.Module._extensions..js (internal/modules/cjs/loader.js:1092:10)
    at Module.load (internal/modules/cjs/loader.js:928:32)
    at Function.Module._load (internal/modules/cjs/loader.js:769:14)
    at Module.require (internal/modules/cjs/loader.js:952:19)
    at require (internal/modules/cjs/helpers.js:88:18)
    at Object.<anonymous> (C:\MOSH\NODEJS\project\controllers\admin.controller.js:2:14)
    at Module._compile (internal/modules/cjs/loader.js:1063:30)
    at Object.Module._extensions..js (internal/modules/cjs/loader.js:1092:10) stack: ReferenceError: Schema is not defined
    at Object.<anonymous> (C:\MOSH\NODEJS\project\models\loan.model.js:12:19)
    at Module._compile (internal/modules/cjs/loader.js:1063:30)
    at Object.Module._extensions..js (internal/modules/cjs/loader.js:1092:10)
    at Module.load (internal/modules/cjs/loader.js:928:32)
    at Function.Module._load (internal/modules/cjs/loader.js:769:14)
    at Module.require (internal/modules/cjs/loader.js:952:19)
    at require (internal/modules/cjs/helpers.js:88:18)
    at Object.<anonymous> (C:\MOSH\NODEJS\project\controllers\admin.controller.js:2:14)
    at Module._compile (internal/modules/cjs/loader.js:1063:30)
    at Object.Module._extensions..js (internal/modules/cjs/loader.js:1092:10) }
{ time: [34m13-03-2022 10:28:22[39m level: [31merror[39m message: uncaughtException: Schema is not defined
ReferenceError: Schema is not defined
    at Object.<anonymous> (C:\MOSH\NODEJS\project\models\loan.model.js:12:19)
    at Module._compile (internal/modules/cjs/loader.js:1063:30)
    at Object.Module._extensions..js (internal/modules/cjs/loader.js:1092:10)
    at Module.load (internal/modules/cjs/loader.js:928:32)
    at Function.Module._load (internal/modules/cjs/loader.js:769:14)
    at Module.require (internal/modules/cjs/loader.js:952:19)
    at require (internal/modules/cjs/helpers.js:88:18)
    at Object.<anonymous> (C:\MOSH\NODEJS\project\controllers\admin.controller.js:2:14)
    at Module._compile (internal/modules/cjs/loader.js:1063:30)
    at Object.Module._extensions..js (internal/modules/cjs/loader.js:1092:10) stack: ReferenceError: Schema is not defined
    at Object.<anonymous> (C:\MOSH\NODEJS\project\models\loan.model.js:12:19)
    at Module._compile (internal/modules/cjs/loader.js:1063:30)
    at Object.Module._extensions..js (internal/modules/cjs/loader.js:1092:10)
    at Module.load (internal/modules/cjs/loader.js:928:32)
    at Function.Module._load (internal/modules/cjs/loader.js:769:14)
    at Module.require (internal/modules/cjs/loader.js:952:19)
    at require (internal/modules/cjs/helpers.js:88:18)
    at Object.<anonymous> (C:\MOSH\NODEJS\project\controllers\admin.controller.js:2:14)
    at Module._compile (internal/modules/cjs/loader.js:1063:30)
    at Object.Module._extensions..js (internal/modules/cjs/loader.js:1092:10) }
{ time: [34m13-03-2022 10:28:46[39m level: [31merror[39m message: uncaughtException: Schema is not defined
ReferenceError: Schema is not defined
    at Object.<anonymous> (C:\MOSH\NODEJS\project\models\loan.model.js:12:19)
    at Module._compile (internal/modules/cjs/loader.js:1063:30)
    at Object.Module._extensions..js (internal/modules/cjs/loader.js:1092:10)
    at Module.load (internal/modules/cjs/loader.js:928:32)
    at Function.Module._load (internal/modules/cjs/loader.js:769:14)
    at Module.require (internal/modules/cjs/loader.js:952:19)
    at require (internal/modules/cjs/helpers.js:88:18)
    at Object.<anonymous> (C:\MOSH\NODEJS\project\controllers\admin.controller.js:2:14)
    at Module._compile (internal/modules/cjs/loader.js:1063:30)
    at Object.Module._extensions..js (internal/modules/cjs/loader.js:1092:10) stack: ReferenceError: Schema is not defined
    at Object.<anonymous> (C:\MOSH\NODEJS\project\models\loan.model.js:12:19)
    at Module._compile (internal/modules/cjs/loader.js:1063:30)
    at Object.Module._extensions..js (internal/modules/cjs/loader.js:1092:10)
    at Module.load (internal/modules/cjs/loader.js:928:32)
    at Function.Module._load (internal/modules/cjs/loader.js:769:14)
    at Module.require (internal/modules/cjs/loader.js:952:19)
    at require (internal/modules/cjs/helpers.js:88:18)
    at Object.<anonymous> (C:\MOSH\NODEJS\project\controllers\admin.controller.js:2:14)
    at Module._compile (internal/modules/cjs/loader.js:1063:30)
    at Object.Module._extensions..js (internal/modules/cjs/loader.js:1092:10) }
{ time: [34m13-03-2022 10:29:39[39m level: [31merror[39m message: uncaughtException: Schema is not defined
ReferenceError: Schema is not defined
    at Object.<anonymous> (C:\MOSH\NODEJS\project\models\loan.model.js:12:19)
    at Module._compile (internal/modules/cjs/loader.js:1063:30)
    at Object.Module._extensions..js (internal/modules/cjs/loader.js:1092:10)
    at Module.load (internal/modules/cjs/loader.js:928:32)
    at Function.Module._load (internal/modules/cjs/loader.js:769:14)
    at Module.require (internal/modules/cjs/loader.js:952:19)
    at require (internal/modules/cjs/helpers.js:88:18)
    at Object.<anonymous> (C:\MOSH\NODEJS\project\controllers\admin.controller.js:2:14)
    at Module._compile (internal/modules/cjs/loader.js:1063:30)
    at Object.Module._extensions..js (internal/modules/cjs/loader.js:1092:10) stack: ReferenceError: Schema is not defined
    at Object.<anonymous> (C:\MOSH\NODEJS\project\models\loan.model.js:12:19)
    at Module._compile (internal/modules/cjs/loader.js:1063:30)
    at Object.Module._extensions..js (internal/modules/cjs/loader.js:1092:10)
    at Module.load (internal/modules/cjs/loader.js:928:32)
    at Function.Module._load (internal/modules/cjs/loader.js:769:14)
    at Module.require (internal/modules/cjs/loader.js:952:19)
    at require (internal/modules/cjs/helpers.js:88:18)
    at Object.<anonymous> (C:\MOSH\NODEJS\project\controllers\admin.controller.js:2:14)
    at Module._compile (internal/modules/cjs/loader.js:1063:30)
    at Object.Module._extensions..js (internal/modules/cjs/loader.js:1092:10) }
{ time: [34m13-03-2022 10:30:07[39m level: [31merror[39m message: uncaughtException: Schema is not defined
ReferenceError: Schema is not defined
    at Object.<anonymous> (C:\MOSH\NODEJS\project\models\loan.model.js:12:19)
    at Module._compile (internal/modules/cjs/loader.js:1063:30)
    at Object.Module._extensions..js (internal/modules/cjs/loader.js:1092:10)
    at Module.load (internal/modules/cjs/loader.js:928:32)
    at Function.Module._load (internal/modules/cjs/loader.js:769:14)
    at Module.require (internal/modules/cjs/loader.js:952:19)
    at require (internal/modules/cjs/helpers.js:88:18)
    at Object.<anonymous> (C:\MOSH\NODEJS\project\controllers\admin.controller.js:2:14)
    at Module._compile (internal/modules/cjs/loader.js:1063:30)
    at Object.Module._extensions..js (internal/modules/cjs/loader.js:1092:10) stack: ReferenceError: Schema is not defined
    at Object.<anonymous> (C:\MOSH\NODEJS\project\models\loan.model.js:12:19)
    at Module._compile (internal/modules/cjs/loader.js:1063:30)
    at Object.Module._extensions..js (internal/modules/cjs/loader.js:1092:10)
    at Module.load (internal/modules/cjs/loader.js:928:32)
    at Function.Module._load (internal/modules/cjs/loader.js:769:14)
    at Module.require (internal/modules/cjs/loader.js:952:19)
    at require (internal/modules/cjs/helpers.js:88:18)
    at Object.<anonymous> (C:\MOSH\NODEJS\project\controllers\admin.controller.js:2:14)
    at Module._compile (internal/modules/cjs/loader.js:1063:30)
    at Object.Module._extensions..js (internal/modules/cjs/loader.js:1092:10) }
{ time: [34m13-03-2022 10:30:25[39m level: [31merror[39m message: uncaughtException: Schema is not defined
ReferenceError: Schema is not defined
    at Object.<anonymous> (C:\MOSH\NODEJS\project\models\loan.model.js:12:19)
    at Module._compile (internal/modules/cjs/loader.js:1063:30)
    at Object.Module._extensions..js (internal/modules/cjs/loader.js:1092:10)
    at Module.load (internal/modules/cjs/loader.js:928:32)
    at Function.Module._load (internal/modules/cjs/loader.js:769:14)
    at Module.require (internal/modules/cjs/loader.js:952:19)
    at require (internal/modules/cjs/helpers.js:88:18)
    at Object.<anonymous> (C:\MOSH\NODEJS\project\controllers\admin.controller.js:2:14)
    at Module._compile (internal/modules/cjs/loader.js:1063:30)
    at Object.Module._extensions..js (internal/modules/cjs/loader.js:1092:10) stack: ReferenceError: Schema is not defined
    at Object.<anonymous> (C:\MOSH\NODEJS\project\models\loan.model.js:12:19)
    at Module._compile (internal/modules/cjs/loader.js:1063:30)
    at Object.Module._extensions..js (internal/modules/cjs/loader.js:1092:10)
    at Module.load (internal/modules/cjs/loader.js:928:32)
    at Function.Module._load (internal/modules/cjs/loader.js:769:14)
    at Module.require (internal/modules/cjs/loader.js:952:19)
    at require (internal/modules/cjs/helpers.js:88:18)
    at Object.<anonymous> (C:\MOSH\NODEJS\project\controllers\admin.controller.js:2:14)
    at Module._compile (internal/modules/cjs/loader.js:1063:30)
    at Object.Module._extensions..js (internal/modules/cjs/loader.js:1092:10) }
{ time: [34m13-03-2022 10:30:33[39m level: [31merror[39m message: uncaughtException: Schema is not defined
ReferenceError: Schema is not defined
    at Object.<anonymous> (C:\MOSH\NODEJS\project\models\loan.model.js:12:19)
    at Module._compile (internal/modules/cjs/loader.js:1063:30)
    at Object.Module._extensions..js (internal/modules/cjs/loader.js:1092:10)
    at Module.load (internal/modules/cjs/loader.js:928:32)
    at Function.Module._load (internal/modules/cjs/loader.js:769:14)
    at Module.require (internal/modules/cjs/loader.js:952:19)
    at require (internal/modules/cjs/helpers.js:88:18)
    at Object.<anonymous> (C:\MOSH\NODEJS\project\controllers\admin.controller.js:2:14)
    at Module._compile (internal/modules/cjs/loader.js:1063:30)
    at Object.Module._extensions..js (internal/modules/cjs/loader.js:1092:10) stack: ReferenceError: Schema is not defined
    at Object.<anonymous> (C:\MOSH\NODEJS\project\models\loan.model.js:12:19)
    at Module._compile (internal/modules/cjs/loader.js:1063:30)
    at Object.Module._extensions..js (internal/modules/cjs/loader.js:1092:10)
    at Module.load (internal/modules/cjs/loader.js:928:32)
    at Function.Module._load (internal/modules/cjs/loader.js:769:14)
    at Module.require (internal/modules/cjs/loader.js:952:19)
    at require (internal/modules/cjs/helpers.js:88:18)
    at Object.<anonymous> (C:\MOSH\NODEJS\project\controllers\admin.controller.js:2:14)
    at Module._compile (internal/modules/cjs/loader.js:1063:30)
    at Object.Module._extensions..js (internal/modules/cjs/loader.js:1092:10) }
{ time: [34m13-03-2022 10:30:49[39m level: [31merror[39m message: uncaughtException: Schema is not defined
ReferenceError: Schema is not defined
    at Object.<anonymous> (C:\MOSH\NODEJS\project\models\loan.model.js:12:19)
    at Module._compile (internal/modules/cjs/loader.js:1063:30)
    at Object.Module._extensions..js (internal/modules/cjs/loader.js:1092:10)
    at Module.load (internal/modules/cjs/loader.js:928:32)
    at Function.Module._load (internal/modules/cjs/loader.js:769:14)
    at Module.require (internal/modules/cjs/loader.js:952:19)
    at require (internal/modules/cjs/helpers.js:88:18)
    at Object.<anonymous> (C:\MOSH\NODEJS\project\controllers\admin.controller.js:2:14)
    at Module._compile (internal/modules/cjs/loader.js:1063:30)
    at Object.Module._extensions..js (internal/modules/cjs/loader.js:1092:10) stack: ReferenceError: Schema is not defined
    at Object.<anonymous> (C:\MOSH\NODEJS\project\models\loan.model.js:12:19)
    at Module._compile (internal/modules/cjs/loader.js:1063:30)
    at Object.Module._extensions..js (internal/modules/cjs/loader.js:1092:10)
    at Module.load (internal/modules/cjs/loader.js:928:32)
    at Function.Module._load (internal/modules/cjs/loader.js:769:14)
    at Module.require (internal/modules/cjs/loader.js:952:19)
    at require (internal/modules/cjs/helpers.js:88:18)
    at Object.<anonymous> (C:\MOSH\NODEJS\project\controllers\admin.controller.js:2:14)
    at Module._compile (internal/modules/cjs/loader.js:1063:30)
    at Object.Module._extensions..js (internal/modules/cjs/loader.js:1092:10) }
{ time: [34m13-03-2022 10:43:40[39m level: [31merror[39m message: uncaughtException: Schema is not defined
ReferenceError: Schema is not defined
    at Object.<anonymous> (C:\MOSH\NODEJS\project\models\loan.model.js:12:19)
    at Module._compile (internal/modules/cjs/loader.js:1063:30)
    at Object.Module._extensions..js (internal/modules/cjs/loader.js:1092:10)
    at Module.load (internal/modules/cjs/loader.js:928:32)
    at Function.Module._load (internal/modules/cjs/loader.js:769:14)
    at Module.require (internal/modules/cjs/loader.js:952:19)
    at require (internal/modules/cjs/helpers.js:88:18)
    at Object.<anonymous> (C:\MOSH\NODEJS\project\controllers\admin.controller.js:2:14)
    at Module._compile (internal/modules/cjs/loader.js:1063:30)
    at Object.Module._extensions..js (internal/modules/cjs/loader.js:1092:10) stack: ReferenceError: Schema is not defined
    at Object.<anonymous> (C:\MOSH\NODEJS\project\models\loan.model.js:12:19)
    at Module._compile (internal/modules/cjs/loader.js:1063:30)
    at Object.Module._extensions..js (internal/modules/cjs/loader.js:1092:10)
    at Module.load (internal/modules/cjs/loader.js:928:32)
    at Function.Module._load (internal/modules/cjs/loader.js:769:14)
    at Module.require (internal/modules/cjs/loader.js:952:19)
    at require (internal/modules/cjs/helpers.js:88:18)
    at Object.<anonymous> (C:\MOSH\NODEJS\project\controllers\admin.controller.js:2:14)
    at Module._compile (internal/modules/cjs/loader.js:1063:30)
    at Object.Module._extensions..js (internal/modules/cjs/loader.js:1092:10) }
{ time: [34m13-03-2022 10:44:01[39m level: [31merror[39m message: uncaughtException: Unexpected token ','
C:\MOSH\NODEJS\project\routes\admin.route.js:7
router.get("/all-loan", [authentication,authorization]);, controller.getAllLoan);
                                                        ^

SyntaxError: Unexpected token ','
    at wrapSafe (internal/modules/cjs/loader.js:979:16)
    at Module._compile (internal/modules/cjs/loader.js:1027:27)
    at Object.Module._extensions..js (internal/modules/cjs/loader.js:1092:10)
    at Module.load (internal/modules/cjs/loader.js:928:32)
    at Function.Module._load (internal/modules/cjs/loader.js:769:14)
    at Module.require (internal/modules/cjs/loader.js:952:19)
    at require (internal/modules/cjs/helpers.js:88:18)
    at Object.<anonymous> (C:\MOSH\NODEJS\project\util\middleware&route.js:6:20)
    at Module._compile (internal/modules/cjs/loader.js:1063:30)
    at Object.Module._extensions..js (internal/modules/cjs/loader.js:1092:10) stack: C:\MOSH\NODEJS\project\routes\admin.route.js:7
router.get("/all-loan", [authentication,authorization]);, controller.getAllLoan);
                                                        ^

SyntaxError: Unexpected token ','
    at wrapSafe (internal/modules/cjs/loader.js:979:16)
    at Module._compile (internal/modules/cjs/loader.js:1027:27)
    at Object.Module._extensions..js (internal/modules/cjs/loader.js:1092:10)
    at Module.load (internal/modules/cjs/loader.js:928:32)
    at Function.Module._load (internal/modules/cjs/loader.js:769:14)
    at Module.require (internal/modules/cjs/loader.js:952:19)
    at require (internal/modules/cjs/helpers.js:88:18)
    at Object.<anonymous> (C:\MOSH\NODEJS\project\util\middleware&route.js:6:20)
    at Module._compile (internal/modules/cjs/loader.js:1063:30)
    at Object.Module._extensions..js (internal/modules/cjs/loader.js:1092:10) }
{ time: [34m13-03-2022 10:44:12[39m level: [31merror[39m message: uncaughtException: Schema is not defined
ReferenceError: Schema is not defined
    at Object.<anonymous> (C:\MOSH\NODEJS\project\models\loan.model.js:12:19)
    at Module._compile (internal/modules/cjs/loader.js:1063:30)
    at Object.Module._extensions..js (internal/modules/cjs/loader.js:1092:10)
    at Module.load (internal/modules/cjs/loader.js:928:32)
    at Function.Module._load (internal/modules/cjs/loader.js:769:14)
    at Module.require (internal/modules/cjs/loader.js:952:19)
    at require (internal/modules/cjs/helpers.js:88:18)
    at Object.<anonymous> (C:\MOSH\NODEJS\project\controllers\admin.controller.js:2:14)
    at Module._compile (internal/modules/cjs/loader.js:1063:30)
    at Object.Module._extensions..js (internal/modules/cjs/loader.js:1092:10) stack: ReferenceError: Schema is not defined
    at Object.<anonymous> (C:\MOSH\NODEJS\project\models\loan.model.js:12:19)
    at Module._compile (internal/modules/cjs/loader.js:1063:30)
    at Object.Module._extensions..js (internal/modules/cjs/loader.js:1092:10)
    at Module.load (internal/modules/cjs/loader.js:928:32)
    at Function.Module._load (internal/modules/cjs/loader.js:769:14)
    at Module.require (internal/modules/cjs/loader.js:952:19)
    at require (internal/modules/cjs/helpers.js:88:18)
    at Object.<anonymous> (C:\MOSH\NODEJS\project\controllers\admin.controller.js:2:14)
    at Module._compile (internal/modules/cjs/loader.js:1063:30)
    at Object.Module._extensions..js (internal/modules/cjs/loader.js:1092:10) }
{ time: [34m13-03-2022 10:46:41[39m level: [31merror[39m message: uncaughtException: Unexpected token ':'
C:\MOSH\NODEJS\project\controllers\admin.controller.js:38
  getAllLoan: (req, res, next) => {
            ^

SyntaxError: Unexpected token ':'
    at wrapSafe (internal/modules/cjs/loader.js:979:16)
    at Module._compile (internal/modules/cjs/loader.js:1027:27)
    at Object.Module._extensions..js (internal/modules/cjs/loader.js:1092:10)
    at Module.load (internal/modules/cjs/loader.js:928:32)
    at Function.Module._load (internal/modules/cjs/loader.js:769:14)
    at Module.require (internal/modules/cjs/loader.js:952:19)
    at require (internal/modules/cjs/helpers.js:88:18)
    at Object.<anonymous> (C:\MOSH\NODEJS\project\routes\admin.route.js:3:18)
    at Module._compile (internal/modules/cjs/loader.js:1063:30)
    at Object.Module._extensions..js (internal/modules/cjs/loader.js:1092:10) stack: C:\MOSH\NODEJS\project\controllers\admin.controller.js:38
  getAllLoan: (req, res, next) => {
            ^

SyntaxError: Unexpected token ':'
    at wrapSafe (internal/modules/cjs/loader.js:979:16)
    at Module._compile (internal/modules/cjs/loader.js:1027:27)
    at Object.Module._extensions..js (internal/modules/cjs/loader.js:1092:10)
    at Module.load (internal/modules/cjs/loader.js:928:32)
    at Function.Module._load (internal/modules/cjs/loader.js:769:14)
    at Module.require (internal/modules/cjs/loader.js:952:19)
    at require (internal/modules/cjs/helpers.js:88:18)
    at Object.<anonymous> (C:\MOSH\NODEJS\project\routes\admin.route.js:3:18)
    at Module._compile (internal/modules/cjs/loader.js:1063:30)
    at Object.Module._extensions..js (internal/modules/cjs/loader.js:1092:10) }
{ time: [34m13-03-2022 10:46:57[39m level: [31merror[39m message: uncaughtException: Unexpected token ':'
C:\MOSH\NODEJS\project\controllers\admin.controller.js:38
  getAllLoan: (req, res, next) => {
            ^

SyntaxError: Unexpected token ':'
    at wrapSafe (internal/modules/cjs/loader.js:979:16)
    at Module._compile (internal/modules/cjs/loader.js:1027:27)
    at Object.Module._extensions..js (internal/modules/cjs/loader.js:1092:10)
    at Module.load (internal/modules/cjs/loader.js:928:32)
    at Function.Module._load (internal/modules/cjs/loader.js:769:14)
    at Module.require (internal/modules/cjs/loader.js:952:19)
    at require (internal/modules/cjs/helpers.js:88:18)
    at Object.<anonymous> (C:\MOSH\NODEJS\project\routes\admin.route.js:3:18)
    at Module._compile (internal/modules/cjs/loader.js:1063:30)
    at Object.Module._extensions..js (internal/modules/cjs/loader.js:1092:10) stack: C:\MOSH\NODEJS\project\controllers\admin.controller.js:38
  getAllLoan: (req, res, next) => {
            ^

SyntaxError: Unexpected token ':'
    at wrapSafe (internal/modules/cjs/loader.js:979:16)
    at Module._compile (internal/modules/cjs/loader.js:1027:27)
    at Object.Module._extensions..js (internal/modules/cjs/loader.js:1092:10)
    at Module.load (internal/modules/cjs/loader.js:928:32)
    at Function.Module._load (internal/modules/cjs/loader.js:769:14)
    at Module.require (internal/modules/cjs/loader.js:952:19)
    at require (internal/modules/cjs/helpers.js:88:18)
    at Object.<anonymous> (C:\MOSH\NODEJS\project\routes\admin.route.js:3:18)
    at Module._compile (internal/modules/cjs/loader.js:1063:30)
    at Object.Module._extensions..js (internal/modules/cjs/loader.js:1092:10) }
{ time: [34m13-03-2022 10:47:07[39m level: [31merror[39m message: uncaughtException: Unexpected token ':'
C:\MOSH\NODEJS\project\controllers\admin.controller.js:29
  getAllLoan: (req, res, next) => {
            ^

SyntaxError: Unexpected token ':'
    at wrapSafe (internal/modules/cjs/loader.js:979:16)
    at Module._compile (internal/modules/cjs/loader.js:1027:27)
    at Object.Module._extensions..js (internal/modules/cjs/loader.js:1092:10)
    at Module.load (internal/modules/cjs/loader.js:928:32)
    at Function.Module._load (internal/modules/cjs/loader.js:769:14)
    at Module.require (internal/modules/cjs/loader.js:952:19)
    at require (internal/modules/cjs/helpers.js:88:18)
    at Object.<anonymous> (C:\MOSH\NODEJS\project\routes\admin.route.js:3:18)
    at Module._compile (internal/modules/cjs/loader.js:1063:30)
    at Object.Module._extensions..js (internal/modules/cjs/loader.js:1092:10) stack: C:\MOSH\NODEJS\project\controllers\admin.controller.js:29
  getAllLoan: (req, res, next) => {
            ^

SyntaxError: Unexpected token ':'
    at wrapSafe (internal/modules/cjs/loader.js:979:16)
    at Module._compile (internal/modules/cjs/loader.js:1027:27)
    at Object.Module._extensions..js (internal/modules/cjs/loader.js:1092:10)
    at Module.load (internal/modules/cjs/loader.js:928:32)
    at Function.Module._load (internal/modules/cjs/loader.js:769:14)
    at Module.require (internal/modules/cjs/loader.js:952:19)
    at require (internal/modules/cjs/helpers.js:88:18)
    at Object.<anonymous> (C:\MOSH\NODEJS\project\routes\admin.route.js:3:18)
    at Module._compile (internal/modules/cjs/loader.js:1063:30)
    at Object.Module._extensions..js (internal/modules/cjs/loader.js:1092:10) }
{ time: [34m13-03-2022 10:47:15[39m level: [31merror[39m message: uncaughtException: Schema is not defined
ReferenceError: Schema is not defined
    at Object.<anonymous> (C:\MOSH\NODEJS\project\models\loan.model.js:12:19)
    at Module._compile (internal/modules/cjs/loader.js:1063:30)
    at Object.Module._extensions..js (internal/modules/cjs/loader.js:1092:10)
    at Module.load (internal/modules/cjs/loader.js:928:32)
    at Function.Module._load (internal/modules/cjs/loader.js:769:14)
    at Module.require (internal/modules/cjs/loader.js:952:19)
    at require (internal/modules/cjs/helpers.js:88:18)
    at Object.<anonymous> (C:\MOSH\NODEJS\project\controllers\admin.controller.js:2:14)
    at Module._compile (internal/modules/cjs/loader.js:1063:30)
    at Object.Module._extensions..js (internal/modules/cjs/loader.js:1092:10) stack: ReferenceError: Schema is not defined
    at Object.<anonymous> (C:\MOSH\NODEJS\project\models\loan.model.js:12:19)
    at Module._compile (internal/modules/cjs/loader.js:1063:30)
    at Object.Module._extensions..js (internal/modules/cjs/loader.js:1092:10)
    at Module.load (internal/modules/cjs/loader.js:928:32)
    at Function.Module._load (internal/modules/cjs/loader.js:769:14)
    at Module.require (internal/modules/cjs/loader.js:952:19)
    at require (internal/modules/cjs/helpers.js:88:18)
    at Object.<anonymous> (C:\MOSH\NODEJS\project\controllers\admin.controller.js:2:14)
    at Module._compile (internal/modules/cjs/loader.js:1063:30)
    at Object.Module._extensions..js (internal/modules/cjs/loader.js:1092:10) }
{ time: [34m13-03-2022 10:49:04[39m level: [31merror[39m message: uncaughtException: Schema is not defined
ReferenceError: Schema is not defined
    at Object.<anonymous> (C:\MOSH\NODEJS\project\models\loan.model.js:12:19)
    at Module._compile (internal/modules/cjs/loader.js:1063:30)
    at Object.Module._extensions..js (internal/modules/cjs/loader.js:1092:10)
    at Module.load (internal/modules/cjs/loader.js:928:32)
    at Function.Module._load (internal/modules/cjs/loader.js:769:14)
    at Module.require (internal/modules/cjs/loader.js:952:19)
    at require (internal/modules/cjs/helpers.js:88:18)
    at Object.<anonymous> (C:\MOSH\NODEJS\project\controllers\admin.controller.js:2:14)
    at Module._compile (internal/modules/cjs/loader.js:1063:30)
    at Object.Module._extensions..js (internal/modules/cjs/loader.js:1092:10) stack: ReferenceError: Schema is not defined
    at Object.<anonymous> (C:\MOSH\NODEJS\project\models\loan.model.js:12:19)
    at Module._compile (internal/modules/cjs/loader.js:1063:30)
    at Object.Module._extensions..js (internal/modules/cjs/loader.js:1092:10)
    at Module.load (internal/modules/cjs/loader.js:928:32)
    at Function.Module._load (internal/modules/cjs/loader.js:769:14)
    at Module.require (internal/modules/cjs/loader.js:952:19)
    at require (internal/modules/cjs/helpers.js:88:18)
    at Object.<anonymous> (C:\MOSH\NODEJS\project\controllers\admin.controller.js:2:14)
    at Module._compile (internal/modules/cjs/loader.js:1063:30)
    at Object.Module._extensions..js (internal/modules/cjs/loader.js:1092:10) }
{ time: [34m13-03-2022 10:49:22[39m level: [31merror[39m message: uncaughtException: Schema is not defined
ReferenceError: Schema is not defined
    at Object.<anonymous> (C:\MOSH\NODEJS\project\models\loan.model.js:12:19)
    at Module._compile (internal/modules/cjs/loader.js:1063:30)
    at Object.Module._extensions..js (internal/modules/cjs/loader.js:1092:10)
    at Module.load (internal/modules/cjs/loader.js:928:32)
    at Function.Module._load (internal/modules/cjs/loader.js:769:14)
    at Module.require (internal/modules/cjs/loader.js:952:19)
    at require (internal/modules/cjs/helpers.js:88:18)
    at Object.<anonymous> (C:\MOSH\NODEJS\project\controllers\admin.controller.js:2:14)
    at Module._compile (internal/modules/cjs/loader.js:1063:30)
    at Object.Module._extensions..js (internal/modules/cjs/loader.js:1092:10) stack: ReferenceError: Schema is not defined
    at Object.<anonymous> (C:\MOSH\NODEJS\project\models\loan.model.js:12:19)
    at Module._compile (internal/modules/cjs/loader.js:1063:30)
    at Object.Module._extensions..js (internal/modules/cjs/loader.js:1092:10)
    at Module.load (internal/modules/cjs/loader.js:928:32)
    at Function.Module._load (internal/modules/cjs/loader.js:769:14)
    at Module.require (internal/modules/cjs/loader.js:952:19)
    at require (internal/modules/cjs/helpers.js:88:18)
    at Object.<anonymous> (C:\MOSH\NODEJS\project\controllers\admin.controller.js:2:14)
    at Module._compile (internal/modules/cjs/loader.js:1063:30)
    at Object.Module._extensions..js (internal/modules/cjs/loader.js:1092:10) }
{ time: [34m13-03-2022 10:50:31[39m level: [31merror[39m message: uncaughtException: Schema is not defined
ReferenceError: Schema is not defined
    at Object.<anonymous> (C:\MOSH\NODEJS\project\models\loan.model.js:12:19)
    at Module._compile (internal/modules/cjs/loader.js:1063:30)
    at Object.Module._extensions..js (internal/modules/cjs/loader.js:1092:10)
    at Module.load (internal/modules/cjs/loader.js:928:32)
    at Function.Module._load (internal/modules/cjs/loader.js:769:14)
    at Module.require (internal/modules/cjs/loader.js:952:19)
    at require (internal/modules/cjs/helpers.js:88:18)
    at Object.<anonymous> (C:\MOSH\NODEJS\project\controllers\admin.controller.js:2:14)
    at Module._compile (internal/modules/cjs/loader.js:1063:30)
    at Object.Module._extensions..js (internal/modules/cjs/loader.js:1092:10) stack: ReferenceError: Schema is not defined
    at Object.<anonymous> (C:\MOSH\NODEJS\project\models\loan.model.js:12:19)
    at Module._compile (internal/modules/cjs/loader.js:1063:30)
    at Object.Module._extensions..js (internal/modules/cjs/loader.js:1092:10)
    at Module.load (internal/modules/cjs/loader.js:928:32)
    at Function.Module._load (internal/modules/cjs/loader.js:769:14)
    at Module.require (internal/modules/cjs/loader.js:952:19)
    at require (internal/modules/cjs/helpers.js:88:18)
    at Object.<anonymous> (C:\MOSH\NODEJS\project\controllers\admin.controller.js:2:14)
    at Module._compile (internal/modules/cjs/loader.js:1063:30)
    at Object.Module._extensions..js (internal/modules/cjs/loader.js:1092:10) }
{ time: [34m13-03-2022 10:50:39[39m level: [31merror[39m message: uncaughtException: Schema is not defined
ReferenceError: Schema is not defined
    at Object.<anonymous> (C:\MOSH\NODEJS\project\models\loan.model.js:12:19)
    at Module._compile (internal/modules/cjs/loader.js:1063:30)
    at Object.Module._extensions..js (internal/modules/cjs/loader.js:1092:10)
    at Module.load (internal/modules/cjs/loader.js:928:32)
    at Function.Module._load (internal/modules/cjs/loader.js:769:14)
    at Module.require (internal/modules/cjs/loader.js:952:19)
    at require (internal/modules/cjs/helpers.js:88:18)
    at Object.<anonymous> (C:\MOSH\NODEJS\project\controllers\admin.controller.js:2:14)
    at Module._compile (internal/modules/cjs/loader.js:1063:30)
    at Object.Module._extensions..js (internal/modules/cjs/loader.js:1092:10) stack: ReferenceError: Schema is not defined
    at Object.<anonymous> (C:\MOSH\NODEJS\project\models\loan.model.js:12:19)
    at Module._compile (internal/modules/cjs/loader.js:1063:30)
    at Object.Module._extensions..js (internal/modules/cjs/loader.js:1092:10)
    at Module.load (internal/modules/cjs/loader.js:928:32)
    at Function.Module._load (internal/modules/cjs/loader.js:769:14)
    at Module.require (internal/modules/cjs/loader.js:952:19)
    at require (internal/modules/cjs/helpers.js:88:18)
    at Object.<anonymous> (C:\MOSH\NODEJS\project\controllers\admin.controller.js:2:14)
    at Module._compile (internal/modules/cjs/loader.js:1063:30)
    at Object.Module._extensions..js (internal/modules/cjs/loader.js:1092:10) }
{ time: [34m13-03-2022 10:57:16[39m level: [31merror[39m message: uncaughtException: Schema is not defined
ReferenceError: Schema is not defined
    at Object.<anonymous> (C:\MOSH\NODEJS\project\models\loan.model.js:12:19)
    at Module._compile (internal/modules/cjs/loader.js:1063:30)
    at Object.Module._extensions..js (internal/modules/cjs/loader.js:1092:10)
    at Module.load (internal/modules/cjs/loader.js:928:32)
    at Function.Module._load (internal/modules/cjs/loader.js:769:14)
    at Module.require (internal/modules/cjs/loader.js:952:19)
    at require (internal/modules/cjs/helpers.js:88:18)
    at Object.<anonymous> (C:\MOSH\NODEJS\project\controllers\admin.controller.js:2:14)
    at Module._compile (internal/modules/cjs/loader.js:1063:30)
    at Object.Module._extensions..js (internal/modules/cjs/loader.js:1092:10) stack: ReferenceError: Schema is not defined
    at Object.<anonymous> (C:\MOSH\NODEJS\project\models\loan.model.js:12:19)
    at Module._compile (internal/modules/cjs/loader.js:1063:30)
    at Object.Module._extensions..js (internal/modules/cjs/loader.js:1092:10)
    at Module.load (internal/modules/cjs/loader.js:928:32)
    at Function.Module._load (internal/modules/cjs/loader.js:769:14)
    at Module.require (internal/modules/cjs/loader.js:952:19)
    at require (internal/modules/cjs/helpers.js:88:18)
    at Object.<anonymous> (C:\MOSH\NODEJS\project\controllers\admin.controller.js:2:14)
    at Module._compile (internal/modules/cjs/loader.js:1063:30)
    at Object.Module._extensions..js (internal/modules/cjs/loader.js:1092:10) }
{ time: [34m13-03-2022 10:57:30[39m level: [31merror[39m message: uncaughtException: Schema is not defined
ReferenceError: Schema is not defined
    at Object.<anonymous> (C:\MOSH\NODEJS\project\models\loan.model.js:12:19)
    at Module._compile (internal/modules/cjs/loader.js:1063:30)
    at Object.Module._extensions..js (internal/modules/cjs/loader.js:1092:10)
    at Module.load (internal/modules/cjs/loader.js:928:32)
    at Function.Module._load (internal/modules/cjs/loader.js:769:14)
    at Module.require (internal/modules/cjs/loader.js:952:19)
    at require (internal/modules/cjs/helpers.js:88:18)
    at Object.<anonymous> (C:\MOSH\NODEJS\project\controllers\loan.controller.js:1:14)
    at Module._compile (internal/modules/cjs/loader.js:1063:30)
    at Object.Module._extensions..js (internal/modules/cjs/loader.js:1092:10) stack: ReferenceError: Schema is not defined
    at Object.<anonymous> (C:\MOSH\NODEJS\project\models\loan.model.js:12:19)
    at Module._compile (internal/modules/cjs/loader.js:1063:30)
    at Object.Module._extensions..js (internal/modules/cjs/loader.js:1092:10)
    at Module.load (internal/modules/cjs/loader.js:928:32)
    at Function.Module._load (internal/modules/cjs/loader.js:769:14)
    at Module.require (internal/modules/cjs/loader.js:952:19)
    at require (internal/modules/cjs/helpers.js:88:18)
    at Object.<anonymous> (C:\MOSH\NODEJS\project\controllers\loan.controller.js:1:14)
    at Module._compile (internal/modules/cjs/loader.js:1063:30)
    at Object.Module._extensions..js (internal/modules/cjs/loader.js:1092:10) }
{ time: [34m13-03-2022 10:57:54[39m level: [31merror[39m message: uncaughtException: Schema is not defined
ReferenceError: Schema is not defined
    at Object.<anonymous> (C:\MOSH\NODEJS\project\models\loan.model.js:12:19)
    at Module._compile (internal/modules/cjs/loader.js:1063:30)
    at Object.Module._extensions..js (internal/modules/cjs/loader.js:1092:10)
    at Module.load (internal/modules/cjs/loader.js:928:32)
    at Function.Module._load (internal/modules/cjs/loader.js:769:14)
    at Module.require (internal/modules/cjs/loader.js:952:19)
    at require (internal/modules/cjs/helpers.js:88:18)
    at Object.<anonymous> (C:\MOSH\NODEJS\project\controllers\loan.controller.js:1:14)
    at Module._compile (internal/modules/cjs/loader.js:1063:30)
    at Object.Module._extensions..js (internal/modules/cjs/loader.js:1092:10) stack: ReferenceError: Schema is not defined
    at Object.<anonymous> (C:\MOSH\NODEJS\project\models\loan.model.js:12:19)
    at Module._compile (internal/modules/cjs/loader.js:1063:30)
    at Object.Module._extensions..js (internal/modules/cjs/loader.js:1092:10)
    at Module.load (internal/modules/cjs/loader.js:928:32)
    at Function.Module._load (internal/modules/cjs/loader.js:769:14)
    at Module.require (internal/modules/cjs/loader.js:952:19)
    at require (internal/modules/cjs/helpers.js:88:18)
    at Object.<anonymous> (C:\MOSH\NODEJS\project\controllers\loan.controller.js:1:14)
    at Module._compile (internal/modules/cjs/loader.js:1063:30)
    at Object.Module._extensions..js (internal/modules/cjs/loader.js:1092:10) }
{ time: [34m13-03-2022 10:59:44[39m level: [31merror[39m message: uncaughtException: Schema is not defined
ReferenceError: Schema is not defined
    at Object.<anonymous> (C:\MOSH\NODEJS\project\models\loan.model.js:12:19)
    at Module._compile (internal/modules/cjs/loader.js:1063:30)
    at Object.Module._extensions..js (internal/modules/cjs/loader.js:1092:10)
    at Module.load (internal/modules/cjs/loader.js:928:32)
    at Function.Module._load (internal/modules/cjs/loader.js:769:14)
    at Module.require (internal/modules/cjs/loader.js:952:19)
    at require (internal/modules/cjs/helpers.js:88:18)
    at Object.<anonymous> (C:\MOSH\NODEJS\project\controllers\loan.controller.js:1:14)
    at Module._compile (internal/modules/cjs/loader.js:1063:30)
    at Object.Module._extensions..js (internal/modules/cjs/loader.js:1092:10) stack: ReferenceError: Schema is not defined
    at Object.<anonymous> (C:\MOSH\NODEJS\project\models\loan.model.js:12:19)
    at Module._compile (internal/modules/cjs/loader.js:1063:30)
    at Object.Module._extensions..js (internal/modules/cjs/loader.js:1092:10)
    at Module.load (internal/modules/cjs/loader.js:928:32)
    at Function.Module._load (internal/modules/cjs/loader.js:769:14)
    at Module.require (internal/modules/cjs/loader.js:952:19)
    at require (internal/modules/cjs/helpers.js:88:18)
    at Object.<anonymous> (C:\MOSH\NODEJS\project\controllers\loan.controller.js:1:14)
    at Module._compile (internal/modules/cjs/loader.js:1063:30)
    at Object.Module._extensions..js (internal/modules/cjs/loader.js:1092:10) }
{ time: [34m13-03-2022 11:00:06[39m level: [31merror[39m message: uncaughtException: Schema is not defined
ReferenceError: Schema is not defined
    at Object.<anonymous> (C:\MOSH\NODEJS\project\models\loan.model.js:12:19)
    at Module._compile (internal/modules/cjs/loader.js:1063:30)
    at Object.Module._extensions..js (internal/modules/cjs/loader.js:1092:10)
    at Module.load (internal/modules/cjs/loader.js:928:32)
    at Function.Module._load (internal/modules/cjs/loader.js:769:14)
    at Module.require (internal/modules/cjs/loader.js:952:19)
    at require (internal/modules/cjs/helpers.js:88:18)
    at Object.<anonymous> (C:\MOSH\NODEJS\project\controllers\loan.controller.js:1:14)
    at Module._compile (internal/modules/cjs/loader.js:1063:30)
    at Object.Module._extensions..js (internal/modules/cjs/loader.js:1092:10) stack: ReferenceError: Schema is not defined
    at Object.<anonymous> (C:\MOSH\NODEJS\project\models\loan.model.js:12:19)
    at Module._compile (internal/modules/cjs/loader.js:1063:30)
    at Object.Module._extensions..js (internal/modules/cjs/loader.js:1092:10)
    at Module.load (internal/modules/cjs/loader.js:928:32)
    at Function.Module._load (internal/modules/cjs/loader.js:769:14)
    at Module.require (internal/modules/cjs/loader.js:952:19)
    at require (internal/modules/cjs/helpers.js:88:18)
    at Object.<anonymous> (C:\MOSH\NODEJS\project\controllers\loan.controller.js:1:14)
    at Module._compile (internal/modules/cjs/loader.js:1063:30)
    at Object.Module._extensions..js (internal/modules/cjs/loader.js:1092:10) }
{ time: [34m13-03-2022 11:00:51[39m level: [31merror[39m message: uncaughtException: Schema is not defined
ReferenceError: Schema is not defined
    at Object.<anonymous> (C:\MOSH\NODEJS\project\models\loan.model.js:12:19)
    at Module._compile (internal/modules/cjs/loader.js:1063:30)
    at Object.Module._extensions..js (internal/modules/cjs/loader.js:1092:10)
    at Module.load (internal/modules/cjs/loader.js:928:32)
    at Function.Module._load (internal/modules/cjs/loader.js:769:14)
    at Module.require (internal/modules/cjs/loader.js:952:19)
    at require (internal/modules/cjs/helpers.js:88:18)
    at Object.<anonymous> (C:\MOSH\NODEJS\project\controllers\loan.controller.js:1:14)
    at Module._compile (internal/modules/cjs/loader.js:1063:30)
    at Object.Module._extensions..js (internal/modules/cjs/loader.js:1092:10) stack: ReferenceError: Schema is not defined
    at Object.<anonymous> (C:\MOSH\NODEJS\project\models\loan.model.js:12:19)
    at Module._compile (internal/modules/cjs/loader.js:1063:30)
    at Object.Module._extensions..js (internal/modules/cjs/loader.js:1092:10)
    at Module.load (internal/modules/cjs/loader.js:928:32)
    at Function.Module._load (internal/modules/cjs/loader.js:769:14)
    at Module.require (internal/modules/cjs/loader.js:952:19)
    at require (internal/modules/cjs/helpers.js:88:18)
    at Object.<anonymous> (C:\MOSH\NODEJS\project\controllers\loan.controller.js:1:14)
    at Module._compile (internal/modules/cjs/loader.js:1063:30)
    at Object.Module._extensions..js (internal/modules/cjs/loader.js:1092:10) }
{ time: [34m13-03-2022 11:10:22[39m level: [31merror[39m message: uncaughtException: Schema is not defined
ReferenceError: Schema is not defined
    at Object.<anonymous> (C:\MOSH\NODEJS\project\models\loan.model.js:12:19)
    at Module._compile (internal/modules/cjs/loader.js:1063:30)
    at Object.Module._extensions..js (internal/modules/cjs/loader.js:1092:10)
    at Module.load (internal/modules/cjs/loader.js:928:32)
    at Function.Module._load (internal/modules/cjs/loader.js:769:14)
    at Module.require (internal/modules/cjs/loader.js:952:19)
    at require (internal/modules/cjs/helpers.js:88:18)
    at Object.<anonymous> (C:\MOSH\NODEJS\project\controllers\loan.controller.js:1:14)
    at Module._compile (internal/modules/cjs/loader.js:1063:30)
    at Object.Module._extensions..js (internal/modules/cjs/loader.js:1092:10) stack: ReferenceError: Schema is not defined
    at Object.<anonymous> (C:\MOSH\NODEJS\project\models\loan.model.js:12:19)
    at Module._compile (internal/modules/cjs/loader.js:1063:30)
    at Object.Module._extensions..js (internal/modules/cjs/loader.js:1092:10)
    at Module.load (internal/modules/cjs/loader.js:928:32)
    at Function.Module._load (internal/modules/cjs/loader.js:769:14)
    at Module.require (internal/modules/cjs/loader.js:952:19)
    at require (internal/modules/cjs/helpers.js:88:18)
    at Object.<anonymous> (C:\MOSH\NODEJS\project\controllers\loan.controller.js:1:14)
    at Module._compile (internal/modules/cjs/loader.js:1063:30)
    at Object.Module._extensions..js (internal/modules/cjs/loader.js:1092:10) }
{ time: [34m13-03-2022 11:10:48[39m level: [31merror[39m message: uncaughtException: Schema is not defined
ReferenceError: Schema is not defined
    at Object.<anonymous> (C:\MOSH\NODEJS\project\models\loan.model.js:12:19)
    at Module._compile (internal/modules/cjs/loader.js:1063:30)
    at Object.Module._extensions..js (internal/modules/cjs/loader.js:1092:10)
    at Module.load (internal/modules/cjs/loader.js:928:32)
    at Function.Module._load (internal/modules/cjs/loader.js:769:14)
    at Module.require (internal/modules/cjs/loader.js:952:19)
    at require (internal/modules/cjs/helpers.js:88:18)
    at Object.<anonymous> (C:\MOSH\NODEJS\project\controllers\loan.controller.js:1:14)
    at Module._compile (internal/modules/cjs/loader.js:1063:30)
    at Object.Module._extensions..js (internal/modules/cjs/loader.js:1092:10) stack: ReferenceError: Schema is not defined
    at Object.<anonymous> (C:\MOSH\NODEJS\project\models\loan.model.js:12:19)
    at Module._compile (internal/modules/cjs/loader.js:1063:30)
    at Object.Module._extensions..js (internal/modules/cjs/loader.js:1092:10)
    at Module.load (internal/modules/cjs/loader.js:928:32)
    at Function.Module._load (internal/modules/cjs/loader.js:769:14)
    at Module.require (internal/modules/cjs/loader.js:952:19)
    at require (internal/modules/cjs/helpers.js:88:18)
    at Object.<anonymous> (C:\MOSH\NODEJS\project\controllers\loan.controller.js:1:14)
    at Module._compile (internal/modules/cjs/loader.js:1063:30)
    at Object.Module._extensions..js (internal/modules/cjs/loader.js:1092:10) }
{ time: [34m13-03-2022 11:11:10[39m level: [31merror[39m message: uncaughtException: Schema is not defined
ReferenceError: Schema is not defined
    at Object.<anonymous> (C:\MOSH\NODEJS\project\models\loan.model.js:12:19)
    at Module._compile (internal/modules/cjs/loader.js:1063:30)
    at Object.Module._extensions..js (internal/modules/cjs/loader.js:1092:10)
    at Module.load (internal/modules/cjs/loader.js:928:32)
    at Function.Module._load (internal/modules/cjs/loader.js:769:14)
    at Module.require (internal/modules/cjs/loader.js:952:19)
    at require (internal/modules/cjs/helpers.js:88:18)
    at Object.<anonymous> (C:\MOSH\NODEJS\project\controllers\loan.controller.js:1:14)
    at Module._compile (internal/modules/cjs/loader.js:1063:30)
    at Object.Module._extensions..js (internal/modules/cjs/loader.js:1092:10) stack: ReferenceError: Schema is not defined
    at Object.<anonymous> (C:\MOSH\NODEJS\project\models\loan.model.js:12:19)
    at Module._compile (internal/modules/cjs/loader.js:1063:30)
    at Object.Module._extensions..js (internal/modules/cjs/loader.js:1092:10)
    at Module.load (internal/modules/cjs/loader.js:928:32)
    at Function.Module._load (internal/modules/cjs/loader.js:769:14)
    at Module.require (internal/modules/cjs/loader.js:952:19)
    at require (internal/modules/cjs/helpers.js:88:18)
    at Object.<anonymous> (C:\MOSH\NODEJS\project\controllers\loan.controller.js:1:14)
    at Module._compile (internal/modules/cjs/loader.js:1063:30)
    at Object.Module._extensions..js (internal/modules/cjs/loader.js:1092:10) }
{ time: [34m13-03-2022 11:13:10[39m level: [31merror[39m message: uncaughtException: Schema is not defined
ReferenceError: Schema is not defined
    at Object.<anonymous> (C:\MOSH\NODEJS\project\models\loan.model.js:12:19)
    at Module._compile (internal/modules/cjs/loader.js:1063:30)
    at Object.Module._extensions..js (internal/modules/cjs/loader.js:1092:10)
    at Module.load (internal/modules/cjs/loader.js:928:32)
    at Function.Module._load (internal/modules/cjs/loader.js:769:14)
    at Module.require (internal/modules/cjs/loader.js:952:19)
    at require (internal/modules/cjs/helpers.js:88:18)
    at Object.<anonymous> (C:\MOSH\NODEJS\project\controllers\loan.controller.js:1:14)
    at Module._compile (internal/modules/cjs/loader.js:1063:30)
    at Object.Module._extensions..js (internal/modules/cjs/loader.js:1092:10) stack: ReferenceError: Schema is not defined
    at Object.<anonymous> (C:\MOSH\NODEJS\project\models\loan.model.js:12:19)
    at Module._compile (internal/modules/cjs/loader.js:1063:30)
    at Object.Module._extensions..js (internal/modules/cjs/loader.js:1092:10)
    at Module.load (internal/modules/cjs/loader.js:928:32)
    at Function.Module._load (internal/modules/cjs/loader.js:769:14)
    at Module.require (internal/modules/cjs/loader.js:952:19)
    at require (internal/modules/cjs/helpers.js:88:18)
    at Object.<anonymous> (C:\MOSH\NODEJS\project\controllers\loan.controller.js:1:14)
    at Module._compile (internal/modules/cjs/loader.js:1063:30)
    at Object.Module._extensions..js (internal/modules/cjs/loader.js:1092:10) }
{ time: [34m13-03-2022 11:15:15[39m level: [31merror[39m message: uncaughtException: Schema is not defined
ReferenceError: Schema is not defined
    at Object.<anonymous> (C:\MOSH\NODEJS\project\models\loan.model.js:12:19)
    at Module._compile (internal/modules/cjs/loader.js:1063:30)
    at Object.Module._extensions..js (internal/modules/cjs/loader.js:1092:10)
    at Module.load (internal/modules/cjs/loader.js:928:32)
    at Function.Module._load (internal/modules/cjs/loader.js:769:14)
    at Module.require (internal/modules/cjs/loader.js:952:19)
    at require (internal/modules/cjs/helpers.js:88:18)
    at Object.<anonymous> (C:\MOSH\NODEJS\project\controllers\loan.controller.js:1:14)
    at Module._compile (internal/modules/cjs/loader.js:1063:30)
    at Object.Module._extensions..js (internal/modules/cjs/loader.js:1092:10) stack: ReferenceError: Schema is not defined
    at Object.<anonymous> (C:\MOSH\NODEJS\project\models\loan.model.js:12:19)
    at Module._compile (internal/modules/cjs/loader.js:1063:30)
    at Object.Module._extensions..js (internal/modules/cjs/loader.js:1092:10)
    at Module.load (internal/modules/cjs/loader.js:928:32)
    at Function.Module._load (internal/modules/cjs/loader.js:769:14)
    at Module.require (internal/modules/cjs/loader.js:952:19)
    at require (internal/modules/cjs/helpers.js:88:18)
    at Object.<anonymous> (C:\MOSH\NODEJS\project\controllers\loan.controller.js:1:14)
    at Module._compile (internal/modules/cjs/loader.js:1063:30)
    at Object.Module._extensions..js (internal/modules/cjs/loader.js:1092:10) }
{ time: [34m13-03-2022 11:15:26[39m level: [31merror[39m message: uncaughtException: Schema is not defined
ReferenceError: Schema is not defined
    at Object.<anonymous> (C:\MOSH\NODEJS\project\models\loan.model.js:12:19)
    at Module._compile (internal/modules/cjs/loader.js:1063:30)
    at Object.Module._extensions..js (internal/modules/cjs/loader.js:1092:10)
    at Module.load (internal/modules/cjs/loader.js:928:32)
    at Function.Module._load (internal/modules/cjs/loader.js:769:14)
    at Module.require (internal/modules/cjs/loader.js:952:19)
    at require (internal/modules/cjs/helpers.js:88:18)
    at Object.<anonymous> (C:\MOSH\NODEJS\project\controllers\loan.controller.js:1:14)
    at Module._compile (internal/modules/cjs/loader.js:1063:30)
    at Object.Module._extensions..js (internal/modules/cjs/loader.js:1092:10) stack: ReferenceError: Schema is not defined
    at Object.<anonymous> (C:\MOSH\NODEJS\project\models\loan.model.js:12:19)
    at Module._compile (internal/modules/cjs/loader.js:1063:30)
    at Object.Module._extensions..js (internal/modules/cjs/loader.js:1092:10)
    at Module.load (internal/modules/cjs/loader.js:928:32)
    at Function.Module._load (internal/modules/cjs/loader.js:769:14)
    at Module.require (internal/modules/cjs/loader.js:952:19)
    at require (internal/modules/cjs/helpers.js:88:18)
    at Object.<anonymous> (C:\MOSH\NODEJS\project\controllers\loan.controller.js:1:14)
    at Module._compile (internal/modules/cjs/loader.js:1063:30)
    at Object.Module._extensions..js (internal/modules/cjs/loader.js:1092:10) }
{ time: [34m13-03-2022 11:15:40[39m level: [31merror[39m message: uncaughtException: Schema is not defined
ReferenceError: Schema is not defined
    at Object.<anonymous> (C:\MOSH\NODEJS\project\models\loan.model.js:12:19)
    at Module._compile (internal/modules/cjs/loader.js:1063:30)
    at Object.Module._extensions..js (internal/modules/cjs/loader.js:1092:10)
    at Module.load (internal/modules/cjs/loader.js:928:32)
    at Function.Module._load (internal/modules/cjs/loader.js:769:14)
    at Module.require (internal/modules/cjs/loader.js:952:19)
    at require (internal/modules/cjs/helpers.js:88:18)
    at Object.<anonymous> (C:\MOSH\NODEJS\project\controllers\loan.controller.js:1:14)
    at Module._compile (internal/modules/cjs/loader.js:1063:30)
    at Object.Module._extensions..js (internal/modules/cjs/loader.js:1092:10) stack: ReferenceError: Schema is not defined
    at Object.<anonymous> (C:\MOSH\NODEJS\project\models\loan.model.js:12:19)
    at Module._compile (internal/modules/cjs/loader.js:1063:30)
    at Object.Module._extensions..js (internal/modules/cjs/loader.js:1092:10)
    at Module.load (internal/modules/cjs/loader.js:928:32)
    at Function.Module._load (internal/modules/cjs/loader.js:769:14)
    at Module.require (internal/modules/cjs/loader.js:952:19)
    at require (internal/modules/cjs/helpers.js:88:18)
    at Object.<anonymous> (C:\MOSH\NODEJS\project\controllers\loan.controller.js:1:14)
    at Module._compile (internal/modules/cjs/loader.js:1063:30)
    at Object.Module._extensions..js (internal/modules/cjs/loader.js:1092:10) }
{ time: [34m13-03-2022 11:15:53[39m level: [31merror[39m message: uncaughtException: Schema is not defined
ReferenceError: Schema is not defined
    at Object.<anonymous> (C:\MOSH\NODEJS\project\models\loan.model.js:12:19)
    at Module._compile (internal/modules/cjs/loader.js:1063:30)
    at Object.Module._extensions..js (internal/modules/cjs/loader.js:1092:10)
    at Module.load (internal/modules/cjs/loader.js:928:32)
    at Function.Module._load (internal/modules/cjs/loader.js:769:14)
    at Module.require (internal/modules/cjs/loader.js:952:19)
    at require (internal/modules/cjs/helpers.js:88:18)
    at Object.<anonymous> (C:\MOSH\NODEJS\project\controllers\loan.controller.js:1:14)
    at Module._compile (internal/modules/cjs/loader.js:1063:30)
    at Object.Module._extensions..js (internal/modules/cjs/loader.js:1092:10) stack: ReferenceError: Schema is not defined
    at Object.<anonymous> (C:\MOSH\NODEJS\project\models\loan.model.js:12:19)
    at Module._compile (internal/modules/cjs/loader.js:1063:30)
    at Object.Module._extensions..js (internal/modules/cjs/loader.js:1092:10)
    at Module.load (internal/modules/cjs/loader.js:928:32)
    at Function.Module._load (internal/modules/cjs/loader.js:769:14)
    at Module.require (internal/modules/cjs/loader.js:952:19)
    at require (internal/modules/cjs/helpers.js:88:18)
    at Object.<anonymous> (C:\MOSH\NODEJS\project\controllers\loan.controller.js:1:14)
    at Module._compile (internal/modules/cjs/loader.js:1063:30)
    at Object.Module._extensions..js (internal/modules/cjs/loader.js:1092:10) }
{ time: [34m13-03-2022 11:19:00[39m level: [31merror[39m message: uncaughtException: Schema is not defined
ReferenceError: Schema is not defined
    at Object.<anonymous> (C:\MOSH\NODEJS\project\models\loan.model.js:12:19)
    at Module._compile (internal/modules/cjs/loader.js:1063:30)
    at Object.Module._extensions..js (internal/modules/cjs/loader.js:1092:10)
    at Module.load (internal/modules/cjs/loader.js:928:32)
    at Function.Module._load (internal/modules/cjs/loader.js:769:14)
    at Module.require (internal/modules/cjs/loader.js:952:19)
    at require (internal/modules/cjs/helpers.js:88:18)
    at Object.<anonymous> (C:\MOSH\NODEJS\project\controllers\loan.controller.js:1:14)
    at Module._compile (internal/modules/cjs/loader.js:1063:30)
    at Object.Module._extensions..js (internal/modules/cjs/loader.js:1092:10) stack: ReferenceError: Schema is not defined
    at Object.<anonymous> (C:\MOSH\NODEJS\project\models\loan.model.js:12:19)
    at Module._compile (internal/modules/cjs/loader.js:1063:30)
    at Object.Module._extensions..js (internal/modules/cjs/loader.js:1092:10)
    at Module.load (internal/modules/cjs/loader.js:928:32)
    at Function.Module._load (internal/modules/cjs/loader.js:769:14)
    at Module.require (internal/modules/cjs/loader.js:952:19)
    at require (internal/modules/cjs/helpers.js:88:18)
    at Object.<anonymous> (C:\MOSH\NODEJS\project\controllers\loan.controller.js:1:14)
    at Module._compile (internal/modules/cjs/loader.js:1063:30)
    at Object.Module._extensions..js (internal/modules/cjs/loader.js:1092:10) }
{ time: [34m13-03-2022 11:29:24[39m level: [31merror[39m message: uncaughtException: Schema is not defined
ReferenceError: Schema is not defined
    at Object.<anonymous> (C:\MOSH\NODEJS\project\models\loan.model.js:12:19)
    at Module._compile (internal/modules/cjs/loader.js:1063:30)
    at Object.Module._extensions..js (internal/modules/cjs/loader.js:1092:10)
    at Module.load (internal/modules/cjs/loader.js:928:32)
    at Function.Module._load (internal/modules/cjs/loader.js:769:14)
    at Module.require (internal/modules/cjs/loader.js:952:19)
    at require (internal/modules/cjs/helpers.js:88:18)
    at Object.<anonymous> (C:\MOSH\NODEJS\project\controllers\loan.controller.js:1:14)
    at Module._compile (internal/modules/cjs/loader.js:1063:30)
    at Object.Module._extensions..js (internal/modules/cjs/loader.js:1092:10) stack: ReferenceError: Schema is not defined
    at Object.<anonymous> (C:\MOSH\NODEJS\project\models\loan.model.js:12:19)
    at Module._compile (internal/modules/cjs/loader.js:1063:30)
    at Object.Module._extensions..js (internal/modules/cjs/loader.js:1092:10)
    at Module.load (internal/modules/cjs/loader.js:928:32)
    at Function.Module._load (internal/modules/cjs/loader.js:769:14)
    at Module.require (internal/modules/cjs/loader.js:952:19)
    at require (internal/modules/cjs/helpers.js:88:18)
    at Object.<anonymous> (C:\MOSH\NODEJS\project\controllers\loan.controller.js:1:14)
    at Module._compile (internal/modules/cjs/loader.js:1063:30)
    at Object.Module._extensions..js (internal/modules/cjs/loader.js:1092:10) }
{ time: [34m13-03-2022 11:30:47[39m level: [31merror[39m message: uncaughtException: Schema is not defined
ReferenceError: Schema is not defined
    at Object.<anonymous> (C:\MOSH\NODEJS\project\models\loan.model.js:12:19)
    at Module._compile (internal/modules/cjs/loader.js:1063:30)
    at Object.Module._extensions..js (internal/modules/cjs/loader.js:1092:10)
    at Module.load (internal/modules/cjs/loader.js:928:32)
    at Function.Module._load (internal/modules/cjs/loader.js:769:14)
    at Module.require (internal/modules/cjs/loader.js:952:19)
    at require (internal/modules/cjs/helpers.js:88:18)
    at Object.<anonymous> (C:\MOSH\NODEJS\project\controllers\loan.controller.js:1:14)
    at Module._compile (internal/modules/cjs/loader.js:1063:30)
    at Object.Module._extensions..js (internal/modules/cjs/loader.js:1092:10) stack: ReferenceError: Schema is not defined
    at Object.<anonymous> (C:\MOSH\NODEJS\project\models\loan.model.js:12:19)
    at Module._compile (internal/modules/cjs/loader.js:1063:30)
    at Object.Module._extensions..js (internal/modules/cjs/loader.js:1092:10)
    at Module.load (internal/modules/cjs/loader.js:928:32)
    at Function.Module._load (internal/modules/cjs/loader.js:769:14)
    at Module.require (internal/modules/cjs/loader.js:952:19)
    at require (internal/modules/cjs/helpers.js:88:18)
    at Object.<anonymous> (C:\MOSH\NODEJS\project\controllers\loan.controller.js:1:14)
    at Module._compile (internal/modules/cjs/loader.js:1063:30)
    at Object.Module._extensions..js (internal/modules/cjs/loader.js:1092:10) }
{ time: [34m13-03-2022 11:45:05[39m level: [31merror[39m message: uncaughtException: Schema is not defined
ReferenceError: Schema is not defined
    at Object.<anonymous> (C:\MOSH\NODEJS\project\models\loan.model.js:12:19)
    at Module._compile (internal/modules/cjs/loader.js:1063:30)
    at Object.Module._extensions..js (internal/modules/cjs/loader.js:1092:10)
    at Module.load (internal/modules/cjs/loader.js:928:32)
    at Function.Module._load (internal/modules/cjs/loader.js:769:14)
    at Module.require (internal/modules/cjs/loader.js:952:19)
    at require (internal/modules/cjs/helpers.js:88:18)
    at Object.<anonymous> (C:\MOSH\NODEJS\project\controllers\loan.controller.js:1:14)
    at Module._compile (internal/modules/cjs/loader.js:1063:30)
    at Object.Module._extensions..js (internal/modules/cjs/loader.js:1092:10) stack: ReferenceError: Schema is not defined
    at Object.<anonymous> (C:\MOSH\NODEJS\project\models\loan.model.js:12:19)
    at Module._compile (internal/modules/cjs/loader.js:1063:30)
    at Object.Module._extensions..js (internal/modules/cjs/loader.js:1092:10)
    at Module.load (internal/modules/cjs/loader.js:928:32)
    at Function.Module._load (internal/modules/cjs/loader.js:769:14)
    at Module.require (internal/modules/cjs/loader.js:952:19)
    at require (internal/modules/cjs/helpers.js:88:18)
    at Object.<anonymous> (C:\MOSH\NODEJS\project\controllers\loan.controller.js:1:14)
    at Module._compile (internal/modules/cjs/loader.js:1063:30)
    at Object.Module._extensions..js (internal/modules/cjs/loader.js:1092:10) }
{ time: [34m13-03-2022 11:46:16[39m level: [31merror[39m message: uncaughtException: Schema is not defined
ReferenceError: Schema is not defined
    at Object.<anonymous> (C:\MOSH\NODEJS\project\models\loan.model.js:12:19)
    at Module._compile (internal/modules/cjs/loader.js:1063:30)
    at Object.Module._extensions..js (internal/modules/cjs/loader.js:1092:10)
    at Module.load (internal/modules/cjs/loader.js:928:32)
    at Function.Module._load (internal/modules/cjs/loader.js:769:14)
    at Module.require (internal/modules/cjs/loader.js:952:19)
    at require (internal/modules/cjs/helpers.js:88:18)
    at Object.<anonymous> (C:\MOSH\NODEJS\project\controllers\loan.controller.js:1:14)
    at Module._compile (internal/modules/cjs/loader.js:1063:30)
    at Object.Module._extensions..js (internal/modules/cjs/loader.js:1092:10) stack: ReferenceError: Schema is not defined
    at Object.<anonymous> (C:\MOSH\NODEJS\project\models\loan.model.js:12:19)
    at Module._compile (internal/modules/cjs/loader.js:1063:30)
    at Object.Module._extensions..js (internal/modules/cjs/loader.js:1092:10)
    at Module.load (internal/modules/cjs/loader.js:928:32)
    at Function.Module._load (internal/modules/cjs/loader.js:769:14)
    at Module.require (internal/modules/cjs/loader.js:952:19)
    at require (internal/modules/cjs/helpers.js:88:18)
    at Object.<anonymous> (C:\MOSH\NODEJS\project\controllers\loan.controller.js:1:14)
    at Module._compile (internal/modules/cjs/loader.js:1063:30)
    at Object.Module._extensions..js (internal/modules/cjs/loader.js:1092:10) }
{ time: [34m13-03-2022 11:46:30[39m level: [31merror[39m message: uncaughtException: Schema is not defined
ReferenceError: Schema is not defined
    at Object.<anonymous> (C:\MOSH\NODEJS\project\models\loan.model.js:12:19)
    at Module._compile (internal/modules/cjs/loader.js:1063:30)
    at Object.Module._extensions..js (internal/modules/cjs/loader.js:1092:10)
    at Module.load (internal/modules/cjs/loader.js:928:32)
    at Function.Module._load (internal/modules/cjs/loader.js:769:14)
    at Module.require (internal/modules/cjs/loader.js:952:19)
    at require (internal/modules/cjs/helpers.js:88:18)
    at Object.<anonymous> (C:\MOSH\NODEJS\project\controllers\loan.controller.js:1:14)
    at Module._compile (internal/modules/cjs/loader.js:1063:30)
    at Object.Module._extensions..js (internal/modules/cjs/loader.js:1092:10) stack: ReferenceError: Schema is not defined
    at Object.<anonymous> (C:\MOSH\NODEJS\project\models\loan.model.js:12:19)
    at Module._compile (internal/modules/cjs/loader.js:1063:30)
    at Object.Module._extensions..js (internal/modules/cjs/loader.js:1092:10)
    at Module.load (internal/modules/cjs/loader.js:928:32)
    at Function.Module._load (internal/modules/cjs/loader.js:769:14)
    at Module.require (internal/modules/cjs/loader.js:952:19)
    at require (internal/modules/cjs/helpers.js:88:18)
    at Object.<anonymous> (C:\MOSH\NODEJS\project\controllers\loan.controller.js:1:14)
    at Module._compile (internal/modules/cjs/loader.js:1063:30)
    at Object.Module._extensions..js (internal/modules/cjs/loader.js:1092:10) }
{ time: [34m13-03-2022 11:48:57[39m level: [31merror[39m message: uncaughtException: Schema is not defined
ReferenceError: Schema is not defined
    at Object.<anonymous> (C:\MOSH\NODEJS\project\models\loan.model.js:12:19)
    at Module._compile (internal/modules/cjs/loader.js:1063:30)
    at Object.Module._extensions..js (internal/modules/cjs/loader.js:1092:10)
    at Module.load (internal/modules/cjs/loader.js:928:32)
    at Function.Module._load (internal/modules/cjs/loader.js:769:14)
    at Module.require (internal/modules/cjs/loader.js:952:19)
    at require (internal/modules/cjs/helpers.js:88:18)
    at Object.<anonymous> (C:\MOSH\NODEJS\project\controllers\loan.controller.js:1:14)
    at Module._compile (internal/modules/cjs/loader.js:1063:30)
    at Object.Module._extensions..js (internal/modules/cjs/loader.js:1092:10) stack: ReferenceError: Schema is not defined
    at Object.<anonymous> (C:\MOSH\NODEJS\project\models\loan.model.js:12:19)
    at Module._compile (internal/modules/cjs/loader.js:1063:30)
    at Object.Module._extensions..js (internal/modules/cjs/loader.js:1092:10)
    at Module.load (internal/modules/cjs/loader.js:928:32)
    at Function.Module._load (internal/modules/cjs/loader.js:769:14)
    at Module.require (internal/modules/cjs/loader.js:952:19)
    at require (internal/modules/cjs/helpers.js:88:18)
    at Object.<anonymous> (C:\MOSH\NODEJS\project\controllers\loan.controller.js:1:14)
    at Module._compile (internal/modules/cjs/loader.js:1063:30)
    at Object.Module._extensions..js (internal/modules/cjs/loader.js:1092:10) }
{ time: [34m13-03-2022 11:49:18[39m level: [31merror[39m message: uncaughtException: Schema is not defined
ReferenceError: Schema is not defined
    at Object.<anonymous> (C:\MOSH\NODEJS\project\models\loan.model.js:12:19)
    at Module._compile (internal/modules/cjs/loader.js:1063:30)
    at Object.Module._extensions..js (internal/modules/cjs/loader.js:1092:10)
    at Module.load (internal/modules/cjs/loader.js:928:32)
    at Function.Module._load (internal/modules/cjs/loader.js:769:14)
    at Module.require (internal/modules/cjs/loader.js:952:19)
    at require (internal/modules/cjs/helpers.js:88:18)
    at Object.<anonymous> (C:\MOSH\NODEJS\project\controllers\loan.controller.js:1:14)
    at Module._compile (internal/modules/cjs/loader.js:1063:30)
    at Object.Module._extensions..js (internal/modules/cjs/loader.js:1092:10) stack: ReferenceError: Schema is not defined
    at Object.<anonymous> (C:\MOSH\NODEJS\project\models\loan.model.js:12:19)
    at Module._compile (internal/modules/cjs/loader.js:1063:30)
    at Object.Module._extensions..js (internal/modules/cjs/loader.js:1092:10)
    at Module.load (internal/modules/cjs/loader.js:928:32)
    at Function.Module._load (internal/modules/cjs/loader.js:769:14)
    at Module.require (internal/modules/cjs/loader.js:952:19)
    at require (internal/modules/cjs/helpers.js:88:18)
    at Object.<anonymous> (C:\MOSH\NODEJS\project\controllers\loan.controller.js:1:14)
    at Module._compile (internal/modules/cjs/loader.js:1063:30)
    at Object.Module._extensions..js (internal/modules/cjs/loader.js:1092:10) }
{ time: [34m13-03-2022 11:54:22[39m level: [31merror[39m message: uncaughtException: Schema is not defined
ReferenceError: Schema is not defined
    at Object.<anonymous> (C:\MOSH\NODEJS\project\models\loan.model.js:12:19)
    at Module._compile (internal/modules/cjs/loader.js:1063:30)
    at Object.Module._extensions..js (internal/modules/cjs/loader.js:1092:10)
    at Module.load (internal/modules/cjs/loader.js:928:32)
    at Function.Module._load (internal/modules/cjs/loader.js:769:14)
    at Module.require (internal/modules/cjs/loader.js:952:19)
    at require (internal/modules/cjs/helpers.js:88:18)
    at Object.<anonymous> (C:\MOSH\NODEJS\project\controllers\loan.controller.js:1:14)
    at Module._compile (internal/modules/cjs/loader.js:1063:30)
    at Object.Module._extensions..js (internal/modules/cjs/loader.js:1092:10) stack: ReferenceError: Schema is not defined
    at Object.<anonymous> (C:\MOSH\NODEJS\project\models\loan.model.js:12:19)
    at Module._compile (internal/modules/cjs/loader.js:1063:30)
    at Object.Module._extensions..js (internal/modules/cjs/loader.js:1092:10)
    at Module.load (internal/modules/cjs/loader.js:928:32)
    at Function.Module._load (internal/modules/cjs/loader.js:769:14)
    at Module.require (internal/modules/cjs/loader.js:952:19)
    at require (internal/modules/cjs/helpers.js:88:18)
    at Object.<anonymous> (C:\MOSH\NODEJS\project\controllers\loan.controller.js:1:14)
    at Module._compile (internal/modules/cjs/loader.js:1063:30)
    at Object.Module._extensions..js (internal/modules/cjs/loader.js:1092:10) }
{ time: [34m13-03-2022 11:54:31[39m level: [31merror[39m message: uncaughtException: Schema is not defined
ReferenceError: Schema is not defined
    at Object.<anonymous> (C:\MOSH\NODEJS\project\models\loan.model.js:12:19)
    at Module._compile (internal/modules/cjs/loader.js:1063:30)
    at Object.Module._extensions..js (internal/modules/cjs/loader.js:1092:10)
    at Module.load (internal/modules/cjs/loader.js:928:32)
    at Function.Module._load (internal/modules/cjs/loader.js:769:14)
    at Module.require (internal/modules/cjs/loader.js:952:19)
    at require (internal/modules/cjs/helpers.js:88:18)
    at Object.<anonymous> (C:\MOSH\NODEJS\project\controllers\loan.controller.js:1:14)
    at Module._compile (internal/modules/cjs/loader.js:1063:30)
    at Object.Module._extensions..js (internal/modules/cjs/loader.js:1092:10) stack: ReferenceError: Schema is not defined
    at Object.<anonymous> (C:\MOSH\NODEJS\project\models\loan.model.js:12:19)
    at Module._compile (internal/modules/cjs/loader.js:1063:30)
    at Object.Module._extensions..js (internal/modules/cjs/loader.js:1092:10)
    at Module.load (internal/modules/cjs/loader.js:928:32)
    at Function.Module._load (internal/modules/cjs/loader.js:769:14)
    at Module.require (internal/modules/cjs/loader.js:952:19)
    at require (internal/modules/cjs/helpers.js:88:18)
    at Object.<anonymous> (C:\MOSH\NODEJS\project\controllers\loan.controller.js:1:14)
    at Module._compile (internal/modules/cjs/loader.js:1063:30)
    at Object.Module._extensions..js (internal/modules/cjs/loader.js:1092:10) }
{ time: [34m13-03-2022 11:55:01[39m level: [31merror[39m message: uncaughtException: Schema is not defined
ReferenceError: Schema is not defined
    at Object.<anonymous> (C:\MOSH\NODEJS\project\models\loan.model.js:12:19)
    at Module._compile (internal/modules/cjs/loader.js:1063:30)
    at Object.Module._extensions..js (internal/modules/cjs/loader.js:1092:10)
    at Module.load (internal/modules/cjs/loader.js:928:32)
    at Function.Module._load (internal/modules/cjs/loader.js:769:14)
    at Module.require (internal/modules/cjs/loader.js:952:19)
    at require (internal/modules/cjs/helpers.js:88:18)
    at Object.<anonymous> (C:\MOSH\NODEJS\project\controllers\loan.controller.js:1:14)
    at Module._compile (internal/modules/cjs/loader.js:1063:30)
    at Object.Module._extensions..js (internal/modules/cjs/loader.js:1092:10) stack: ReferenceError: Schema is not defined
    at Object.<anonymous> (C:\MOSH\NODEJS\project\models\loan.model.js:12:19)
    at Module._compile (internal/modules/cjs/loader.js:1063:30)
    at Object.Module._extensions..js (internal/modules/cjs/loader.js:1092:10)
    at Module.load (internal/modules/cjs/loader.js:928:32)
    at Function.Module._load (internal/modules/cjs/loader.js:769:14)
    at Module.require (internal/modules/cjs/loader.js:952:19)
    at require (internal/modules/cjs/helpers.js:88:18)
    at Object.<anonymous> (C:\MOSH\NODEJS\project\controllers\loan.controller.js:1:14)
    at Module._compile (internal/modules/cjs/loader.js:1063:30)
    at Object.Module._extensions..js (internal/modules/cjs/loader.js:1092:10) }
{ time: [34m13-03-2022 12:12:54[39m level: [31merror[39m message: uncaughtException: Schema is not defined
ReferenceError: Schema is not defined
    at Object.<anonymous> (C:\MOSH\NODEJS\project\models\loan.model.js:12:19)
    at Module._compile (internal/modules/cjs/loader.js:1063:30)
    at Object.Module._extensions..js (internal/modules/cjs/loader.js:1092:10)
    at Module.load (internal/modules/cjs/loader.js:928:32)
    at Function.Module._load (internal/modules/cjs/loader.js:769:14)
    at Module.require (internal/modules/cjs/loader.js:952:19)
    at require (internal/modules/cjs/helpers.js:88:18)
    at Object.<anonymous> (C:\MOSH\NODEJS\project\controllers\loan.controller.js:1:14)
    at Module._compile (internal/modules/cjs/loader.js:1063:30)
    at Object.Module._extensions..js (internal/modules/cjs/loader.js:1092:10) stack: ReferenceError: Schema is not defined
    at Object.<anonymous> (C:\MOSH\NODEJS\project\models\loan.model.js:12:19)
    at Module._compile (internal/modules/cjs/loader.js:1063:30)
    at Object.Module._extensions..js (internal/modules/cjs/loader.js:1092:10)
    at Module.load (internal/modules/cjs/loader.js:928:32)
    at Function.Module._load (internal/modules/cjs/loader.js:769:14)
    at Module.require (internal/modules/cjs/loader.js:952:19)
    at require (internal/modules/cjs/helpers.js:88:18)
    at Object.<anonymous> (C:\MOSH\NODEJS\project\controllers\loan.controller.js:1:14)
    at Module._compile (internal/modules/cjs/loader.js:1063:30)
    at Object.Module._extensions..js (internal/modules/cjs/loader.js:1092:10) }
{ time: [34m13-03-2022 12:18:41[39m level: [31merror[39m message: uncaughtException: Identifier 'newUserLoan' has already been declared
C:\MOSH\NODEJS\project\controllers\loan.controller.js:67
    const newUserLoan = new Loan({
          ^

SyntaxError: Identifier 'newUserLoan' has already been declared
    at wrapSafe (internal/modules/cjs/loader.js:979:16)
    at Module._compile (internal/modules/cjs/loader.js:1027:27)
    at Object.Module._extensions..js (internal/modules/cjs/loader.js:1092:10)
    at Module.load (internal/modules/cjs/loader.js:928:32)
    at Function.Module._load (internal/modules/cjs/loader.js:769:14)
    at Module.require (internal/modules/cjs/loader.js:952:19)
    at require (internal/modules/cjs/helpers.js:88:18)
    at Object.<anonymous> (C:\MOSH\NODEJS\project\routes\loan.route.js:2:18)
    at Module._compile (internal/modules/cjs/loader.js:1063:30)
    at Object.Module._extensions..js (internal/modules/cjs/loader.js:1092:10) stack: C:\MOSH\NODEJS\project\controllers\loan.controller.js:67
    const newUserLoan = new Loan({
          ^

SyntaxError: Identifier 'newUserLoan' has already been declared
    at wrapSafe (internal/modules/cjs/loader.js:979:16)
    at Module._compile (internal/modules/cjs/loader.js:1027:27)
    at Object.Module._extensions..js (internal/modules/cjs/loader.js:1092:10)
    at Module.load (internal/modules/cjs/loader.js:928:32)
    at Function.Module._load (internal/modules/cjs/loader.js:769:14)
    at Module.require (internal/modules/cjs/loader.js:952:19)
    at require (internal/modules/cjs/helpers.js:88:18)
    at Object.<anonymous> (C:\MOSH\NODEJS\project\routes\loan.route.js:2:18)
    at Module._compile (internal/modules/cjs/loader.js:1063:30)
    at Object.Module._extensions..js (internal/modules/cjs/loader.js:1092:10) }
{ time: [34m13-03-2022 12:27:30[39m level: [31merror[39m message: uncaughtException: Schema is not defined
ReferenceError: Schema is not defined
    at Object.<anonymous> (C:\MOSH\NODEJS\project\models\loan.model.js:12:19)
    at Module._compile (internal/modules/cjs/loader.js:1063:30)
    at Object.Module._extensions..js (internal/modules/cjs/loader.js:1092:10)
    at Module.load (internal/modules/cjs/loader.js:928:32)
    at Function.Module._load (internal/modules/cjs/loader.js:769:14)
    at Module.require (internal/modules/cjs/loader.js:952:19)
    at require (internal/modules/cjs/helpers.js:88:18)
    at Object.<anonymous> (C:\MOSH\NODEJS\project\controllers\loan.controller.js:1:14)
    at Module._compile (internal/modules/cjs/loader.js:1063:30)
    at Object.Module._extensions..js (internal/modules/cjs/loader.js:1092:10) stack: ReferenceError: Schema is not defined
    at Object.<anonymous> (C:\MOSH\NODEJS\project\models\loan.model.js:12:19)
    at Module._compile (internal/modules/cjs/loader.js:1063:30)
    at Object.Module._extensions..js (internal/modules/cjs/loader.js:1092:10)
    at Module.load (internal/modules/cjs/loader.js:928:32)
    at Function.Module._load (internal/modules/cjs/loader.js:769:14)
    at Module.require (internal/modules/cjs/loader.js:952:19)
    at require (internal/modules/cjs/helpers.js:88:18)
    at Object.<anonymous> (C:\MOSH\NODEJS\project\controllers\loan.controller.js:1:14)
    at Module._compile (internal/modules/cjs/loader.js:1063:30)
    at Object.Module._extensions..js (internal/modules/cjs/loader.js:1092:10) }
{ time: [34m13-03-2022 12:29:26[39m level: [31merror[39m message: uncaughtException: Schema is not defined
ReferenceError: Schema is not defined
    at Object.<anonymous> (C:\MOSH\NODEJS\project\models\loan.model.js:12:19)
    at Module._compile (internal/modules/cjs/loader.js:1063:30)
    at Object.Module._extensions..js (internal/modules/cjs/loader.js:1092:10)
    at Module.load (internal/modules/cjs/loader.js:928:32)
    at Function.Module._load (internal/modules/cjs/loader.js:769:14)
    at Module.require (internal/modules/cjs/loader.js:952:19)
    at require (internal/modules/cjs/helpers.js:88:18)
    at Object.<anonymous> (C:\MOSH\NODEJS\project\controllers\loan.controller.js:1:14)
    at Module._compile (internal/modules/cjs/loader.js:1063:30)
    at Object.Module._extensions..js (internal/modules/cjs/loader.js:1092:10) stack: ReferenceError: Schema is not defined
    at Object.<anonymous> (C:\MOSH\NODEJS\project\models\loan.model.js:12:19)
    at Module._compile (internal/modules/cjs/loader.js:1063:30)
    at Object.Module._extensions..js (internal/modules/cjs/loader.js:1092:10)
    at Module.load (internal/modules/cjs/loader.js:928:32)
    at Function.Module._load (internal/modules/cjs/loader.js:769:14)
    at Module.require (internal/modules/cjs/loader.js:952:19)
    at require (internal/modules/cjs/helpers.js:88:18)
    at Object.<anonymous> (C:\MOSH\NODEJS\project\controllers\loan.controller.js:1:14)
    at Module._compile (internal/modules/cjs/loader.js:1063:30)
    at Object.Module._extensions..js (internal/modules/cjs/loader.js:1092:10) }
{ time: [34m13-03-2022 12:38:30[39m level: [31merror[39m message: uncaughtException: Schema is not defined
ReferenceError: Schema is not defined
    at Object.<anonymous> (C:\MOSH\NODEJS\project\models\loan.model.js:12:19)
    at Module._compile (internal/modules/cjs/loader.js:1063:30)
    at Object.Module._extensions..js (internal/modules/cjs/loader.js:1092:10)
    at Module.load (internal/modules/cjs/loader.js:928:32)
    at Function.Module._load (internal/modules/cjs/loader.js:769:14)
    at Module.require (internal/modules/cjs/loader.js:952:19)
    at require (internal/modules/cjs/helpers.js:88:18)
    at Object.<anonymous> (C:\MOSH\NODEJS\project\controllers\loan.controller.js:1:14)
    at Module._compile (internal/modules/cjs/loader.js:1063:30)
    at Object.Module._extensions..js (internal/modules/cjs/loader.js:1092:10) stack: ReferenceError: Schema is not defined
    at Object.<anonymous> (C:\MOSH\NODEJS\project\models\loan.model.js:12:19)
    at Module._compile (internal/modules/cjs/loader.js:1063:30)
    at Object.Module._extensions..js (internal/modules/cjs/loader.js:1092:10)
    at Module.load (internal/modules/cjs/loader.js:928:32)
    at Function.Module._load (internal/modules/cjs/loader.js:769:14)
    at Module.require (internal/modules/cjs/loader.js:952:19)
    at require (internal/modules/cjs/helpers.js:88:18)
    at Object.<anonymous> (C:\MOSH\NODEJS\project\controllers\loan.controller.js:1:14)
    at Module._compile (internal/modules/cjs/loader.js:1063:30)
    at Object.Module._extensions..js (internal/modules/cjs/loader.js:1092:10) }
{ time: [34m13-03-2022 12:41:15[39m level: [31merror[39m message: uncaughtException: Schema is not defined
ReferenceError: Schema is not defined
    at Object.<anonymous> (C:\MOSH\NODEJS\project\models\loan.model.js:12:19)
    at Module._compile (internal/modules/cjs/loader.js:1063:30)
    at Object.Module._extensions..js (internal/modules/cjs/loader.js:1092:10)
    at Module.load (internal/modules/cjs/loader.js:928:32)
    at Function.Module._load (internal/modules/cjs/loader.js:769:14)
    at Module.require (internal/modules/cjs/loader.js:952:19)
    at require (internal/modules/cjs/helpers.js:88:18)
    at Object.<anonymous> (C:\MOSH\NODEJS\project\controllers\loan.controller.js:1:14)
    at Module._compile (internal/modules/cjs/loader.js:1063:30)
    at Object.Module._extensions..js (internal/modules/cjs/loader.js:1092:10) stack: ReferenceError: Schema is not defined
    at Object.<anonymous> (C:\MOSH\NODEJS\project\models\loan.model.js:12:19)
    at Module._compile (internal/modules/cjs/loader.js:1063:30)
    at Object.Module._extensions..js (internal/modules/cjs/loader.js:1092:10)
    at Module.load (internal/modules/cjs/loader.js:928:32)
    at Function.Module._load (internal/modules/cjs/loader.js:769:14)
    at Module.require (internal/modules/cjs/loader.js:952:19)
    at require (internal/modules/cjs/helpers.js:88:18)
    at Object.<anonymous> (C:\MOSH\NODEJS\project\controllers\loan.controller.js:1:14)
    at Module._compile (internal/modules/cjs/loader.js:1063:30)
    at Object.Module._extensions..js (internal/modules/cjs/loader.js:1092:10) }
{ time: [34m13-03-2022 12:41:27[39m level: [31merror[39m message: uncaughtException: Schema is not defined
ReferenceError: Schema is not defined
    at Object.<anonymous> (C:\MOSH\NODEJS\project\models\loan.model.js:12:19)
    at Module._compile (internal/modules/cjs/loader.js:1063:30)
    at Object.Module._extensions..js (internal/modules/cjs/loader.js:1092:10)
    at Module.load (internal/modules/cjs/loader.js:928:32)
    at Function.Module._load (internal/modules/cjs/loader.js:769:14)
    at Module.require (internal/modules/cjs/loader.js:952:19)
    at require (internal/modules/cjs/helpers.js:88:18)
    at Object.<anonymous> (C:\MOSH\NODEJS\project\controllers\loan.controller.js:1:14)
    at Module._compile (internal/modules/cjs/loader.js:1063:30)
    at Object.Module._extensions..js (internal/modules/cjs/loader.js:1092:10) stack: ReferenceError: Schema is not defined
    at Object.<anonymous> (C:\MOSH\NODEJS\project\models\loan.model.js:12:19)
    at Module._compile (internal/modules/cjs/loader.js:1063:30)
    at Object.Module._extensions..js (internal/modules/cjs/loader.js:1092:10)
    at Module.load (internal/modules/cjs/loader.js:928:32)
    at Function.Module._load (internal/modules/cjs/loader.js:769:14)
    at Module.require (internal/modules/cjs/loader.js:952:19)
    at require (internal/modules/cjs/helpers.js:88:18)
    at Object.<anonymous> (C:\MOSH\NODEJS\project\controllers\loan.controller.js:1:14)
    at Module._compile (internal/modules/cjs/loader.js:1063:30)
    at Object.Module._extensions..js (internal/modules/cjs/loader.js:1092:10) }
{ time: [34m13-03-2022 12:50:01[39m level: [31merror[39m message: uncaughtException: Schema is not defined
ReferenceError: Schema is not defined
    at Object.<anonymous> (C:\MOSH\NODEJS\project\models\loan.model.js:12:19)
    at Module._compile (internal/modules/cjs/loader.js:1063:30)
    at Object.Module._extensions..js (internal/modules/cjs/loader.js:1092:10)
    at Module.load (internal/modules/cjs/loader.js:928:32)
    at Function.Module._load (internal/modules/cjs/loader.js:769:14)
    at Module.require (internal/modules/cjs/loader.js:952:19)
    at require (internal/modules/cjs/helpers.js:88:18)
    at Object.<anonymous> (C:\MOSH\NODEJS\project\controllers\loan.controller.js:1:14)
    at Module._compile (internal/modules/cjs/loader.js:1063:30)
    at Object.Module._extensions..js (internal/modules/cjs/loader.js:1092:10) stack: ReferenceError: Schema is not defined
    at Object.<anonymous> (C:\MOSH\NODEJS\project\models\loan.model.js:12:19)
    at Module._compile (internal/modules/cjs/loader.js:1063:30)
    at Object.Module._extensions..js (internal/modules/cjs/loader.js:1092:10)
    at Module.load (internal/modules/cjs/loader.js:928:32)
    at Function.Module._load (internal/modules/cjs/loader.js:769:14)
    at Module.require (internal/modules/cjs/loader.js:952:19)
    at require (internal/modules/cjs/helpers.js:88:18)
    at Object.<anonymous> (C:\MOSH\NODEJS\project\controllers\loan.controller.js:1:14)
    at Module._compile (internal/modules/cjs/loader.js:1063:30)
    at Object.Module._extensions..js (internal/modules/cjs/loader.js:1092:10) }
{ time: [34m13-03-2022 12:50:34[39m level: [31merror[39m message: uncaughtException: Schema is not defined
ReferenceError: Schema is not defined
    at Object.<anonymous> (C:\MOSH\NODEJS\project\models\loan.model.js:12:19)
    at Module._compile (internal/modules/cjs/loader.js:1063:30)
    at Object.Module._extensions..js (internal/modules/cjs/loader.js:1092:10)
    at Module.load (internal/modules/cjs/loader.js:928:32)
    at Function.Module._load (internal/modules/cjs/loader.js:769:14)
    at Module.require (internal/modules/cjs/loader.js:952:19)
    at require (internal/modules/cjs/helpers.js:88:18)
    at Object.<anonymous> (C:\MOSH\NODEJS\project\controllers\loan.controller.js:1:14)
    at Module._compile (internal/modules/cjs/loader.js:1063:30)
    at Object.Module._extensions..js (internal/modules/cjs/loader.js:1092:10) stack: ReferenceError: Schema is not defined
    at Object.<anonymous> (C:\MOSH\NODEJS\project\models\loan.model.js:12:19)
    at Module._compile (internal/modules/cjs/loader.js:1063:30)
    at Object.Module._extensions..js (internal/modules/cjs/loader.js:1092:10)
    at Module.load (internal/modules/cjs/loader.js:928:32)
    at Function.Module._load (internal/modules/cjs/loader.js:769:14)
    at Module.require (internal/modules/cjs/loader.js:952:19)
    at require (internal/modules/cjs/helpers.js:88:18)
    at Object.<anonymous> (C:\MOSH\NODEJS\project\controllers\loan.controller.js:1:14)
    at Module._compile (internal/modules/cjs/loader.js:1063:30)
    at Object.Module._extensions..js (internal/modules/cjs/loader.js:1092:10) }
{ time: [34m13-03-2022 12:53:26[39m level: [31merror[39m message: uncaughtException: Schema is not defined
ReferenceError: Schema is not defined
    at Object.<anonymous> (C:\MOSH\NODEJS\project\models\loan.model.js:12:19)
    at Module._compile (internal/modules/cjs/loader.js:1063:30)
    at Object.Module._extensions..js (internal/modules/cjs/loader.js:1092:10)
    at Module.load (internal/modules/cjs/loader.js:928:32)
    at Function.Module._load (internal/modules/cjs/loader.js:769:14)
    at Module.require (internal/modules/cjs/loader.js:952:19)
    at require (internal/modules/cjs/helpers.js:88:18)
    at Object.<anonymous> (C:\MOSH\NODEJS\project\controllers\loan.controller.js:1:14)
    at Module._compile (internal/modules/cjs/loader.js:1063:30)
    at Object.Module._extensions..js (internal/modules/cjs/loader.js:1092:10) stack: ReferenceError: Schema is not defined
    at Object.<anonymous> (C:\MOSH\NODEJS\project\models\loan.model.js:12:19)
    at Module._compile (internal/modules/cjs/loader.js:1063:30)
    at Object.Module._extensions..js (internal/modules/cjs/loader.js:1092:10)
    at Module.load (internal/modules/cjs/loader.js:928:32)
    at Function.Module._load (internal/modules/cjs/loader.js:769:14)
    at Module.require (internal/modules/cjs/loader.js:952:19)
    at require (internal/modules/cjs/helpers.js:88:18)
    at Object.<anonymous> (C:\MOSH\NODEJS\project\controllers\loan.controller.js:1:14)
    at Module._compile (internal/modules/cjs/loader.js:1063:30)
    at Object.Module._extensions..js (internal/modules/cjs/loader.js:1092:10) }
{ time: [34m13-03-2022 12:59:32[39m level: [31merror[39m message: uncaughtException: Schema is not defined
ReferenceError: Schema is not defined
    at Object.<anonymous> (C:\MOSH\NODEJS\project\models\loan.model.js:12:19)
    at Module._compile (internal/modules/cjs/loader.js:1063:30)
    at Object.Module._extensions..js (internal/modules/cjs/loader.js:1092:10)
    at Module.load (internal/modules/cjs/loader.js:928:32)
    at Function.Module._load (internal/modules/cjs/loader.js:769:14)
    at Module.require (internal/modules/cjs/loader.js:952:19)
    at require (internal/modules/cjs/helpers.js:88:18)
    at Object.<anonymous> (C:\MOSH\NODEJS\project\controllers\loan.controller.js:1:14)
    at Module._compile (internal/modules/cjs/loader.js:1063:30)
    at Object.Module._extensions..js (internal/modules/cjs/loader.js:1092:10) stack: ReferenceError: Schema is not defined
    at Object.<anonymous> (C:\MOSH\NODEJS\project\models\loan.model.js:12:19)
    at Module._compile (internal/modules/cjs/loader.js:1063:30)
    at Object.Module._extensions..js (internal/modules/cjs/loader.js:1092:10)
    at Module.load (internal/modules/cjs/loader.js:928:32)
    at Function.Module._load (internal/modules/cjs/loader.js:769:14)
    at Module.require (internal/modules/cjs/loader.js:952:19)
    at require (internal/modules/cjs/helpers.js:88:18)
    at Object.<anonymous> (C:\MOSH\NODEJS\project\controllers\loan.controller.js:1:14)
    at Module._compile (internal/modules/cjs/loader.js:1063:30)
    at Object.Module._extensions..js (internal/modules/cjs/loader.js:1092:10) }
{ time: [34m13-03-2022 13:00:54[39m level: [31merror[39m message: uncaughtException: Schema is not defined
ReferenceError: Schema is not defined
    at Object.<anonymous> (C:\MOSH\NODEJS\project\models\loan.model.js:12:19)
    at Module._compile (internal/modules/cjs/loader.js:1063:30)
    at Object.Module._extensions..js (internal/modules/cjs/loader.js:1092:10)
    at Module.load (internal/modules/cjs/loader.js:928:32)
    at Function.Module._load (internal/modules/cjs/loader.js:769:14)
    at Module.require (internal/modules/cjs/loader.js:952:19)
    at require (internal/modules/cjs/helpers.js:88:18)
    at Object.<anonymous> (C:\MOSH\NODEJS\project\controllers\loan.controller.js:1:14)
    at Module._compile (internal/modules/cjs/loader.js:1063:30)
    at Object.Module._extensions..js (internal/modules/cjs/loader.js:1092:10) stack: ReferenceError: Schema is not defined
    at Object.<anonymous> (C:\MOSH\NODEJS\project\models\loan.model.js:12:19)
    at Module._compile (internal/modules/cjs/loader.js:1063:30)
    at Object.Module._extensions..js (internal/modules/cjs/loader.js:1092:10)
    at Module.load (internal/modules/cjs/loader.js:928:32)
    at Function.Module._load (internal/modules/cjs/loader.js:769:14)
    at Module.require (internal/modules/cjs/loader.js:952:19)
    at require (internal/modules/cjs/helpers.js:88:18)
    at Object.<anonymous> (C:\MOSH\NODEJS\project\controllers\loan.controller.js:1:14)
    at Module._compile (internal/modules/cjs/loader.js:1063:30)
    at Object.Module._extensions..js (internal/modules/cjs/loader.js:1092:10) }
{ time: [34m13-03-2022 13:01:50[39m level: [31merror[39m message: uncaughtException: Schema is not defined
ReferenceError: Schema is not defined
    at Object.<anonymous> (C:\MOSH\NODEJS\project\models\loan.model.js:12:19)
    at Module._compile (internal/modules/cjs/loader.js:1063:30)
    at Object.Module._extensions..js (internal/modules/cjs/loader.js:1092:10)
    at Module.load (internal/modules/cjs/loader.js:928:32)
    at Function.Module._load (internal/modules/cjs/loader.js:769:14)
    at Module.require (internal/modules/cjs/loader.js:952:19)
    at require (internal/modules/cjs/helpers.js:88:18)
    at Object.<anonymous> (C:\MOSH\NODEJS\project\controllers\loan.controller.js:1:14)
    at Module._compile (internal/modules/cjs/loader.js:1063:30)
    at Object.Module._extensions..js (internal/modules/cjs/loader.js:1092:10) stack: ReferenceError: Schema is not defined
    at Object.<anonymous> (C:\MOSH\NODEJS\project\models\loan.model.js:12:19)
    at Module._compile (internal/modules/cjs/loader.js:1063:30)
    at Object.Module._extensions..js (internal/modules/cjs/loader.js:1092:10)
    at Module.load (internal/modules/cjs/loader.js:928:32)
    at Function.Module._load (internal/modules/cjs/loader.js:769:14)
    at Module.require (internal/modules/cjs/loader.js:952:19)
    at require (internal/modules/cjs/helpers.js:88:18)
    at Object.<anonymous> (C:\MOSH\NODEJS\project\controllers\loan.controller.js:1:14)
    at Module._compile (internal/modules/cjs/loader.js:1063:30)
    at Object.Module._extensions..js (internal/modules/cjs/loader.js:1092:10) }
{ time: [34m13-03-2022 13:04:48[39m level: [31merror[39m message: uncaughtException: Schema is not defined
ReferenceError: Schema is not defined
    at Object.<anonymous> (C:\MOSH\NODEJS\project\models\loan.model.js:12:19)
    at Module._compile (internal/modules/cjs/loader.js:1063:30)
    at Object.Module._extensions..js (internal/modules/cjs/loader.js:1092:10)
    at Module.load (internal/modules/cjs/loader.js:928:32)
    at Function.Module._load (internal/modules/cjs/loader.js:769:14)
    at Module.require (internal/modules/cjs/loader.js:952:19)
    at require (internal/modules/cjs/helpers.js:88:18)
    at Object.<anonymous> (C:\MOSH\NODEJS\project\controllers\loan.controller.js:1:14)
    at Module._compile (internal/modules/cjs/loader.js:1063:30)
    at Object.Module._extensions..js (internal/modules/cjs/loader.js:1092:10) stack: ReferenceError: Schema is not defined
    at Object.<anonymous> (C:\MOSH\NODEJS\project\models\loan.model.js:12:19)
    at Module._compile (internal/modules/cjs/loader.js:1063:30)
    at Object.Module._extensions..js (internal/modules/cjs/loader.js:1092:10)
    at Module.load (internal/modules/cjs/loader.js:928:32)
    at Function.Module._load (internal/modules/cjs/loader.js:769:14)
    at Module.require (internal/modules/cjs/loader.js:952:19)
    at require (internal/modules/cjs/helpers.js:88:18)
    at Object.<anonymous> (C:\MOSH\NODEJS\project\controllers\loan.controller.js:1:14)
    at Module._compile (internal/modules/cjs/loader.js:1063:30)
    at Object.Module._extensions..js (internal/modules/cjs/loader.js:1092:10) }
{ time: [34m13-03-2022 13:05:10[39m level: [31merror[39m message: uncaughtException: Schema is not defined
ReferenceError: Schema is not defined
    at Object.<anonymous> (C:\MOSH\NODEJS\project\models\loan.model.js:12:19)
    at Module._compile (internal/modules/cjs/loader.js:1063:30)
    at Object.Module._extensions..js (internal/modules/cjs/loader.js:1092:10)
    at Module.load (internal/modules/cjs/loader.js:928:32)
    at Function.Module._load (internal/modules/cjs/loader.js:769:14)
    at Module.require (internal/modules/cjs/loader.js:952:19)
    at require (internal/modules/cjs/helpers.js:88:18)
    at Object.<anonymous> (C:\MOSH\NODEJS\project\controllers\loan.controller.js:1:14)
    at Module._compile (internal/modules/cjs/loader.js:1063:30)
    at Object.Module._extensions..js (internal/modules/cjs/loader.js:1092:10) stack: ReferenceError: Schema is not defined
    at Object.<anonymous> (C:\MOSH\NODEJS\project\models\loan.model.js:12:19)
    at Module._compile (internal/modules/cjs/loader.js:1063:30)
    at Object.Module._extensions..js (internal/modules/cjs/loader.js:1092:10)
    at Module.load (internal/modules/cjs/loader.js:928:32)
    at Function.Module._load (internal/modules/cjs/loader.js:769:14)
    at Module.require (internal/modules/cjs/loader.js:952:19)
    at require (internal/modules/cjs/helpers.js:88:18)
    at Object.<anonymous> (C:\MOSH\NODEJS\project\controllers\loan.controller.js:1:14)
    at Module._compile (internal/modules/cjs/loader.js:1063:30)
    at Object.Module._extensions..js (internal/modules/cjs/loader.js:1092:10) }
{ time: [34m13-03-2022 13:07:23[39m level: [31merror[39m message: uncaughtException: Schema is not defined
ReferenceError: Schema is not defined
    at Object.<anonymous> (C:\MOSH\NODEJS\project\models\loan.model.js:12:19)
    at Module._compile (internal/modules/cjs/loader.js:1063:30)
    at Object.Module._extensions..js (internal/modules/cjs/loader.js:1092:10)
    at Module.load (internal/modules/cjs/loader.js:928:32)
    at Function.Module._load (internal/modules/cjs/loader.js:769:14)
    at Module.require (internal/modules/cjs/loader.js:952:19)
    at require (internal/modules/cjs/helpers.js:88:18)
    at Object.<anonymous> (C:\MOSH\NODEJS\project\controllers\loan.controller.js:1:14)
    at Module._compile (internal/modules/cjs/loader.js:1063:30)
    at Object.Module._extensions..js (internal/modules/cjs/loader.js:1092:10) stack: ReferenceError: Schema is not defined
    at Object.<anonymous> (C:\MOSH\NODEJS\project\models\loan.model.js:12:19)
    at Module._compile (internal/modules/cjs/loader.js:1063:30)
    at Object.Module._extensions..js (internal/modules/cjs/loader.js:1092:10)
    at Module.load (internal/modules/cjs/loader.js:928:32)
    at Function.Module._load (internal/modules/cjs/loader.js:769:14)
    at Module.require (internal/modules/cjs/loader.js:952:19)
    at require (internal/modules/cjs/helpers.js:88:18)
    at Object.<anonymous> (C:\MOSH\NODEJS\project\controllers\loan.controller.js:1:14)
    at Module._compile (internal/modules/cjs/loader.js:1063:30)
    at Object.Module._extensions..js (internal/modules/cjs/loader.js:1092:10) }
{ time: [34m13-03-2022 13:08:08[39m level: [31merror[39m message: uncaughtException: Schema is not defined
ReferenceError: Schema is not defined
    at Object.<anonymous> (C:\MOSH\NODEJS\project\models\loan.model.js:12:19)
    at Module._compile (internal/modules/cjs/loader.js:1063:30)
    at Object.Module._extensions..js (internal/modules/cjs/loader.js:1092:10)
    at Module.load (internal/modules/cjs/loader.js:928:32)
    at Function.Module._load (internal/modules/cjs/loader.js:769:14)
    at Module.require (internal/modules/cjs/loader.js:952:19)
    at require (internal/modules/cjs/helpers.js:88:18)
    at Object.<anonymous> (C:\MOSH\NODEJS\project\controllers\loan.controller.js:1:14)
    at Module._compile (internal/modules/cjs/loader.js:1063:30)
    at Object.Module._extensions..js (internal/modules/cjs/loader.js:1092:10) stack: ReferenceError: Schema is not defined
    at Object.<anonymous> (C:\MOSH\NODEJS\project\models\loan.model.js:12:19)
    at Module._compile (internal/modules/cjs/loader.js:1063:30)
    at Object.Module._extensions..js (internal/modules/cjs/loader.js:1092:10)
    at Module.load (internal/modules/cjs/loader.js:928:32)
    at Function.Module._load (internal/modules/cjs/loader.js:769:14)
    at Module.require (internal/modules/cjs/loader.js:952:19)
    at require (internal/modules/cjs/helpers.js:88:18)
    at Object.<anonymous> (C:\MOSH\NODEJS\project\controllers\loan.controller.js:1:14)
    at Module._compile (internal/modules/cjs/loader.js:1063:30)
    at Object.Module._extensions..js (internal/modules/cjs/loader.js:1092:10) }
{ time: [34m13-03-2022 13:08:34[39m level: [31merror[39m message: uncaughtException: Schema is not defined
ReferenceError: Schema is not defined
    at Object.<anonymous> (C:\MOSH\NODEJS\project\models\loan.model.js:12:19)
    at Module._compile (internal/modules/cjs/loader.js:1063:30)
    at Object.Module._extensions..js (internal/modules/cjs/loader.js:1092:10)
    at Module.load (internal/modules/cjs/loader.js:928:32)
    at Function.Module._load (internal/modules/cjs/loader.js:769:14)
    at Module.require (internal/modules/cjs/loader.js:952:19)
    at require (internal/modules/cjs/helpers.js:88:18)
    at Object.<anonymous> (C:\MOSH\NODEJS\project\controllers\loan.controller.js:1:14)
    at Module._compile (internal/modules/cjs/loader.js:1063:30)
    at Object.Module._extensions..js (internal/modules/cjs/loader.js:1092:10) stack: ReferenceError: Schema is not defined
    at Object.<anonymous> (C:\MOSH\NODEJS\project\models\loan.model.js:12:19)
    at Module._compile (internal/modules/cjs/loader.js:1063:30)
    at Object.Module._extensions..js (internal/modules/cjs/loader.js:1092:10)
    at Module.load (internal/modules/cjs/loader.js:928:32)
    at Function.Module._load (internal/modules/cjs/loader.js:769:14)
    at Module.require (internal/modules/cjs/loader.js:952:19)
    at require (internal/modules/cjs/helpers.js:88:18)
    at Object.<anonymous> (C:\MOSH\NODEJS\project\controllers\loan.controller.js:1:14)
    at Module._compile (internal/modules/cjs/loader.js:1063:30)
    at Object.Module._extensions..js (internal/modules/cjs/loader.js:1092:10) }
{ time: [34m13-03-2022 13:13:20[39m level: [31merror[39m message: uncaughtException: Schema is not defined
ReferenceError: Schema is not defined
    at Object.<anonymous> (C:\MOSH\NODEJS\project\models\loan.model.js:12:19)
    at Module._compile (internal/modules/cjs/loader.js:1063:30)
    at Object.Module._extensions..js (internal/modules/cjs/loader.js:1092:10)
    at Module.load (internal/modules/cjs/loader.js:928:32)
    at Function.Module._load (internal/modules/cjs/loader.js:769:14)
    at Module.require (internal/modules/cjs/loader.js:952:19)
    at require (internal/modules/cjs/helpers.js:88:18)
    at Object.<anonymous> (C:\MOSH\NODEJS\project\controllers\loan.controller.js:1:14)
    at Module._compile (internal/modules/cjs/loader.js:1063:30)
    at Object.Module._extensions..js (internal/modules/cjs/loader.js:1092:10) stack: ReferenceError: Schema is not defined
    at Object.<anonymous> (C:\MOSH\NODEJS\project\models\loan.model.js:12:19)
    at Module._compile (internal/modules/cjs/loader.js:1063:30)
    at Object.Module._extensions..js (internal/modules/cjs/loader.js:1092:10)
    at Module.load (internal/modules/cjs/loader.js:928:32)
    at Function.Module._load (internal/modules/cjs/loader.js:769:14)
    at Module.require (internal/modules/cjs/loader.js:952:19)
    at require (internal/modules/cjs/helpers.js:88:18)
    at Object.<anonymous> (C:\MOSH\NODEJS\project\controllers\loan.controller.js:1:14)
    at Module._compile (internal/modules/cjs/loader.js:1063:30)
    at Object.Module._extensions..js (internal/modules/cjs/loader.js:1092:10) }
{ time: [34m13-03-2022 13:13:59[39m level: [31merror[39m message: uncaughtException: Schema is not defined
ReferenceError: Schema is not defined
    at Object.<anonymous> (C:\MOSH\NODEJS\project\models\loan.model.js:12:19)
    at Module._compile (internal/modules/cjs/loader.js:1063:30)
    at Object.Module._extensions..js (internal/modules/cjs/loader.js:1092:10)
    at Module.load (internal/modules/cjs/loader.js:928:32)
    at Function.Module._load (internal/modules/cjs/loader.js:769:14)
    at Module.require (internal/modules/cjs/loader.js:952:19)
    at require (internal/modules/cjs/helpers.js:88:18)
    at Object.<anonymous> (C:\MOSH\NODEJS\project\controllers\loan.controller.js:1:14)
    at Module._compile (internal/modules/cjs/loader.js:1063:30)
    at Object.Module._extensions..js (internal/modules/cjs/loader.js:1092:10) stack: ReferenceError: Schema is not defined
    at Object.<anonymous> (C:\MOSH\NODEJS\project\models\loan.model.js:12:19)
    at Module._compile (internal/modules/cjs/loader.js:1063:30)
    at Object.Module._extensions..js (internal/modules/cjs/loader.js:1092:10)
    at Module.load (internal/modules/cjs/loader.js:928:32)
    at Function.Module._load (internal/modules/cjs/loader.js:769:14)
    at Module.require (internal/modules/cjs/loader.js:952:19)
    at require (internal/modules/cjs/helpers.js:88:18)
    at Object.<anonymous> (C:\MOSH\NODEJS\project\controllers\loan.controller.js:1:14)
    at Module._compile (internal/modules/cjs/loader.js:1063:30)
    at Object.Module._extensions..js (internal/modules/cjs/loader.js:1092:10) }
{ time: [34m13-03-2022 13:14:26[39m level: [31merror[39m message: uncaughtException: Schema is not defined
ReferenceError: Schema is not defined
    at Object.<anonymous> (C:\MOSH\NODEJS\project\models\loan.model.js:12:19)
    at Module._compile (internal/modules/cjs/loader.js:1063:30)
    at Object.Module._extensions..js (internal/modules/cjs/loader.js:1092:10)
    at Module.load (internal/modules/cjs/loader.js:928:32)
    at Function.Module._load (internal/modules/cjs/loader.js:769:14)
    at Module.require (internal/modules/cjs/loader.js:952:19)
    at require (internal/modules/cjs/helpers.js:88:18)
    at Object.<anonymous> (C:\MOSH\NODEJS\project\controllers\loan.controller.js:1:14)
    at Module._compile (internal/modules/cjs/loader.js:1063:30)
    at Object.Module._extensions..js (internal/modules/cjs/loader.js:1092:10) stack: ReferenceError: Schema is not defined
    at Object.<anonymous> (C:\MOSH\NODEJS\project\models\loan.model.js:12:19)
    at Module._compile (internal/modules/cjs/loader.js:1063:30)
    at Object.Module._extensions..js (internal/modules/cjs/loader.js:1092:10)
    at Module.load (internal/modules/cjs/loader.js:928:32)
    at Function.Module._load (internal/modules/cjs/loader.js:769:14)
    at Module.require (internal/modules/cjs/loader.js:952:19)
    at require (internal/modules/cjs/helpers.js:88:18)
    at Object.<anonymous> (C:\MOSH\NODEJS\project\controllers\loan.controller.js:1:14)
    at Module._compile (internal/modules/cjs/loader.js:1063:30)
    at Object.Module._extensions..js (internal/modules/cjs/loader.js:1092:10) }
{ time: [34m13-03-2022 13:15:35[39m level: [31merror[39m message: uncaughtException: await is only valid in async function
C:\MOSH\NODEJS\project\controllers\loan.controller.js:130
  const loans = await Loan.find({ _id: req.user.id }, { userId: 0 });
                ^^^^^

SyntaxError: await is only valid in async function
    at wrapSafe (internal/modules/cjs/loader.js:979:16)
    at Module._compile (internal/modules/cjs/loader.js:1027:27)
    at Object.Module._extensions..js (internal/modules/cjs/loader.js:1092:10)
    at Module.load (internal/modules/cjs/loader.js:928:32)
    at Function.Module._load (internal/modules/cjs/loader.js:769:14)
    at Module.require (internal/modules/cjs/loader.js:952:19)
    at require (internal/modules/cjs/helpers.js:88:18)
    at Object.<anonymous> (C:\MOSH\NODEJS\project\routes\loan.route.js:2:18)
    at Module._compile (internal/modules/cjs/loader.js:1063:30)
    at Object.Module._extensions..js (internal/modules/cjs/loader.js:1092:10) stack: C:\MOSH\NODEJS\project\controllers\loan.controller.js:130
  const loans = await Loan.find({ _id: req.user.id }, { userId: 0 });
                ^^^^^

SyntaxError: await is only valid in async function
    at wrapSafe (internal/modules/cjs/loader.js:979:16)
    at Module._compile (internal/modules/cjs/loader.js:1027:27)
    at Object.Module._extensions..js (internal/modules/cjs/loader.js:1092:10)
    at Module.load (internal/modules/cjs/loader.js:928:32)
    at Function.Module._load (internal/modules/cjs/loader.js:769:14)
    at Module.require (internal/modules/cjs/loader.js:952:19)
    at require (internal/modules/cjs/helpers.js:88:18)
    at Object.<anonymous> (C:\MOSH\NODEJS\project\routes\loan.route.js:2:18)
    at Module._compile (internal/modules/cjs/loader.js:1063:30)
    at Object.Module._extensions..js (internal/modules/cjs/loader.js:1092:10) }
{ time: [34m13-03-2022 13:16:02[39m level: [31merror[39m message: uncaughtException: await is only valid in async function
C:\MOSH\NODEJS\project\controllers\loan.controller.js:130
  const loans = await Loan.find({ _id: req.user.id }, { userId: 0 });
                ^^^^^

SyntaxError: await is only valid in async function
    at wrapSafe (internal/modules/cjs/loader.js:979:16)
    at Module._compile (internal/modules/cjs/loader.js:1027:27)
    at Object.Module._extensions..js (internal/modules/cjs/loader.js:1092:10)
    at Module.load (internal/modules/cjs/loader.js:928:32)
    at Function.Module._load (internal/modules/cjs/loader.js:769:14)
    at Module.require (internal/modules/cjs/loader.js:952:19)
    at require (internal/modules/cjs/helpers.js:88:18)
    at Object.<anonymous> (C:\MOSH\NODEJS\project\routes\loan.route.js:2:18)
    at Module._compile (internal/modules/cjs/loader.js:1063:30)
    at Object.Module._extensions..js (internal/modules/cjs/loader.js:1092:10) stack: C:\MOSH\NODEJS\project\controllers\loan.controller.js:130
  const loans = await Loan.find({ _id: req.user.id }, { userId: 0 });
                ^^^^^

SyntaxError: await is only valid in async function
    at wrapSafe (internal/modules/cjs/loader.js:979:16)
    at Module._compile (internal/modules/cjs/loader.js:1027:27)
    at Object.Module._extensions..js (internal/modules/cjs/loader.js:1092:10)
    at Module.load (internal/modules/cjs/loader.js:928:32)
    at Function.Module._load (internal/modules/cjs/loader.js:769:14)
    at Module.require (internal/modules/cjs/loader.js:952:19)
    at require (internal/modules/cjs/helpers.js:88:18)
    at Object.<anonymous> (C:\MOSH\NODEJS\project\routes\loan.route.js:2:18)
    at Module._compile (internal/modules/cjs/loader.js:1063:30)
    at Object.Module._extensions..js (internal/modules/cjs/loader.js:1092:10) }
{ time: [34m13-03-2022 13:16:05[39m level: [31merror[39m message: uncaughtException: await is only valid in async function
C:\MOSH\NODEJS\project\controllers\loan.controller.js:130
  const loans = await Loan.find({ _id: req.user.id }, { userId: 0 });
                ^^^^^

SyntaxError: await is only valid in async function
    at wrapSafe (internal/modules/cjs/loader.js:979:16)
    at Module._compile (internal/modules/cjs/loader.js:1027:27)
    at Object.Module._extensions..js (internal/modules/cjs/loader.js:1092:10)
    at Module.load (internal/modules/cjs/loader.js:928:32)
    at Function.Module._load (internal/modules/cjs/loader.js:769:14)
    at Module.require (internal/modules/cjs/loader.js:952:19)
    at require (internal/modules/cjs/helpers.js:88:18)
    at Object.<anonymous> (C:\MOSH\NODEJS\project\routes\loan.route.js:2:18)
    at Module._compile (internal/modules/cjs/loader.js:1063:30)
    at Object.Module._extensions..js (internal/modules/cjs/loader.js:1092:10) stack: C:\MOSH\NODEJS\project\controllers\loan.controller.js:130
  const loans = await Loan.find({ _id: req.user.id }, { userId: 0 });
                ^^^^^

SyntaxError: await is only valid in async function
    at wrapSafe (internal/modules/cjs/loader.js:979:16)
    at Module._compile (internal/modules/cjs/loader.js:1027:27)
    at Object.Module._extensions..js (internal/modules/cjs/loader.js:1092:10)
    at Module.load (internal/modules/cjs/loader.js:928:32)
    at Function.Module._load (internal/modules/cjs/loader.js:769:14)
    at Module.require (internal/modules/cjs/loader.js:952:19)
    at require (internal/modules/cjs/helpers.js:88:18)
    at Object.<anonymous> (C:\MOSH\NODEJS\project\routes\loan.route.js:2:18)
    at Module._compile (internal/modules/cjs/loader.js:1063:30)
    at Object.Module._extensions..js (internal/modules/cjs/loader.js:1092:10) }
{ time: [34m13-03-2022 13:20:10[39m level: [31merror[39m message: uncaughtException: Schema is not defined
ReferenceError: Schema is not defined
    at Object.<anonymous> (C:\MOSH\NODEJS\project\models\loan.model.js:12:19)
    at Module._compile (internal/modules/cjs/loader.js:1063:30)
    at Object.Module._extensions..js (internal/modules/cjs/loader.js:1092:10)
    at Module.load (internal/modules/cjs/loader.js:928:32)
    at Function.Module._load (internal/modules/cjs/loader.js:769:14)
    at Module.require (internal/modules/cjs/loader.js:952:19)
    at require (internal/modules/cjs/helpers.js:88:18)
    at Object.<anonymous> (C:\MOSH\NODEJS\project\controllers\loan.controller.js:1:14)
    at Module._compile (internal/modules/cjs/loader.js:1063:30)
    at Object.Module._extensions..js (internal/modules/cjs/loader.js:1092:10) stack: ReferenceError: Schema is not defined
    at Object.<anonymous> (C:\MOSH\NODEJS\project\models\loan.model.js:12:19)
    at Module._compile (internal/modules/cjs/loader.js:1063:30)
    at Object.Module._extensions..js (internal/modules/cjs/loader.js:1092:10)
    at Module.load (internal/modules/cjs/loader.js:928:32)
    at Function.Module._load (internal/modules/cjs/loader.js:769:14)
    at Module.require (internal/modules/cjs/loader.js:952:19)
    at require (internal/modules/cjs/helpers.js:88:18)
    at Object.<anonymous> (C:\MOSH\NODEJS\project\controllers\loan.controller.js:1:14)
    at Module._compile (internal/modules/cjs/loader.js:1063:30)
    at Object.Module._extensions..js (internal/modules/cjs/loader.js:1092:10) }
{ time: [34m17-04-2022 18:21:10[39m level: [31merror[39m message: unhandledRejection: connect ECONNREFUSED 127.0.0.1:27017
MongooseServerSelectionError: connect ECONNREFUSED 127.0.0.1:27017
    at NativeConnection.Connection.openUri (C:\CREDITCLAN\MY_PROJECT\mern_stack\server\node_modules\mongoose\lib\connection.js:807:32)
    at C:\CREDITCLAN\MY_PROJECT\mern_stack\server\node_modules\mongoose\lib\index.js:340:10
    at C:\CREDITCLAN\MY_PROJECT\mern_stack\server\node_modules\mongoose\lib\helpers\promiseOrCallback.js:32:5
    at new Promise (<anonymous>)
    at promiseOrCallback (C:\CREDITCLAN\MY_PROJECT\mern_stack\server\node_modules\mongoose\lib\helpers\promiseOrCallback.js:31:10)
    at Mongoose._promiseOrCallback (C:\CREDITCLAN\MY_PROJECT\mern_stack\server\node_modules\mongoose\lib\index.js:1140:10)
    at Mongoose.connect (C:\CREDITCLAN\MY_PROJECT\mern_stack\server\node_modules\mongoose\lib\index.js:339:20)
    at module.exports (C:\CREDITCLAN\MY_PROJECT\mern_stack\server\util\db.js:7:6)
    at Object.<anonymous> (C:\CREDITCLAN\MY_PROJECT\mern_stack\server\index.js:6:21)
    at Module._compile (internal/modules/cjs/loader.js:1063:30) stack: MongooseServerSelectionError: connect ECONNREFUSED 127.0.0.1:27017
    at NativeConnection.Connection.openUri (C:\CREDITCLAN\MY_PROJECT\mern_stack\server\node_modules\mongoose\lib\connection.js:807:32)
    at C:\CREDITCLAN\MY_PROJECT\mern_stack\server\node_modules\mongoose\lib\index.js:340:10
    at C:\CREDITCLAN\MY_PROJECT\mern_stack\server\node_modules\mongoose\lib\helpers\promiseOrCallback.js:32:5
    at new Promise (<anonymous>)
    at promiseOrCallback (C:\CREDITCLAN\MY_PROJECT\mern_stack\server\node_modules\mongoose\lib\helpers\promiseOrCallback.js:31:10)
    at Mongoose._promiseOrCallback (C:\CREDITCLAN\MY_PROJECT\mern_stack\server\node_modules\mongoose\lib\index.js:1140:10)
    at Mongoose.connect (C:\CREDITCLAN\MY_PROJECT\mern_stack\server\node_modules\mongoose\lib\index.js:339:20)
    at module.exports (C:\CREDITCLAN\MY_PROJECT\mern_stack\server\util\db.js:7:6)
    at Object.<anonymous> (C:\CREDITCLAN\MY_PROJECT\mern_stack\server\index.js:6:21)
    at Module._compile (internal/modules/cjs/loader.js:1063:30) }
{ time: [34m18-04-2022 12:31:15[39m level: [31merror[39m message: unhandledRejection: connect ETIMEDOUT 34.232.94.93:27017
MongoNetworkError: connect ETIMEDOUT 34.232.94.93:27017
    at connectionFailureError (C:\CREDITCLAN\MY_PROJECT\mern_stack\server\node_modules\mongodb\lib\cmap\connect.js:381:20)
    at TLSSocket.<anonymous> (C:\CREDITCLAN\MY_PROJECT\mern_stack\server\node_modules\mongodb\lib\cmap\connect.js:301:22)
    at Object.onceWrapper (events.js:422:26)
    at TLSSocket.emit (events.js:315:20)
    at emitErrorNT (internal/streams/destroy.js:106:8)
    at emitErrorCloseNT (internal/streams/destroy.js:74:3)
    at processTicksAndRejections (internal/process/task_queues.js:80:21) stack: MongoNetworkError: connect ETIMEDOUT 34.232.94.93:27017
    at connectionFailureError (C:\CREDITCLAN\MY_PROJECT\mern_stack\server\node_modules\mongodb\lib\cmap\connect.js:381:20)
    at TLSSocket.<anonymous> (C:\CREDITCLAN\MY_PROJECT\mern_stack\server\node_modules\mongodb\lib\cmap\connect.js:301:22)
    at Object.onceWrapper (events.js:422:26)
    at TLSSocket.emit (events.js:315:20)
    at emitErrorNT (internal/streams/destroy.js:106:8)
    at emitErrorCloseNT (internal/streams/destroy.js:74:3)
    at processTicksAndRejections (internal/process/task_queues.js:80:21) }
{ time: [34m18-04-2022 12:41:42[39m level: [31merror[39m message: uncaughtException: dbConnection is not defined
ReferenceError: dbConnection is not defined
    at Object.<anonymous> (C:\CREDITCLAN\MY_PROJECT\mern_stack\server\index.js:21:1)
    at Module._compile (internal/modules/cjs/loader.js:1063:30)
    at Object.Module._extensions..js (internal/modules/cjs/loader.js:1092:10)
    at Module.load (internal/modules/cjs/loader.js:928:32)
    at Function.Module._load (internal/modules/cjs/loader.js:769:14)
    at Function.executeUserEntryPoint [as runMain] (internal/modules/run_main.js:72:12)
    at internal/main/run_main_module.js:17:47 stack: ReferenceError: dbConnection is not defined
    at Object.<anonymous> (C:\CREDITCLAN\MY_PROJECT\mern_stack\server\index.js:21:1)
    at Module._compile (internal/modules/cjs/loader.js:1063:30)
    at Object.Module._extensions..js (internal/modules/cjs/loader.js:1092:10)
    at Module.load (internal/modules/cjs/loader.js:928:32)
    at Function.Module._load (internal/modules/cjs/loader.js:769:14)
    at Function.executeUserEntryPoint [as runMain] (internal/modules/run_main.js:72:12)
    at internal/main/run_main_module.js:17:47 }
{ time: [34m18-04-2022 12:42:15[39m level: [31merror[39m message: uncaughtException: listen EADDRINUSE: address already in use :::4000
Error: listen EADDRINUSE: address already in use :::4000
    at Server.setupListenHandle [as _listen2] (net.js:1318:16)
    at listenInCluster (net.js:1366:12)
    at Server.listen (net.js:1452:7)
    at Function.listen (C:\CREDITCLAN\MY_PROJECT\mern_stack\server\node_modules\express\lib\application.js:618:24)
    at Object.<anonymous> (C:\CREDITCLAN\MY_PROJECT\mern_stack\server\index.js:48:5)
    at Module._compile (internal/modules/cjs/loader.js:1063:30)
    at Object.Module._extensions..js (internal/modules/cjs/loader.js:1092:10)
    at Module.load (internal/modules/cjs/loader.js:928:32)
    at Function.Module._load (internal/modules/cjs/loader.js:769:14)
    at Function.executeUserEntryPoint [as runMain] (internal/modules/run_main.js:72:12) stack: Error: listen EADDRINUSE: address already in use :::4000
    at Server.setupListenHandle [as _listen2] (net.js:1318:16)
    at listenInCluster (net.js:1366:12)
    at Server.listen (net.js:1452:7)
    at Function.listen (C:\CREDITCLAN\MY_PROJECT\mern_stack\server\node_modules\express\lib\application.js:618:24)
    at Object.<anonymous> (C:\CREDITCLAN\MY_PROJECT\mern_stack\server\index.js:48:5)
    at Module._compile (internal/modules/cjs/loader.js:1063:30)
    at Object.Module._extensions..js (internal/modules/cjs/loader.js:1092:10)
    at Module.load (internal/modules/cjs/loader.js:928:32)
    at Function.Module._load (internal/modules/cjs/loader.js:769:14)
    at Function.executeUserEntryPoint [as runMain] (internal/modules/run_main.js:72:12) }
{ time: [34m18-04-2022 12:43:48[39m level: [31merror[39m message: uncaughtException: result.forEach is not a function
TypeError: result.forEach is not a function
    at Object.<anonymous> (C:\CREDITCLAN\MY_PROJECT\mern_stack\server\index.js:36:8)
    at Module._compile (internal/modules/cjs/loader.js:1063:30)
    at Object.Module._extensions..js (internal/modules/cjs/loader.js:1092:10)
    at Module.load (internal/modules/cjs/loader.js:928:32)
    at Function.Module._load (internal/modules/cjs/loader.js:769:14)
    at Function.executeUserEntryPoint [as runMain] (internal/modules/run_main.js:72:12)
    at internal/main/run_main_module.js:17:47 stack: TypeError: result.forEach is not a function
    at Object.<anonymous> (C:\CREDITCLAN\MY_PROJECT\mern_stack\server\index.js:36:8)
    at Module._compile (internal/modules/cjs/loader.js:1063:30)
    at Object.Module._extensions..js (internal/modules/cjs/loader.js:1092:10)
    at Module.load (internal/modules/cjs/loader.js:928:32)
    at Function.Module._load (internal/modules/cjs/loader.js:769:14)
    at Function.executeUserEntryPoint [as runMain] (internal/modules/run_main.js:72:12)
    at internal/main/run_main_module.js:17:47 }
{ time: [34m18-04-2022 12:43:48[39m level: [31merror[39m message: uncaughtException: result.forEach is not a function
TypeError: result.forEach is not a function
    at Object.<anonymous> (C:\CREDITCLAN\MY_PROJECT\mern_stack\server\index.js:36:8)
    at Module._compile (internal/modules/cjs/loader.js:1063:30)
    at Object.Module._extensions..js (internal/modules/cjs/loader.js:1092:10)
    at Module.load (internal/modules/cjs/loader.js:928:32)
    at Function.Module._load (internal/modules/cjs/loader.js:769:14)
    at Function.executeUserEntryPoint [as runMain] (internal/modules/run_main.js:72:12)
    at internal/main/run_main_module.js:17:47 stack: TypeError: result.forEach is not a function
    at Object.<anonymous> (C:\CREDITCLAN\MY_PROJECT\mern_stack\server\index.js:36:8)
    at Module._compile (internal/modules/cjs/loader.js:1063:30)
    at Object.Module._extensions..js (internal/modules/cjs/loader.js:1092:10)
    at Module.load (internal/modules/cjs/loader.js:928:32)
    at Function.Module._load (internal/modules/cjs/loader.js:769:14)
    at Function.executeUserEntryPoint [as runMain] (internal/modules/run_main.js:72:12)
    at internal/main/run_main_module.js:17:47 }
{ time: [34m18-04-2022 12:44:13[39m level: [31merror[39m message: uncaughtException: result.forEach is not a function
TypeError: result.forEach is not a function
    at Object.<anonymous> (C:\CREDITCLAN\MY_PROJECT\mern_stack\server\index.js:36:8)
    at Module._compile (internal/modules/cjs/loader.js:1063:30)
    at Object.Module._extensions..js (internal/modules/cjs/loader.js:1092:10)
    at Module.load (internal/modules/cjs/loader.js:928:32)
    at Function.Module._load (internal/modules/cjs/loader.js:769:14)
    at Function.executeUserEntryPoint [as runMain] (internal/modules/run_main.js:72:12)
    at internal/main/run_main_module.js:17:47 stack: TypeError: result.forEach is not a function
    at Object.<anonymous> (C:\CREDITCLAN\MY_PROJECT\mern_stack\server\index.js:36:8)
    at Module._compile (internal/modules/cjs/loader.js:1063:30)
    at Object.Module._extensions..js (internal/modules/cjs/loader.js:1092:10)
    at Module.load (internal/modules/cjs/loader.js:928:32)
    at Function.Module._load (internal/modules/cjs/loader.js:769:14)
    at Function.executeUserEntryPoint [as runMain] (internal/modules/run_main.js:72:12)
    at internal/main/run_main_module.js:17:47 }
{ time: [34m18-04-2022 12:44:14[39m level: [31merror[39m message: uncaughtException: result.forEach is not a function
TypeError: result.forEach is not a function
    at Object.<anonymous> (C:\CREDITCLAN\MY_PROJECT\mern_stack\server\index.js:36:8)
    at Module._compile (internal/modules/cjs/loader.js:1063:30)
    at Object.Module._extensions..js (internal/modules/cjs/loader.js:1092:10)
    at Module.load (internal/modules/cjs/loader.js:928:32)
    at Function.Module._load (internal/modules/cjs/loader.js:769:14)
    at Function.executeUserEntryPoint [as runMain] (internal/modules/run_main.js:72:12)
    at internal/main/run_main_module.js:17:47 stack: TypeError: result.forEach is not a function
    at Object.<anonymous> (C:\CREDITCLAN\MY_PROJECT\mern_stack\server\index.js:36:8)
    at Module._compile (internal/modules/cjs/loader.js:1063:30)
    at Object.Module._extensions..js (internal/modules/cjs/loader.js:1092:10)
    at Module.load (internal/modules/cjs/loader.js:928:32)
    at Function.Module._load (internal/modules/cjs/loader.js:769:14)
    at Function.executeUserEntryPoint [as runMain] (internal/modules/run_main.js:72:12)
    at internal/main/run_main_module.js:17:47 }
{ time: [34m18-04-2022 12:45:03[39m level: [31merror[39m message: uncaughtException: result.forEach is not a function
TypeError: result.forEach is not a function
    at Object.<anonymous> (C:\CREDITCLAN\MY_PROJECT\mern_stack\server\index.js:36:8)
    at Module._compile (internal/modules/cjs/loader.js:1063:30)
    at Object.Module._extensions..js (internal/modules/cjs/loader.js:1092:10)
    at Module.load (internal/modules/cjs/loader.js:928:32)
    at Function.Module._load (internal/modules/cjs/loader.js:769:14)
    at Function.executeUserEntryPoint [as runMain] (internal/modules/run_main.js:72:12)
    at internal/main/run_main_module.js:17:47 stack: TypeError: result.forEach is not a function
    at Object.<anonymous> (C:\CREDITCLAN\MY_PROJECT\mern_stack\server\index.js:36:8)
    at Module._compile (internal/modules/cjs/loader.js:1063:30)
    at Object.Module._extensions..js (internal/modules/cjs/loader.js:1092:10)
    at Module.load (internal/modules/cjs/loader.js:928:32)
    at Function.Module._load (internal/modules/cjs/loader.js:769:14)
    at Function.executeUserEntryPoint [as runMain] (internal/modules/run_main.js:72:12)
    at internal/main/run_main_module.js:17:47 }
{ time: [34m18-04-2022 12:45:03[39m level: [31merror[39m message: uncaughtException: result.forEach is not a function
TypeError: result.forEach is not a function
    at Object.<anonymous> (C:\CREDITCLAN\MY_PROJECT\mern_stack\server\index.js:36:8)
    at Module._compile (internal/modules/cjs/loader.js:1063:30)
    at Object.Module._extensions..js (internal/modules/cjs/loader.js:1092:10)
    at Module.load (internal/modules/cjs/loader.js:928:32)
    at Function.Module._load (internal/modules/cjs/loader.js:769:14)
    at Function.executeUserEntryPoint [as runMain] (internal/modules/run_main.js:72:12)
    at internal/main/run_main_module.js:17:47 stack: TypeError: result.forEach is not a function
    at Object.<anonymous> (C:\CREDITCLAN\MY_PROJECT\mern_stack\server\index.js:36:8)
    at Module._compile (internal/modules/cjs/loader.js:1063:30)
    at Object.Module._extensions..js (internal/modules/cjs/loader.js:1092:10)
    at Module.load (internal/modules/cjs/loader.js:928:32)
    at Function.Module._load (internal/modules/cjs/loader.js:769:14)
    at Function.executeUserEntryPoint [as runMain] (internal/modules/run_main.js:72:12)
    at internal/main/run_main_module.js:17:47 }
{ time: [34m18-04-2022 12:45:25[39m level: [31merror[39m message: uncaughtException: write after end
Error: write after end
    at writeAfterEnd (C:\CREDITCLAN\MY_PROJECT\mern_stack\server\node_modules\winston\node_modules\readable-stream\lib\_stream_writable.js:261:12)
    at PassThrough.Writable.write (C:\CREDITCLAN\MY_PROJECT\mern_stack\server\node_modules\winston\node_modules\readable-stream\lib\_stream_writable.js:305:21)
    at File.log (C:\CREDITCLAN\MY_PROJECT\mern_stack\server\node_modules\winston\lib\winston\transports\file.js:185:34)
    at ExceptionStream._write (C:\CREDITCLAN\MY_PROJECT\mern_stack\server\node_modules\winston\lib\winston\exception-stream.js:48:29)
    at doWrite (C:\CREDITCLAN\MY_PROJECT\mern_stack\server\node_modules\winston\node_modules\readable-stream\lib\_stream_writable.js:409:139)
    at writeOrBuffer (C:\CREDITCLAN\MY_PROJECT\mern_stack\server\node_modules\winston\node_modules\readable-stream\lib\_stream_writable.js:398:5)
    at ExceptionStream.Writable.write (C:\CREDITCLAN\MY_PROJECT\mern_stack\server\node_modules\winston\node_modules\readable-stream\lib\_stream_writable.js:307:11)
    at DerivedLogger.ondata (C:\CREDITCLAN\MY_PROJECT\mern_stack\server\node_modules\winston\node_modules\readable-stream\lib\_stream_readable.js:681:20)
    at DerivedLogger.emit (events.js:327:22)
    at addChunk (C:\CREDITCLAN\MY_PROJECT\mern_stack\server\node_modules\winston\node_modules\readable-stream\lib\_stream_readable.js:298:12) stack: Error: write after end
    at writeAfterEnd (C:\CREDITCLAN\MY_PROJECT\mern_stack\server\node_modules\winston\node_modules\readable-stream\lib\_stream_writable.js:261:12)
    at PassThrough.Writable.write (C:\CREDITCLAN\MY_PROJECT\mern_stack\server\node_modules\winston\node_modules\readable-stream\lib\_stream_writable.js:305:21)
    at File.log (C:\CREDITCLAN\MY_PROJECT\mern_stack\server\node_modules\winston\lib\winston\transports\file.js:185:34)
    at ExceptionStream._write (C:\CREDITCLAN\MY_PROJECT\mern_stack\server\node_modules\winston\lib\winston\exception-stream.js:48:29)
    at doWrite (C:\CREDITCLAN\MY_PROJECT\mern_stack\server\node_modules\winston\node_modules\readable-stream\lib\_stream_writable.js:409:139)
    at writeOrBuffer (C:\CREDITCLAN\MY_PROJECT\mern_stack\server\node_modules\winston\node_modules\readable-stream\lib\_stream_writable.js:398:5)
    at ExceptionStream.Writable.write (C:\CREDITCLAN\MY_PROJECT\mern_stack\server\node_modules\winston\node_modules\readable-stream\lib\_stream_writable.js:307:11)
    at DerivedLogger.ondata (C:\CREDITCLAN\MY_PROJECT\mern_stack\server\node_modules\winston\node_modules\readable-stream\lib\_stream_readable.js:681:20)
    at DerivedLogger.emit (events.js:327:22)
    at addChunk (C:\CREDITCLAN\MY_PROJECT\mern_stack\server\node_modules\winston\node_modules\readable-stream\lib\_stream_readable.js:298:12) }
{ time: [34m18-04-2022 12:46:05[39m level: [31merror[39m message: uncaughtException: listen EADDRINUSE: address already in use :::4000
Error: listen EADDRINUSE: address already in use :::4000
    at Server.setupListenHandle [as _listen2] (net.js:1318:16)
    at listenInCluster (net.js:1366:12)
    at Server.listen (net.js:1452:7)
    at Function.listen (C:\CREDITCLAN\MY_PROJECT\mern_stack\server\node_modules\express\lib\application.js:618:24)
    at Object.<anonymous> (C:\CREDITCLAN\MY_PROJECT\mern_stack\server\index.js:53:5)
    at Module._compile (internal/modules/cjs/loader.js:1063:30)
    at Object.Module._extensions..js (internal/modules/cjs/loader.js:1092:10)
    at Module.load (internal/modules/cjs/loader.js:928:32)
    at Function.Module._load (internal/modules/cjs/loader.js:769:14)
    at Function.executeUserEntryPoint [as runMain] (internal/modules/run_main.js:72:12) stack: Error: listen EADDRINUSE: address already in use :::4000
    at Server.setupListenHandle [as _listen2] (net.js:1318:16)
    at listenInCluster (net.js:1366:12)
    at Server.listen (net.js:1452:7)
    at Function.listen (C:\CREDITCLAN\MY_PROJECT\mern_stack\server\node_modules\express\lib\application.js:618:24)
    at Object.<anonymous> (C:\CREDITCLAN\MY_PROJECT\mern_stack\server\index.js:53:5)
    at Module._compile (internal/modules/cjs/loader.js:1063:30)
    at Object.Module._extensions..js (internal/modules/cjs/loader.js:1092:10)
    at Module.load (internal/modules/cjs/loader.js:928:32)
    at Function.Module._load (internal/modules/cjs/loader.js:769:14)
    at Function.executeUserEntryPoint [as runMain] (internal/modules/run_main.js:72:12) }
{ time: [34m18-04-2022 12:47:25[39m level: [31merror[39m message: uncaughtException: listen EADDRINUSE: address already in use :::4000
Error: listen EADDRINUSE: address already in use :::4000
    at Server.setupListenHandle [as _listen2] (net.js:1318:16)
    at listenInCluster (net.js:1366:12)
    at Server.listen (net.js:1452:7)
    at Function.listen (C:\CREDITCLAN\MY_PROJECT\mern_stack\server\node_modules\express\lib\application.js:618:24)
    at Object.<anonymous> (C:\CREDITCLAN\MY_PROJECT\mern_stack\server\index.js:39:5)
    at Module._compile (internal/modules/cjs/loader.js:1063:30)
    at Object.Module._extensions..js (internal/modules/cjs/loader.js:1092:10)
    at Module.load (internal/modules/cjs/loader.js:928:32)
    at Function.Module._load (internal/modules/cjs/loader.js:769:14)
    at Function.executeUserEntryPoint [as runMain] (internal/modules/run_main.js:72:12) stack: Error: listen EADDRINUSE: address already in use :::4000
    at Server.setupListenHandle [as _listen2] (net.js:1318:16)
    at listenInCluster (net.js:1366:12)
    at Server.listen (net.js:1452:7)
    at Function.listen (C:\CREDITCLAN\MY_PROJECT\mern_stack\server\node_modules\express\lib\application.js:618:24)
    at Object.<anonymous> (C:\CREDITCLAN\MY_PROJECT\mern_stack\server\index.js:39:5)
    at Module._compile (internal/modules/cjs/loader.js:1063:30)
    at Object.Module._extensions..js (internal/modules/cjs/loader.js:1092:10)
    at Module.load (internal/modules/cjs/loader.js:928:32)
    at Function.Module._load (internal/modules/cjs/loader.js:769:14)
    at Function.executeUserEntryPoint [as runMain] (internal/modules/run_main.js:72:12) }
{ time: [34m18-04-2022 12:48:41[39m level: [31merror[39m message: unhandledRejection: queryTxt ETIMEOUT mypost.ybo5b.mongodb.net
Error: queryTxt ETIMEOUT mypost.ybo5b.mongodb.net
    at QueryReqWrap.onresolve [as oncomplete] (dns.js:203:19) stack: Error: queryTxt ETIMEOUT mypost.ybo5b.mongodb.net
    at QueryReqWrap.onresolve [as oncomplete] (dns.js:203:19) }
{ time: [34m18-04-2022 13:27:32[39m level: [31merror[39m message: uncaughtException: listen EADDRINUSE: address already in use :::4000
Error: listen EADDRINUSE: address already in use :::4000
    at Server.setupListenHandle [as _listen2] (net.js:1318:16)
    at listenInCluster (net.js:1366:12)
    at Server.listen (net.js:1452:7)
    at Function.listen (C:\CREDITCLAN\MY_PROJECT\mern_stack\server\node_modules\express\lib\application.js:618:24)
    at Object.<anonymous> (C:\CREDITCLAN\MY_PROJECT\mern_stack\server\index.js:43:5)
    at Module._compile (internal/modules/cjs/loader.js:1063:30)
    at Object.Module._extensions..js (internal/modules/cjs/loader.js:1092:10)
    at Module.load (internal/modules/cjs/loader.js:928:32)
    at Function.Module._load (internal/modules/cjs/loader.js:769:14)
    at Function.executeUserEntryPoint [as runMain] (internal/modules/run_main.js:72:12) stack: Error: listen EADDRINUSE: address already in use :::4000
    at Server.setupListenHandle [as _listen2] (net.js:1318:16)
    at listenInCluster (net.js:1366:12)
    at Server.listen (net.js:1452:7)
    at Function.listen (C:\CREDITCLAN\MY_PROJECT\mern_stack\server\node_modules\express\lib\application.js:618:24)
    at Object.<anonymous> (C:\CREDITCLAN\MY_PROJECT\mern_stack\server\index.js:43:5)
    at Module._compile (internal/modules/cjs/loader.js:1063:30)
    at Object.Module._extensions..js (internal/modules/cjs/loader.js:1092:10)
    at Module.load (internal/modules/cjs/loader.js:928:32)
    at Function.Module._load (internal/modules/cjs/loader.js:769:14)
    at Function.executeUserEntryPoint [as runMain] (internal/modules/run_main.js:72:12) }
{ time: [34m18-04-2022 13:28:58[39m level: [31merror[39m message: uncaughtException: listen EADDRINUSE: address already in use :::4000
Error: listen EADDRINUSE: address already in use :::4000
    at Server.setupListenHandle [as _listen2] (net.js:1318:16)
    at listenInCluster (net.js:1366:12)
    at Server.listen (net.js:1452:7)
    at Function.listen (C:\CREDITCLAN\MY_PROJECT\mern_stack\server\node_modules\express\lib\application.js:618:24)
    at Object.<anonymous> (C:\CREDITCLAN\MY_PROJECT\mern_stack\server\index.js:57:5)
    at Module._compile (internal/modules/cjs/loader.js:1063:30)
    at Object.Module._extensions..js (internal/modules/cjs/loader.js:1092:10)
    at Module.load (internal/modules/cjs/loader.js:928:32)
    at Function.Module._load (internal/modules/cjs/loader.js:769:14)
    at Function.executeUserEntryPoint [as runMain] (internal/modules/run_main.js:72:12) stack: Error: listen EADDRINUSE: address already in use :::4000
    at Server.setupListenHandle [as _listen2] (net.js:1318:16)
    at listenInCluster (net.js:1366:12)
    at Server.listen (net.js:1452:7)
    at Function.listen (C:\CREDITCLAN\MY_PROJECT\mern_stack\server\node_modules\express\lib\application.js:618:24)
    at Object.<anonymous> (C:\CREDITCLAN\MY_PROJECT\mern_stack\server\index.js:57:5)
    at Module._compile (internal/modules/cjs/loader.js:1063:30)
    at Object.Module._extensions..js (internal/modules/cjs/loader.js:1092:10)
    at Module.load (internal/modules/cjs/loader.js:928:32)
    at Function.Module._load (internal/modules/cjs/loader.js:769:14)
    at Function.executeUserEntryPoint [as runMain] (internal/modules/run_main.js:72:12) }
{ time: [34m18-04-2022 13:30:05[39m level: [31merror[39m message: uncaughtException: listen EADDRINUSE: address already in use :::4000
Error: listen EADDRINUSE: address already in use :::4000
    at Server.setupListenHandle [as _listen2] (net.js:1318:16)
    at listenInCluster (net.js:1366:12)
    at Server.listen (net.js:1452:7)
    at Function.listen (C:\CREDITCLAN\MY_PROJECT\mern_stack\server\node_modules\express\lib\application.js:618:24)
    at Object.<anonymous> (C:\CREDITCLAN\MY_PROJECT\mern_stack\server\index.js:58:5)
    at Module._compile (internal/modules/cjs/loader.js:1063:30)
    at Object.Module._extensions..js (internal/modules/cjs/loader.js:1092:10)
    at Module.load (internal/modules/cjs/loader.js:928:32)
    at Function.Module._load (internal/modules/cjs/loader.js:769:14)
    at Function.executeUserEntryPoint [as runMain] (internal/modules/run_main.js:72:12) stack: Error: listen EADDRINUSE: address already in use :::4000
    at Server.setupListenHandle [as _listen2] (net.js:1318:16)
    at listenInCluster (net.js:1366:12)
    at Server.listen (net.js:1452:7)
    at Function.listen (C:\CREDITCLAN\MY_PROJECT\mern_stack\server\node_modules\express\lib\application.js:618:24)
    at Object.<anonymous> (C:\CREDITCLAN\MY_PROJECT\mern_stack\server\index.js:58:5)
    at Module._compile (internal/modules/cjs/loader.js:1063:30)
    at Object.Module._extensions..js (internal/modules/cjs/loader.js:1092:10)
    at Module.load (internal/modules/cjs/loader.js:928:32)
    at Function.Module._load (internal/modules/cjs/loader.js:769:14)
    at Function.executeUserEntryPoint [as runMain] (internal/modules/run_main.js:72:12) }
{ time: [34m18-04-2022 13:30:20[39m level: [31merror[39m message: uncaughtException: listen EADDRINUSE: address already in use :::4000
Error: listen EADDRINUSE: address already in use :::4000
    at Server.setupListenHandle [as _listen2] (net.js:1318:16)
    at listenInCluster (net.js:1366:12)
    at Server.listen (net.js:1452:7)
    at Function.listen (C:\CREDITCLAN\MY_PROJECT\mern_stack\server\node_modules\express\lib\application.js:618:24)
    at Object.<anonymous> (C:\CREDITCLAN\MY_PROJECT\mern_stack\server\index.js:58:5)
    at Module._compile (internal/modules/cjs/loader.js:1063:30)
    at Object.Module._extensions..js (internal/modules/cjs/loader.js:1092:10)
    at Module.load (internal/modules/cjs/loader.js:928:32)
    at Function.Module._load (internal/modules/cjs/loader.js:769:14)
    at Function.executeUserEntryPoint [as runMain] (internal/modules/run_main.js:72:12) stack: Error: listen EADDRINUSE: address already in use :::4000
    at Server.setupListenHandle [as _listen2] (net.js:1318:16)
    at listenInCluster (net.js:1366:12)
    at Server.listen (net.js:1452:7)
    at Function.listen (C:\CREDITCLAN\MY_PROJECT\mern_stack\server\node_modules\express\lib\application.js:618:24)
    at Object.<anonymous> (C:\CREDITCLAN\MY_PROJECT\mern_stack\server\index.js:58:5)
    at Module._compile (internal/modules/cjs/loader.js:1063:30)
    at Object.Module._extensions..js (internal/modules/cjs/loader.js:1092:10)
    at Module.load (internal/modules/cjs/loader.js:928:32)
    at Function.Module._load (internal/modules/cjs/loader.js:769:14)
    at Function.executeUserEntryPoint [as runMain] (internal/modules/run_main.js:72:12) }
{ time: [34m18-04-2022 13:30:26[39m level: [31merror[39m message: uncaughtException: listen EADDRINUSE: address already in use :::4000
Error: listen EADDRINUSE: address already in use :::4000
    at Server.setupListenHandle [as _listen2] (net.js:1318:16)
    at listenInCluster (net.js:1366:12)
    at Server.listen (net.js:1452:7)
    at Function.listen (C:\CREDITCLAN\MY_PROJECT\mern_stack\server\node_modules\express\lib\application.js:618:24)
    at Object.<anonymous> (C:\CREDITCLAN\MY_PROJECT\mern_stack\server\index.js:52:5)
    at Module._compile (internal/modules/cjs/loader.js:1063:30)
    at Object.Module._extensions..js (internal/modules/cjs/loader.js:1092:10)
    at Module.load (internal/modules/cjs/loader.js:928:32)
    at Function.Module._load (internal/modules/cjs/loader.js:769:14)
    at Function.executeUserEntryPoint [as runMain] (internal/modules/run_main.js:72:12) stack: Error: listen EADDRINUSE: address already in use :::4000
    at Server.setupListenHandle [as _listen2] (net.js:1318:16)
    at listenInCluster (net.js:1366:12)
    at Server.listen (net.js:1452:7)
    at Function.listen (C:\CREDITCLAN\MY_PROJECT\mern_stack\server\node_modules\express\lib\application.js:618:24)
    at Object.<anonymous> (C:\CREDITCLAN\MY_PROJECT\mern_stack\server\index.js:52:5)
    at Module._compile (internal/modules/cjs/loader.js:1063:30)
    at Object.Module._extensions..js (internal/modules/cjs/loader.js:1092:10)
    at Module.load (internal/modules/cjs/loader.js:928:32)
    at Function.Module._load (internal/modules/cjs/loader.js:769:14)
    at Function.executeUserEntryPoint [as runMain] (internal/modules/run_main.js:72:12) }
{ time: [34m18-04-2022 13:30:48[39m level: [31merror[39m message: unhandledRejection: connect ETIMEDOUT 34.232.94.93:27017
MongoNetworkError: connect ETIMEDOUT 34.232.94.93:27017
    at connectionFailureError (C:\CREDITCLAN\MY_PROJECT\mern_stack\server\node_modules\mongodb\lib\cmap\connect.js:381:20)
    at TLSSocket.<anonymous> (C:\CREDITCLAN\MY_PROJECT\mern_stack\server\node_modules\mongodb\lib\cmap\connect.js:301:22)
    at Object.onceWrapper (events.js:422:26)
    at TLSSocket.emit (events.js:315:20)
    at emitErrorNT (internal/streams/destroy.js:106:8)
    at emitErrorCloseNT (internal/streams/destroy.js:74:3)
    at processTicksAndRejections (internal/process/task_queues.js:80:21) stack: MongoNetworkError: connect ETIMEDOUT 34.232.94.93:27017
    at connectionFailureError (C:\CREDITCLAN\MY_PROJECT\mern_stack\server\node_modules\mongodb\lib\cmap\connect.js:381:20)
    at TLSSocket.<anonymous> (C:\CREDITCLAN\MY_PROJECT\mern_stack\server\node_modules\mongodb\lib\cmap\connect.js:301:22)
    at Object.onceWrapper (events.js:422:26)
    at TLSSocket.emit (events.js:315:20)
    at emitErrorNT (internal/streams/destroy.js:106:8)
    at emitErrorCloseNT (internal/streams/destroy.js:74:3)
    at processTicksAndRejections (internal/process/task_queues.js:80:21) }
{ time: [34m18-04-2022 13:34:03[39m level: [31merror[39m message: uncaughtException: listen EADDRINUSE: address already in use :::4000
Error: listen EADDRINUSE: address already in use :::4000
    at Server.setupListenHandle [as _listen2] (net.js:1318:16)
    at listenInCluster (net.js:1366:12)
    at Server.listen (net.js:1452:7)
    at Function.listen (C:\CREDITCLAN\MY_PROJECT\mern_stack\server\node_modules\express\lib\application.js:618:24)
    at Object.<anonymous> (C:\CREDITCLAN\MY_PROJECT\mern_stack\server\index.js:53:5)
    at Module._compile (internal/modules/cjs/loader.js:1063:30)
    at Object.Module._extensions..js (internal/modules/cjs/loader.js:1092:10)
    at Module.load (internal/modules/cjs/loader.js:928:32)
    at Function.Module._load (internal/modules/cjs/loader.js:769:14)
    at Function.executeUserEntryPoint [as runMain] (internal/modules/run_main.js:72:12) stack: Error: listen EADDRINUSE: address already in use :::4000
    at Server.setupListenHandle [as _listen2] (net.js:1318:16)
    at listenInCluster (net.js:1366:12)
    at Server.listen (net.js:1452:7)
    at Function.listen (C:\CREDITCLAN\MY_PROJECT\mern_stack\server\node_modules\express\lib\application.js:618:24)
    at Object.<anonymous> (C:\CREDITCLAN\MY_PROJECT\mern_stack\server\index.js:53:5)
    at Module._compile (internal/modules/cjs/loader.js:1063:30)
    at Object.Module._extensions..js (internal/modules/cjs/loader.js:1092:10)
    at Module.load (internal/modules/cjs/loader.js:928:32)
    at Function.Module._load (internal/modules/cjs/loader.js:769:14)
    at Function.executeUserEntryPoint [as runMain] (internal/modules/run_main.js:72:12) }
{ time: [34m18-04-2022 13:38:30[39m level: [31merror[39m message: uncaughtException: listen EADDRINUSE: address already in use :::4000
Error: listen EADDRINUSE: address already in use :::4000
    at Server.setupListenHandle [as _listen2] (net.js:1318:16)
    at listenInCluster (net.js:1366:12)
    at Server.listen (net.js:1452:7)
    at Function.listen (C:\CREDITCLAN\MY_PROJECT\mern_stack\server\node_modules\express\lib\application.js:618:24)
    at Object.<anonymous> (C:\CREDITCLAN\MY_PROJECT\mern_stack\server\index.js:55:5)
    at Module._compile (internal/modules/cjs/loader.js:1063:30)
    at Object.Module._extensions..js (internal/modules/cjs/loader.js:1092:10)
    at Module.load (internal/modules/cjs/loader.js:928:32)
    at Function.Module._load (internal/modules/cjs/loader.js:769:14)
    at Function.executeUserEntryPoint [as runMain] (internal/modules/run_main.js:72:12) stack: Error: listen EADDRINUSE: address already in use :::4000
    at Server.setupListenHandle [as _listen2] (net.js:1318:16)
    at listenInCluster (net.js:1366:12)
    at Server.listen (net.js:1452:7)
    at Function.listen (C:\CREDITCLAN\MY_PROJECT\mern_stack\server\node_modules\express\lib\application.js:618:24)
    at Object.<anonymous> (C:\CREDITCLAN\MY_PROJECT\mern_stack\server\index.js:55:5)
    at Module._compile (internal/modules/cjs/loader.js:1063:30)
    at Object.Module._extensions..js (internal/modules/cjs/loader.js:1092:10)
    at Module.load (internal/modules/cjs/loader.js:928:32)
    at Function.Module._load (internal/modules/cjs/loader.js:769:14)
    at Function.executeUserEntryPoint [as runMain] (internal/modules/run_main.js:72:12) }
{ time: [34m18-04-2022 13:59:41[39m level: [31merror[39m message: unhandledRejection: connection timed out
MongoNetworkTimeoutError: connection timed out
    at connectionFailureError (C:\CREDITCLAN\MY_PROJECT\mern_stack\server\node_modules\mongodb\lib\cmap\connect.js:383:20)
    at TLSSocket.<anonymous> (C:\CREDITCLAN\MY_PROJECT\mern_stack\server\node_modules\mongodb\lib\cmap\connect.js:301:22)
    at Object.onceWrapper (events.js:421:28)
    at TLSSocket.emit (events.js:315:20)
    at TLSSocket.Socket._onTimeout (net.js:483:8)
    at listOnTimeout (internal/timers.js:554:17)
    at processTimers (internal/timers.js:497:7) stack: MongoNetworkTimeoutError: connection timed out
    at connectionFailureError (C:\CREDITCLAN\MY_PROJECT\mern_stack\server\node_modules\mongodb\lib\cmap\connect.js:383:20)
    at TLSSocket.<anonymous> (C:\CREDITCLAN\MY_PROJECT\mern_stack\server\node_modules\mongodb\lib\cmap\connect.js:301:22)
    at Object.onceWrapper (events.js:421:28)
    at TLSSocket.emit (events.js:315:20)
    at TLSSocket.Socket._onTimeout (net.js:483:8)
    at listOnTimeout (internal/timers.js:554:17)
    at processTimers (internal/timers.js:497:7) }
{ time: [34m18-04-2022 14:07:41[39m level: [31merror[39m message: unhandledRejection: connect ETIMEDOUT 34.232.94.93:27017
MongoNetworkError: connect ETIMEDOUT 34.232.94.93:27017
    at connectionFailureError (C:\CREDITCLAN\MY_PROJECT\mern_stack\server\node_modules\mongodb\lib\cmap\connect.js:381:20)
    at TLSSocket.<anonymous> (C:\CREDITCLAN\MY_PROJECT\mern_stack\server\node_modules\mongodb\lib\cmap\connect.js:301:22)
    at Object.onceWrapper (events.js:422:26)
    at TLSSocket.emit (events.js:315:20)
    at emitErrorNT (internal/streams/destroy.js:106:8)
    at emitErrorCloseNT (internal/streams/destroy.js:74:3)
    at processTicksAndRejections (internal/process/task_queues.js:80:21) stack: MongoNetworkError: connect ETIMEDOUT 34.232.94.93:27017
    at connectionFailureError (C:\CREDITCLAN\MY_PROJECT\mern_stack\server\node_modules\mongodb\lib\cmap\connect.js:381:20)
    at TLSSocket.<anonymous> (C:\CREDITCLAN\MY_PROJECT\mern_stack\server\node_modules\mongodb\lib\cmap\connect.js:301:22)
    at Object.onceWrapper (events.js:422:26)
    at TLSSocket.emit (events.js:315:20)
    at emitErrorNT (internal/streams/destroy.js:106:8)
    at emitErrorCloseNT (internal/streams/destroy.js:74:3)
    at processTicksAndRejections (internal/process/task_queues.js:80:21) }
{ time: [34m18-04-2022 14:44:15[39m level: [31merror[39m message: unhandledRejection: Unreachable hosts - your application id may be incorrect. If the error persists, contact support@algolia.com.
  No stack trace stack: undefined }
{ time: [34m18-04-2022 20:50:12[39m level: [31merror[39m message: unhandledRejection: Unreachable hosts - your application id may be incorrect. If the error persists, contact support@algolia.com.
  No stack trace stack: undefined }
{ time: [34m18-04-2022 20:50:12[39m level: [31merror[39m message: unhandledRejection: Unreachable hosts - your application id may be incorrect. If the error persists, contact support@algolia.com.
  No stack trace stack: undefined }
{ time: [34m18-04-2022 20:51:32[39m level: [31merror[39m message: unhandledRejection: Unreachable hosts - your application id may be incorrect. If the error persists, contact support@algolia.com.
  No stack trace stack: undefined }
{ time: [34m18-04-2022 20:51:32[39m level: [31merror[39m message: unhandledRejection: Unreachable hosts - your application id may be incorrect. If the error persists, contact support@algolia.com.
  No stack trace stack: undefined }
{ time: [34m18-04-2022 20:52:02[39m level: [31merror[39m message: unhandledRejection: Unreachable hosts - your application id may be incorrect. If the error persists, contact support@algolia.com.
  No stack trace stack: undefined }
{ time: [34m18-04-2022 20:52:02[39m level: [31merror[39m message: unhandledRejection: Unreachable hosts - your application id may be incorrect. If the error persists, contact support@algolia.com.
  No stack trace stack: undefined }
{ time: [34m18-04-2022 20:57:27[39m level: [31merror[39m message: unhandledRejection: Unreachable hosts - your application id may be incorrect. If the error persists, contact support@algolia.com.
  No stack trace stack: undefined }
{ time: [34m18-04-2022 20:57:59[39m level: [31merror[39m message: unhandledRejection: Unreachable hosts - your application id may be incorrect. If the error persists, contact support@algolia.com.
  No stack trace stack: undefined }
{ time: [34m18-04-2022 20:57:59[39m level: [31merror[39m message: unhandledRejection: Unreachable hosts - your application id may be incorrect. If the error persists, contact support@algolia.com.
  No stack trace stack: undefined }
{ time: [34m18-04-2022 21:00:12[39m level: [31merror[39m message: unhandledRejection: Unreachable hosts - your application id may be incorrect. If the error persists, contact support@algolia.com.
  No stack trace stack: undefined }
{ time: [34m18-04-2022 21:00:30[39m level: [31merror[39m message: unhandledRejection: Unreachable hosts - your application id may be incorrect. If the error persists, contact support@algolia.com.
  No stack trace stack: undefined }
{ time: [34m18-04-2022 21:00:30[39m level: [31merror[39m message: unhandledRejection: Unreachable hosts - your application id may be incorrect. If the error persists, contact support@algolia.com.
  No stack trace stack: undefined }
{ time: [34m18-04-2022 21:00:50[39m level: [31merror[39m message: unhandledRejection: Unreachable hosts - your application id may be incorrect. If the error persists, contact support@algolia.com.
  No stack trace stack: undefined }
{ time: [34m18-04-2022 21:00:50[39m level: [31merror[39m message: unhandledRejection: Unreachable hosts - your application id may be incorrect. If the error persists, contact support@algolia.com.
  No stack trace stack: undefined }
{ time: [34m18-04-2022 21:31:25[39m level: [31merror[39m message: unhandledRejection: Unreachable hosts - your application id may be incorrect. If the error persists, contact support@algolia.com.
  No stack trace stack: undefined }
{ time: [34m18-04-2022 21:31:25[39m level: [31merror[39m message: unhandledRejection: Unreachable hosts - your application id may be incorrect. If the error persists, contact support@algolia.com.
  No stack trace stack: undefined }
{ time: [34m18-04-2022 21:31:56[39m level: [31merror[39m message: unhandledRejection: Invalid CustomRanking function, you should use asc() or desc() near line:1 column:34
  No stack trace stack: undefined }
{ time: [34m25-04-2022 13:42:06[39m level: [31merror[39m message: uncaughtException: ss is not defined
ReferenceError: ss is not defined
    at Object.<anonymous> (C:\CREDITCLAN\MY_PROJECT\mern_stack\server\index.js:107:1)
    at Module._compile (internal/modules/cjs/loader.js:1063:30)
    at Object.Module._extensions..js (internal/modules/cjs/loader.js:1092:10)
    at Module.load (internal/modules/cjs/loader.js:928:32)
    at Function.Module._load (internal/modules/cjs/loader.js:769:14)
    at Function.executeUserEntryPoint [as runMain] (internal/modules/run_main.js:72:12)
    at internal/main/run_main_module.js:17:47 stack: ReferenceError: ss is not defined
    at Object.<anonymous> (C:\CREDITCLAN\MY_PROJECT\mern_stack\server\index.js:107:1)
    at Module._compile (internal/modules/cjs/loader.js:1063:30)
    at Object.Module._extensions..js (internal/modules/cjs/loader.js:1092:10)
    at Module.load (internal/modules/cjs/loader.js:928:32)
    at Function.Module._load (internal/modules/cjs/loader.js:769:14)
    at Function.executeUserEntryPoint [as runMain] (internal/modules/run_main.js:72:12)
    at internal/main/run_main_module.js:17:47 }
{ time: [34m25-04-2022 13:46:28[39m level: [31merror[39m message: unhandledRejection: connect ETIMEDOUT 34.232.94.93:27017
MongoNetworkError: connect ETIMEDOUT 34.232.94.93:27017
    at connectionFailureError (C:\CREDITCLAN\MY_PROJECT\mern_stack\server\node_modules\mongodb\lib\cmap\connect.js:381:20)
    at TLSSocket.<anonymous> (C:\CREDITCLAN\MY_PROJECT\mern_stack\server\node_modules\mongodb\lib\cmap\connect.js:301:22)
    at Object.onceWrapper (events.js:422:26)
    at TLSSocket.emit (events.js:315:20)
    at emitErrorNT (internal/streams/destroy.js:106:8)
    at emitErrorCloseNT (internal/streams/destroy.js:74:3)
    at processTicksAndRejections (internal/process/task_queues.js:80:21) stack: MongoNetworkError: connect ETIMEDOUT 34.232.94.93:27017
    at connectionFailureError (C:\CREDITCLAN\MY_PROJECT\mern_stack\server\node_modules\mongodb\lib\cmap\connect.js:381:20)
    at TLSSocket.<anonymous> (C:\CREDITCLAN\MY_PROJECT\mern_stack\server\node_modules\mongodb\lib\cmap\connect.js:301:22)
    at Object.onceWrapper (events.js:422:26)
    at TLSSocket.emit (events.js:315:20)
    at emitErrorNT (internal/streams/destroy.js:106:8)
    at emitErrorCloseNT (internal/streams/destroy.js:74:3)
    at processTicksAndRejections (internal/process/task_queues.js:80:21) }
{ time: [34m25-04-2022 13:47:03[39m level: [31merror[39m message: unhandledRejection: connect ETIMEDOUT 34.232.94.93:27017
MongoNetworkError: connect ETIMEDOUT 34.232.94.93:27017
    at connectionFailureError (C:\CREDITCLAN\MY_PROJECT\mern_stack\server\node_modules\mongodb\lib\cmap\connect.js:381:20)
    at TLSSocket.<anonymous> (C:\CREDITCLAN\MY_PROJECT\mern_stack\server\node_modules\mongodb\lib\cmap\connect.js:301:22)
    at Object.onceWrapper (events.js:422:26)
    at TLSSocket.emit (events.js:315:20)
    at emitErrorNT (internal/streams/destroy.js:106:8)
    at emitErrorCloseNT (internal/streams/destroy.js:74:3)
    at processTicksAndRejections (internal/process/task_queues.js:80:21) stack: MongoNetworkError: connect ETIMEDOUT 34.232.94.93:27017
    at connectionFailureError (C:\CREDITCLAN\MY_PROJECT\mern_stack\server\node_modules\mongodb\lib\cmap\connect.js:381:20)
    at TLSSocket.<anonymous> (C:\CREDITCLAN\MY_PROJECT\mern_stack\server\node_modules\mongodb\lib\cmap\connect.js:301:22)
    at Object.onceWrapper (events.js:422:26)
    at TLSSocket.emit (events.js:315:20)
    at emitErrorNT (internal/streams/destroy.js:106:8)
    at emitErrorCloseNT (internal/streams/destroy.js:74:3)
    at processTicksAndRejections (internal/process/task_queues.js:80:21) }
{ time: [34m01-05-2022 08:09:21[39m level: [31merror[39m message: unhandledRejection: querySrv ECONNREFUSED _mongodb._tcp.mypost.ybo5b.mongodb.net
Error: querySrv ECONNREFUSED _mongodb._tcp.mypost.ybo5b.mongodb.net
    at QueryReqWrap.onresolve [as oncomplete] (dns.js:203:19) stack: Error: querySrv ECONNREFUSED _mongodb._tcp.mypost.ybo5b.mongodb.net
    at QueryReqWrap.onresolve [as oncomplete] (dns.js:203:19) }
{ time: [34m02-05-2022 18:10:58[39m level: [31merror[39m message: uncaughtException: authentication is not defined
ReferenceError: authentication is not defined
    at Object.<anonymous> (C:\CREDITCLAN\MY_PROJECT\mern_stack\server\routes\product.route.js:6:17)
    at Module._compile (internal/modules/cjs/loader.js:1063:30)
    at Object.Module._extensions..js (internal/modules/cjs/loader.js:1092:10)
    at Module.load (internal/modules/cjs/loader.js:928:32)
    at Function.Module._load (internal/modules/cjs/loader.js:769:14)
    at Module.require (internal/modules/cjs/loader.js:952:19)
    at require (internal/modules/cjs/helpers.js:88:18)
    at Object.<anonymous> (C:\CREDITCLAN\MY_PROJECT\mern_stack\server\util\middleware&route.js:7:22)
    at Module._compile (internal/modules/cjs/loader.js:1063:30)
    at Object.Module._extensions..js (internal/modules/cjs/loader.js:1092:10) stack: ReferenceError: authentication is not defined
    at Object.<anonymous> (C:\CREDITCLAN\MY_PROJECT\mern_stack\server\routes\product.route.js:6:17)
    at Module._compile (internal/modules/cjs/loader.js:1063:30)
    at Object.Module._extensions..js (internal/modules/cjs/loader.js:1092:10)
    at Module.load (internal/modules/cjs/loader.js:928:32)
    at Function.Module._load (internal/modules/cjs/loader.js:769:14)
    at Module.require (internal/modules/cjs/loader.js:952:19)
    at require (internal/modules/cjs/helpers.js:88:18)
    at Object.<anonymous> (C:\CREDITCLAN\MY_PROJECT\mern_stack\server\util\middleware&route.js:7:22)
    at Module._compile (internal/modules/cjs/loader.js:1063:30)
    at Object.Module._extensions..js (internal/modules/cjs/loader.js:1092:10) }
{ time: [34m02-05-2022 18:22:08[39m level: [31merror[39m message: uncaughtException: authentication is not defined
ReferenceError: authentication is not defined
    at Object.<anonymous> (C:\CREDITCLAN\MY_PROJECT\mern_stack\server\routes\product.route.js:6:17)
    at Module._compile (internal/modules/cjs/loader.js:1063:30)
    at Object.Module._extensions..js (internal/modules/cjs/loader.js:1092:10)
    at Module.load (internal/modules/cjs/loader.js:928:32)
    at Function.Module._load (internal/modules/cjs/loader.js:769:14)
    at Module.require (internal/modules/cjs/loader.js:952:19)
    at require (internal/modules/cjs/helpers.js:88:18)
    at Object.<anonymous> (C:\CREDITCLAN\MY_PROJECT\mern_stack\server\util\middleware&route.js:7:22)
    at Module._compile (internal/modules/cjs/loader.js:1063:30)
    at Object.Module._extensions..js (internal/modules/cjs/loader.js:1092:10) stack: ReferenceError: authentication is not defined
    at Object.<anonymous> (C:\CREDITCLAN\MY_PROJECT\mern_stack\server\routes\product.route.js:6:17)
    at Module._compile (internal/modules/cjs/loader.js:1063:30)
    at Object.Module._extensions..js (internal/modules/cjs/loader.js:1092:10)
    at Module.load (internal/modules/cjs/loader.js:928:32)
    at Function.Module._load (internal/modules/cjs/loader.js:769:14)
    at Module.require (internal/modules/cjs/loader.js:952:19)
    at require (internal/modules/cjs/helpers.js:88:18)
    at Object.<anonymous> (C:\CREDITCLAN\MY_PROJECT\mern_stack\server\util\middleware&route.js:7:22)
    at Module._compile (internal/modules/cjs/loader.js:1063:30)
    at Object.Module._extensions..js (internal/modules/cjs/loader.js:1092:10) }
